<?xml version="1.0" encoding="UTF-8"?>
<coverage generated="1632999120878" clover="3.2.0">
  <project timestamp="1632999120878" name="All files">
    <metrics statements="1652" coveredstatements="1183" conditionals="841" coveredconditionals="467" methods="439" coveredmethods="209" elements="2932" coveredelements="1859" complexity="0" loc="1652" ncloc="1652" packages="63" files="127" classes="127"/>
    <package name="components.atoms">
      <metrics statements="0" coveredstatements="0" conditionals="0" coveredconditionals="0" methods="0" coveredmethods="0"/>
      <file name="index.js" path="D:\Projects\lss\lup-web-common-component-lhk\components\atoms\index.js">
        <metrics statements="0" coveredstatements="0" conditionals="0" coveredconditionals="0" methods="0" coveredmethods="0"/>
      </file>
    </package>
    <package name="components.atoms.Badge">
      <metrics statements="7" coveredstatements="7" conditionals="0" coveredconditionals="0" methods="2" coveredmethods="2"/>
      <file name="index.js" path="D:\Projects\lss\lup-web-common-component-lhk\components\atoms\Badge\index.js">
        <metrics statements="4" coveredstatements="4" conditionals="0" coveredconditionals="0" methods="1" coveredmethods="1"/>
        <line num="6" count="29" type="stmt"/>
        <line num="7" count="3" type="stmt"/>
        <line num="18" count="29" type="stmt"/>
        <line num="23" count="29" type="stmt"/>
      </file>
      <file name="styles.js" path="D:\Projects\lss\lup-web-common-component-lhk\components\atoms\Badge\styles.js">
        <metrics statements="3" coveredstatements="3" conditionals="0" coveredconditionals="0" methods="1" coveredmethods="1"/>
        <line num="12" count="29" type="stmt"/>
        <line num="14" count="3" type="stmt"/>
        <line num="28" count="29" type="stmt"/>
      </file>
    </package>
    <package name="components.atoms.Block">
      <metrics statements="1" coveredstatements="1" conditionals="0" coveredconditionals="0" methods="0" coveredmethods="0"/>
      <file name="index.js" path="D:\Projects\lss\lup-web-common-component-lhk\components\atoms\Block\index.js">
        <metrics statements="0" coveredstatements="0" conditionals="0" coveredconditionals="0" methods="0" coveredmethods="0"/>
      </file>
      <file name="styles.js" path="D:\Projects\lss\lup-web-common-component-lhk\components\atoms\Block\styles.js">
        <metrics statements="1" coveredstatements="1" conditionals="0" coveredconditionals="0" methods="0" coveredmethods="0"/>
        <line num="3" count="29" type="stmt"/>
      </file>
    </package>
    <package name="components.atoms.Button">
      <metrics statements="18" coveredstatements="18" conditionals="4" coveredconditionals="3" methods="5" coveredmethods="5"/>
      <file name="index.js" path="D:\Projects\lss\lup-web-common-component-lhk\components\atoms\Button\index.js">
        <metrics statements="4" coveredstatements="4" conditionals="4" coveredconditionals="3" methods="1" coveredmethods="1"/>
        <line num="5" count="29" type="stmt"/>
        <line num="6" count="68" type="cond" truecount="2" falsecount="0"/>
        <line num="11" count="29" type="stmt"/>
        <line num="21" count="29" type="stmt"/>
      </file>
      <file name="styles.js" path="D:\Projects\lss\lup-web-common-component-lhk\components\atoms\Button\styles.js">
        <metrics statements="14" coveredstatements="14" conditionals="0" coveredconditionals="0" methods="4" coveredmethods="4"/>
        <line num="18" count="29" type="stmt"/>
        <line num="40" count="29" type="stmt"/>
        <line num="64" count="29" type="stmt"/>
        <line num="88" count="29" type="stmt"/>
        <line num="111" count="29" type="stmt"/>
        <line num="119" count="29" type="stmt"/>
        <line num="126" count="29" type="stmt"/>
        <line num="133" count="29" type="stmt"/>
        <line num="135" count="68" type="stmt"/>
        <line num="145" count="68" type="stmt"/>
        <line num="146" count="68" type="stmt"/>
        <line num="147" count="68" type="stmt"/>
        <line num="150" count="29" type="stmt"/>
        <line num="160" count="29" type="stmt"/>
      </file>
    </package>
    <package name="components.atoms.ChatAvatar">
      <metrics statements="11" coveredstatements="11" conditionals="2" coveredconditionals="2" methods="2" coveredmethods="2"/>
      <file name="index.js" path="D:\Projects\lss\lup-web-common-component-lhk\components\atoms\ChatAvatar\index.js">
        <metrics statements="8" coveredstatements="8" conditionals="2" coveredconditionals="2" methods="1" coveredmethods="1"/>
        <line num="6" count="29" type="stmt"/>
        <line num="11" count="29" type="stmt"/>
        <line num="13" count="3" type="stmt"/>
        <line num="18" count="3" type="cond" truecount="2" falsecount="0"/>
        <line num="19" count="1" type="stmt"/>
        <line num="31" count="2" type="stmt"/>
        <line num="34" count="29" type="stmt"/>
        <line num="40" count="29" type="stmt"/>
      </file>
      <file name="styles.js" path="D:\Projects\lss\lup-web-common-component-lhk\components\atoms\ChatAvatar\styles.js">
        <metrics statements="3" coveredstatements="3" conditionals="0" coveredconditionals="0" methods="1" coveredmethods="1"/>
        <line num="8" count="29" type="stmt"/>
        <line num="11" count="3" type="stmt"/>
        <line num="17" count="29" type="stmt"/>
      </file>
    </package>
    <package name="components.atoms.ChatReactMentions">
      <metrics statements="8" coveredstatements="6" conditionals="2" coveredconditionals="0" methods="5" coveredmethods="2"/>
      <file name="index.js" path="D:\Projects\lss\lup-web-common-component-lhk\components\atoms\ChatReactMentions\index.js">
        <metrics statements="7" coveredstatements="5" conditionals="2" coveredconditionals="0" methods="5" coveredmethods="2"/>
        <line num="9" count="28" type="stmt"/>
        <line num="10" count="7" type="stmt"/>
        <line num="22" count="14" type="stmt"/>
        <line num="28" count="0" type="stmt"/>
        <line num="33" count="0" type="stmt"/>
        <line num="43" count="28" type="stmt"/>
        <line num="53" count="28" type="stmt"/>
      </file>
      <file name="styles.js" path="D:\Projects\lss\lup-web-common-component-lhk\components\atoms\ChatReactMentions\styles.js">
        <metrics statements="1" coveredstatements="1" conditionals="0" coveredconditionals="0" methods="0" coveredmethods="0"/>
        <line num="4" count="28" type="stmt"/>
      </file>
    </package>
    <package name="components.atoms.Checkbox">
      <metrics statements="8" coveredstatements="8" conditionals="4" coveredconditionals="4" methods="2" coveredmethods="1"/>
      <file name="index.js" path="D:\Projects\lss\lup-web-common-component-lhk\components\atoms\Checkbox\index.js">
        <metrics statements="4" coveredstatements="4" conditionals="4" coveredconditionals="4" methods="2" coveredmethods="1"/>
        <line num="5" count="29" type="stmt"/>
        <line num="6" count="125" type="stmt"/>
        <line num="12" count="29" type="stmt"/>
        <line num="19" count="29" type="stmt"/>
      </file>
      <file name="styles.js" path="D:\Projects\lss\lup-web-common-component-lhk\components\atoms\Checkbox\styles.js">
        <metrics statements="4" coveredstatements="4" conditionals="0" coveredconditionals="0" methods="0" coveredmethods="0"/>
        <line num="10" count="29" type="stmt"/>
        <line num="17" count="29" type="stmt"/>
        <line num="24" count="29" type="stmt"/>
        <line num="166" count="29" type="stmt"/>
      </file>
    </package>
    <package name="components.atoms.Cross1">
      <metrics statements="7" coveredstatements="7" conditionals="0" coveredconditionals="0" methods="4" coveredmethods="3"/>
      <file name="index.js" path="D:\Projects\lss\lup-web-common-component-lhk\components\atoms\Cross1\index.js">
        <metrics statements="4" coveredstatements="4" conditionals="0" coveredconditionals="0" methods="2" coveredmethods="1"/>
        <line num="7" count="29" type="stmt"/>
        <line num="8" count="53" type="stmt"/>
        <line num="11" count="29" type="stmt"/>
        <line num="16" count="29" type="stmt"/>
      </file>
      <file name="styles.js" path="D:\Projects\lss\lup-web-common-component-lhk\components\atoms\Cross1\styles.js">
        <metrics statements="3" coveredstatements="3" conditionals="0" coveredconditionals="0" methods="2" coveredmethods="2"/>
        <line num="3" count="29" type="stmt"/>
        <line num="4" count="53" type="stmt"/>
        <line num="5" count="53" type="stmt"/>
      </file>
    </package>
    <package name="components.atoms.Cross2">
      <metrics statements="7" coveredstatements="7" conditionals="0" coveredconditionals="0" methods="4" coveredmethods="3"/>
      <file name="index.js" path="D:\Projects\lss\lup-web-common-component-lhk\components\atoms\Cross2\index.js">
        <metrics statements="4" coveredstatements="4" conditionals="0" coveredconditionals="0" methods="2" coveredmethods="1"/>
        <line num="7" count="29" type="stmt"/>
        <line num="8" count="7" type="stmt"/>
        <line num="11" count="29" type="stmt"/>
        <line num="16" count="29" type="stmt"/>
      </file>
      <file name="styles.js" path="D:\Projects\lss\lup-web-common-component-lhk\components\atoms\Cross2\styles.js">
        <metrics statements="3" coveredstatements="3" conditionals="0" coveredconditionals="0" methods="2" coveredmethods="2"/>
        <line num="3" count="29" type="stmt"/>
        <line num="4" count="7" type="stmt"/>
        <line num="5" count="7" type="stmt"/>
      </file>
    </package>
    <package name="components.atoms.Cross3">
      <metrics statements="7" coveredstatements="7" conditionals="0" coveredconditionals="0" methods="4" coveredmethods="3"/>
      <file name="index.js" path="D:\Projects\lss\lup-web-common-component-lhk\components\atoms\Cross3\index.js">
        <metrics statements="4" coveredstatements="4" conditionals="0" coveredconditionals="0" methods="2" coveredmethods="1"/>
        <line num="7" count="29" type="stmt"/>
        <line num="8" count="2" type="stmt"/>
        <line num="11" count="29" type="stmt"/>
        <line num="16" count="29" type="stmt"/>
      </file>
      <file name="styles.js" path="D:\Projects\lss\lup-web-common-component-lhk\components\atoms\Cross3\styles.js">
        <metrics statements="3" coveredstatements="3" conditionals="0" coveredconditionals="0" methods="2" coveredmethods="2"/>
        <line num="3" count="29" type="stmt"/>
        <line num="4" count="2" type="stmt"/>
        <line num="5" count="2" type="stmt"/>
      </file>
    </package>
    <package name="components.atoms.CustomDropDown">
      <metrics statements="3" coveredstatements="3" conditionals="2" coveredconditionals="2" methods="1" coveredmethods="1"/>
      <file name="index.js" path="D:\Projects\lss\lup-web-common-component-lhk\components\atoms\CustomDropDown\index.js">
        <metrics statements="3" coveredstatements="3" conditionals="2" coveredconditionals="2" methods="1" coveredmethods="1"/>
        <line num="5" count="29" type="stmt"/>
        <line num="6" count="11" type="cond" truecount="2" falsecount="0"/>
        <line num="14" count="29" type="stmt"/>
      </file>
    </package>
    <package name="components.atoms.FlexBlock">
      <metrics statements="7" coveredstatements="7" conditionals="0" coveredconditionals="0" methods="4" coveredmethods="4"/>
      <file name="index.js" path="D:\Projects\lss\lup-web-common-component-lhk\components\atoms\FlexBlock\index.js">
        <metrics statements="2" coveredstatements="2" conditionals="0" coveredconditionals="0" methods="0" coveredmethods="0"/>
        <line num="5" count="29" type="stmt"/>
        <line num="11" count="29" type="stmt"/>
      </file>
      <file name="styles.js" path="D:\Projects\lss\lup-web-common-component-lhk\components\atoms\FlexBlock\styles.js">
        <metrics statements="5" coveredstatements="5" conditionals="0" coveredconditionals="0" methods="4" coveredmethods="4"/>
        <line num="3" count="29" type="stmt"/>
        <line num="7" count="17" type="stmt"/>
        <line num="8" count="17" type="stmt"/>
        <line num="9" count="17" type="stmt"/>
        <line num="10" count="17" type="stmt"/>
      </file>
    </package>
    <package name="components.atoms.FormSpace">
      <metrics statements="1" coveredstatements="1" conditionals="0" coveredconditionals="0" methods="0" coveredmethods="0"/>
      <file name="index.js" path="D:\Projects\lss\lup-web-common-component-lhk\components\atoms\FormSpace\index.js">
        <metrics statements="0" coveredstatements="0" conditionals="0" coveredconditionals="0" methods="0" coveredmethods="0"/>
      </file>
      <file name="styles.js" path="D:\Projects\lss\lup-web-common-component-lhk\components\atoms\FormSpace\styles.js">
        <metrics statements="1" coveredstatements="1" conditionals="0" coveredconditionals="0" methods="0" coveredmethods="0"/>
        <line num="6" count="28" type="stmt"/>
      </file>
    </package>
    <package name="components.atoms.Highlighter">
      <metrics statements="2" coveredstatements="2" conditionals="2" coveredconditionals="2" methods="1" coveredmethods="1"/>
      <file name="index.js" path="D:\Projects\lss\lup-web-common-component-lhk\components\atoms\Highlighter\index.js">
        <metrics statements="0" coveredstatements="0" conditionals="0" coveredconditionals="0" methods="0" coveredmethods="0"/>
      </file>
      <file name="styles.js" path="D:\Projects\lss\lup-web-common-component-lhk\components\atoms\Highlighter\styles.js">
        <metrics statements="2" coveredstatements="2" conditionals="2" coveredconditionals="2" methods="1" coveredmethods="1"/>
        <line num="4" count="29" type="stmt"/>
        <line num="6" count="2" type="cond" truecount="2" falsecount="0"/>
      </file>
    </package>
    <package name="components.atoms.IconButton">
      <metrics statements="5" coveredstatements="5" conditionals="2" coveredconditionals="2" methods="2" coveredmethods="1"/>
      <file name="index.js" path="D:\Projects\lss\lup-web-common-component-lhk\components\atoms\IconButton\index.js">
        <metrics statements="4" coveredstatements="4" conditionals="2" coveredconditionals="2" methods="2" coveredmethods="1"/>
        <line num="5" count="30" type="stmt"/>
        <line num="14" count="78" type="stmt"/>
        <line num="24" count="30" type="stmt"/>
        <line num="34" count="30" type="stmt"/>
      </file>
      <file name="styles.js" path="D:\Projects\lss\lup-web-common-component-lhk\components\atoms\IconButton\styles.js">
        <metrics statements="1" coveredstatements="1" conditionals="0" coveredconditionals="0" methods="0" coveredmethods="0"/>
        <line num="3" count="30" type="stmt"/>
      </file>
    </package>
    <package name="components.atoms.Image">
      <metrics statements="14" coveredstatements="13" conditionals="4" coveredconditionals="4" methods="5" coveredmethods="4"/>
      <file name="index.js" path="D:\Projects\lss\lup-web-common-component-lhk\components\atoms\Image\index.js">
        <metrics statements="9" coveredstatements="8" conditionals="4" coveredconditionals="4" methods="2" coveredmethods="1"/>
        <line num="7" count="29" type="stmt"/>
        <line num="9" count="67" type="stmt"/>
        <line num="11" count="67" type="stmt"/>
        <line num="12" count="0" type="stmt"/>
        <line num="15" count="67" type="cond" truecount="4" falsecount="0"/>
        <line num="16" count="60" type="stmt"/>
        <line num="19" count="7" type="stmt"/>
        <line num="22" count="29" type="stmt"/>
        <line num="28" count="29" type="stmt"/>
      </file>
      <file name="styles.js" path="D:\Projects\lss\lup-web-common-component-lhk\components\atoms\Image\styles.js">
        <metrics statements="5" coveredstatements="5" conditionals="0" coveredconditionals="0" methods="3" coveredmethods="3"/>
        <line num="3" count="29" type="stmt"/>
        <line num="4" count="7" type="stmt"/>
        <line num="5" count="7" type="stmt"/>
        <line num="13" count="29" type="stmt"/>
        <line num="16" count="60" type="stmt"/>
      </file>
    </package>
    <package name="components.atoms.Input">
      <metrics statements="1" coveredstatements="1" conditionals="0" coveredconditionals="0" methods="0" coveredmethods="0"/>
      <file name="index.js" path="D:\Projects\lss\lup-web-common-component-lhk\components\atoms\Input\index.js">
        <metrics statements="0" coveredstatements="0" conditionals="0" coveredconditionals="0" methods="0" coveredmethods="0"/>
      </file>
      <file name="styles.js" path="D:\Projects\lss\lup-web-common-component-lhk\components\atoms\Input\styles.js">
        <metrics statements="1" coveredstatements="1" conditionals="0" coveredconditionals="0" methods="0" coveredmethods="0"/>
        <line num="24" count="29" type="stmt"/>
      </file>
    </package>
    <package name="components.atoms.Label">
      <metrics statements="3" coveredstatements="3" conditionals="4" coveredconditionals="3" methods="2" coveredmethods="2"/>
      <file name="index.js" path="D:\Projects\lss\lup-web-common-component-lhk\components\atoms\Label\index.js">
        <metrics statements="0" coveredstatements="0" conditionals="0" coveredconditionals="0" methods="0" coveredmethods="0"/>
      </file>
      <file name="styles.js" path="D:\Projects\lss\lup-web-common-component-lhk\components\atoms\Label\styles.js">
        <metrics statements="3" coveredstatements="3" conditionals="4" coveredconditionals="3" methods="2" coveredmethods="2"/>
        <line num="12" count="29" type="stmt"/>
        <line num="23" count="23" type="cond" truecount="2" falsecount="0"/>
        <line num="24" count="23" type="cond" truecount="1" falsecount="1"/>
      </file>
    </package>
    <package name="components.atoms.Modal">
      <metrics statements="1" coveredstatements="1" conditionals="0" coveredconditionals="0" methods="0" coveredmethods="0"/>
      <file name="index.js" path="D:\Projects\lss\lup-web-common-component-lhk\components\atoms\Modal\index.js">
        <metrics statements="0" coveredstatements="0" conditionals="0" coveredconditionals="0" methods="0" coveredmethods="0"/>
      </file>
      <file name="styles.js" path="D:\Projects\lss\lup-web-common-component-lhk\components\atoms\Modal\styles.js">
        <metrics statements="1" coveredstatements="1" conditionals="0" coveredconditionals="0" methods="0" coveredmethods="0"/>
        <line num="5" count="29" type="stmt"/>
      </file>
    </package>
    <package name="components.atoms.Radio">
      <metrics statements="4" coveredstatements="4" conditionals="0" coveredconditionals="0" methods="1" coveredmethods="1"/>
      <file name="index.js" path="D:\Projects\lss\lup-web-common-component-lhk\components\atoms\Radio\index.js">
        <metrics statements="3" coveredstatements="3" conditionals="0" coveredconditionals="0" methods="1" coveredmethods="1"/>
        <line num="5" count="29" type="stmt"/>
        <line num="7" count="29" type="stmt"/>
        <line num="12" count="29" type="stmt"/>
      </file>
      <file name="styles.js" path="D:\Projects\lss\lup-web-common-component-lhk\components\atoms\Radio\styles.js">
        <metrics statements="1" coveredstatements="1" conditionals="0" coveredconditionals="0" methods="0" coveredmethods="0"/>
        <line num="6" count="29" type="stmt"/>
      </file>
    </package>
    <package name="components.atoms.SearchInput">
      <metrics statements="13" coveredstatements="12" conditionals="8" coveredconditionals="8" methods="7" coveredmethods="5"/>
      <file name="index.js" path="D:\Projects\lss\lup-web-common-component-lhk\components\atoms\SearchInput\index.js">
        <metrics statements="8" coveredstatements="7" conditionals="2" coveredconditionals="2" methods="4" coveredmethods="2"/>
        <line num="9" count="28" type="stmt"/>
        <line num="10" count="3" type="stmt"/>
        <line num="12" count="3" type="stmt"/>
        <line num="13" count="3" type="stmt"/>
        <line num="15" count="3" type="stmt"/>
        <line num="21" count="0" type="stmt"/>
        <line num="30" count="28" type="stmt"/>
        <line num="38" count="28" type="stmt"/>
      </file>
      <file name="styles.js" path="D:\Projects\lss\lup-web-common-component-lhk\components\atoms\SearchInput\styles.js">
        <metrics statements="5" coveredstatements="5" conditionals="6" coveredconditionals="6" methods="3" coveredmethods="3"/>
        <line num="25" count="28" type="stmt"/>
        <line num="27" count="28" type="stmt"/>
        <line num="76" count="3" type="cond" truecount="2" falsecount="0"/>
        <line num="77" count="3" type="cond" truecount="2" falsecount="0"/>
        <line num="100" count="3" type="cond" truecount="2" falsecount="0"/>
      </file>
    </package>
    <package name="components.atoms.Select">
      <metrics statements="14" coveredstatements="13" conditionals="6" coveredconditionals="4" methods="5" coveredmethods="4"/>
      <file name="index.js" path="D:\Projects\lss\lup-web-common-component-lhk\components\atoms\Select\index.js">
        <metrics statements="9" coveredstatements="8" conditionals="6" coveredconditionals="4" methods="5" coveredmethods="4"/>
        <line num="7" count="29" type="stmt"/>
        <line num="8" count="3" type="stmt"/>
        <line num="9" count="3" type="cond" truecount="2" falsecount="2"/>
        <line num="21" count="29" type="stmt"/>
        <line num="26" count="3" type="stmt"/>
        <line num="29" count="0" type="stmt"/>
        <line num="34" count="6" type="stmt"/>
        <line num="45" count="29" type="stmt"/>
        <line num="50" count="29" type="stmt"/>
      </file>
      <file name="styles.js" path="D:\Projects\lss\lup-web-common-component-lhk\components\atoms\Select\styles.js">
        <metrics statements="5" coveredstatements="5" conditionals="0" coveredconditionals="0" methods="0" coveredmethods="0"/>
        <line num="30" count="29" type="stmt"/>
        <line num="103" count="29" type="stmt"/>
        <line num="107" count="29" type="stmt"/>
        <line num="123" count="29" type="stmt"/>
        <line num="145" count="29" type="stmt"/>
      </file>
    </package>
    <package name="components.atoms.Spinner">
      <metrics statements="3" coveredstatements="3" conditionals="0" coveredconditionals="0" methods="1" coveredmethods="1"/>
      <file name="index.js" path="D:\Projects\lss\lup-web-common-component-lhk\components\atoms\Spinner\index.js">
        <metrics statements="3" coveredstatements="3" conditionals="0" coveredconditionals="0" methods="1" coveredmethods="1"/>
        <line num="5" count="29" type="stmt"/>
        <line num="7" count="29" type="stmt"/>
        <line num="13" count="29" type="stmt"/>
      </file>
    </package>
    <package name="components.atoms.StyledMessage">
      <metrics statements="28" coveredstatements="26" conditionals="8" coveredconditionals="5" methods="7" coveredmethods="7"/>
      <file name="index.js" path="D:\Projects\lss\lup-web-common-component-lhk\components\atoms\StyledMessage\index.js">
        <metrics statements="26" coveredstatements="24" conditionals="8" coveredconditionals="5" methods="6" coveredmethods="6"/>
        <line num="16" count="28" type="stmt"/>
        <line num="22" count="28" type="stmt"/>
        <line num="23" count="28" type="stmt"/>
        <line num="25" count="13" type="stmt"/>
        <line num="26" count="13" type="stmt"/>
        <line num="27" count="13" type="stmt"/>
        <line num="28" count="13" type="stmt"/>
        <line num="30" count="13" type="stmt"/>
        <line num="31" count="37" type="stmt"/>
        <line num="32" count="19" type="cond" truecount="2" falsecount="0"/>
        <line num="33" count="11" type="stmt"/>
        <line num="34" count="11" type="stmt"/>
        <line num="38" count="13" type="stmt"/>
        <line num="39" count="67" type="stmt"/>
        <line num="40" count="67" type="stmt"/>
        <line num="41" count="67" type="cond" truecount="2" falsecount="2"/>
        <line num="43" count="0" type="stmt"/>
        <line num="45" count="2" type="stmt"/>
        <line num="49" count="0" type="stmt"/>
        <line num="53" count="65" type="stmt"/>
        <line num="57" count="13" type="cond" truecount="1" falsecount="1"/>
        <line num="58" count="13" type="stmt"/>
        <line num="59" count="13" type="stmt"/>
        <line num="65" count="13" type="stmt"/>
        <line num="72" count="28" type="stmt"/>
        <line num="77" count="28" type="stmt"/>
      </file>
      <file name="styles.js" path="D:\Projects\lss\lup-web-common-component-lhk\components\atoms\StyledMessage\styles.js">
        <metrics statements="2" coveredstatements="2" conditionals="0" coveredconditionals="0" methods="1" coveredmethods="1"/>
        <line num="3" count="28" type="stmt"/>
        <line num="4" count="2" type="stmt"/>
      </file>
    </package>
    <package name="components.atoms.Text">
      <metrics statements="7" coveredstatements="7" conditionals="10" coveredconditionals="9" methods="6" coveredmethods="6"/>
      <file name="index.js" path="D:\Projects\lss\lup-web-common-component-lhk\components\atoms\Text\index.js">
        <metrics statements="0" coveredstatements="0" conditionals="0" coveredconditionals="0" methods="0" coveredmethods="0"/>
      </file>
      <file name="styles.js" path="D:\Projects\lss\lup-web-common-component-lhk\components\atoms\Text\styles.js">
        <metrics statements="7" coveredstatements="7" conditionals="10" coveredconditionals="9" methods="6" coveredmethods="6"/>
        <line num="5" count="30" type="stmt"/>
        <line num="7" count="493" type="cond" truecount="1" falsecount="1"/>
        <line num="8" count="493" type="cond" truecount="2" falsecount="0"/>
        <line num="9" count="493" type="cond" truecount="2" falsecount="0"/>
        <line num="10" count="493" type="cond" truecount="2" falsecount="0"/>
        <line num="11" count="493" type="stmt"/>
        <line num="16" count="493" type="cond" truecount="2" falsecount="0"/>
      </file>
    </package>
    <package name="components.atoms.TextArea">
      <metrics statements="4" coveredstatements="4" conditionals="0" coveredconditionals="0" methods="0" coveredmethods="0"/>
      <file name="index.js" path="D:\Projects\lss\lup-web-common-component-lhk\components\atoms\TextArea\index.js">
        <metrics statements="2" coveredstatements="2" conditionals="0" coveredconditionals="0" methods="0" coveredmethods="0"/>
        <line num="4" count="29" type="stmt"/>
        <line num="8" count="29" type="stmt"/>
      </file>
      <file name="styles.js" path="D:\Projects\lss\lup-web-common-component-lhk\components\atoms\TextArea\styles.js">
        <metrics statements="2" coveredstatements="2" conditionals="0" coveredconditionals="0" methods="0" coveredmethods="0"/>
        <line num="13" count="29" type="stmt"/>
        <line num="15" count="29" type="stmt"/>
      </file>
    </package>
    <package name="components.atoms.TimeAgo">
      <metrics statements="25" coveredstatements="20" conditionals="16" coveredconditionals="9" methods="1" coveredmethods="1"/>
      <file name="index.js" path="D:\Projects\lss\lup-web-common-component-lhk\components\atoms\TimeAgo\index.js">
        <metrics statements="25" coveredstatements="20" conditionals="16" coveredconditionals="9" methods="1" coveredmethods="1"/>
        <line num="4" count="1" type="stmt"/>
        <line num="6" count="1" type="cond" truecount="1" falsecount="1"/>
        <line num="7" count="1" type="stmt"/>
        <line num="10" count="1" type="stmt"/>
        <line num="13" count="1" type="stmt"/>
        <line num="15" count="1" type="cond" truecount="1" falsecount="1"/>
        <line num="16" count="0" type="stmt"/>
        <line num="18" count="1" type="stmt"/>
        <line num="19" count="1" type="cond" truecount="1" falsecount="1"/>
        <line num="20" count="0" type="stmt"/>
        <line num="22" count="1" type="stmt"/>
        <line num="23" count="1" type="cond" truecount="1" falsecount="1"/>
        <line num="24" count="0" type="stmt"/>
        <line num="26" count="1" type="stmt"/>
        <line num="27" count="1" type="cond" truecount="1" falsecount="1"/>
        <line num="28" count="0" type="stmt"/>
        <line num="30" count="1" type="stmt"/>
        <line num="31" count="1" type="cond" truecount="1" falsecount="1"/>
        <line num="32" count="0" type="stmt"/>
        <line num="34" count="1" type="stmt"/>
        <line num="35" count="1" type="stmt"/>
        <line num="42" count="1" type="cond" truecount="3" falsecount="1"/>
        <line num="43" count="1" type="stmt"/>
        <line num="45" count="1" type="stmt"/>
        <line num="48" count="1" type="stmt"/>
      </file>
    </package>
    <package name="components.molecules">
      <metrics statements="0" coveredstatements="0" conditionals="0" coveredconditionals="0" methods="0" coveredmethods="0"/>
      <file name="index.js" path="D:\Projects\lss\lup-web-common-component-lhk\components\molecules\index.js">
        <metrics statements="0" coveredstatements="0" conditionals="0" coveredconditionals="0" methods="0" coveredmethods="0"/>
      </file>
    </package>
    <package name="components.molecules.AlertPopUp">
      <metrics statements="9" coveredstatements="9" conditionals="6" coveredconditionals="6" methods="3" coveredmethods="2"/>
      <file name="index.js" path="D:\Projects\lss\lup-web-common-component-lhk\components\molecules\AlertPopUp\index.js">
        <metrics statements="4" coveredstatements="4" conditionals="6" coveredconditionals="6" methods="2" coveredmethods="1"/>
        <line num="16" count="10" type="stmt"/>
        <line num="17" count="6" type="stmt"/>
        <line num="45" count="10" type="stmt"/>
        <line num="51" count="10" type="stmt"/>
      </file>
      <file name="styles.js" path="D:\Projects\lss\lup-web-common-component-lhk\components\molecules\AlertPopUp\styles.js">
        <metrics statements="5" coveredstatements="5" conditionals="0" coveredconditionals="0" methods="1" coveredmethods="1"/>
        <line num="15" count="10" type="stmt"/>
        <line num="33" count="6" type="stmt"/>
        <line num="59" count="10" type="stmt"/>
        <line num="63" count="10" type="stmt"/>
        <line num="67" count="10" type="stmt"/>
      </file>
    </package>
    <package name="components.molecules.AttachmentCard">
      <metrics statements="28" coveredstatements="27" conditionals="52" coveredconditionals="45" methods="13" coveredmethods="10"/>
      <file name="index.js" path="D:\Projects\lss\lup-web-common-component-lhk\components\molecules\AttachmentCard\index.js">
        <metrics statements="14" coveredstatements="13" conditionals="33" coveredconditionals="28" methods="4" coveredmethods="1"/>
        <line num="11" count="10" type="stmt"/>
        <line num="12" count="10" type="stmt"/>
        <line num="14" count="15" type="stmt"/>
        <line num="15" count="15" type="cond" truecount="3" falsecount="0"/>
        <line num="16" count="15" type="cond" truecount="2" falsecount="0"/>
        <line num="17" count="15" type="stmt"/>
        <line num="18" count="15" type="stmt"/>
        <line num="19" count="15" type="cond" truecount="2" falsecount="0"/>
        <line num="20" count="15" type="stmt"/>
        <line num="21" count="15" type="stmt"/>
        <line num="23" count="15" type="stmt"/>
        <line num="53" count="0" type="cond" truecount="0" falsecount="4"/>
        <line num="79" count="10" type="stmt"/>
        <line num="89" count="10" type="stmt"/>
      </file>
      <file name="styles.js" path="D:\Projects\lss\lup-web-common-component-lhk\components\molecules\AttachmentCard\styles.js">
        <metrics statements="14" coveredstatements="14" conditionals="19" coveredconditionals="17" methods="9" coveredmethods="9"/>
        <line num="9" count="10" type="stmt"/>
        <line num="15" count="15" type="cond" truecount="2" falsecount="0"/>
        <line num="16" count="15" type="cond" truecount="2" falsecount="0"/>
        <line num="17" count="15" type="cond" truecount="2" falsecount="0"/>
        <line num="18" count="15" type="cond" truecount="2" falsecount="0"/>
        <line num="24" count="10" type="stmt"/>
        <line num="35" count="10" type="stmt"/>
        <line num="36" count="3" type="cond" truecount="1" falsecount="1"/>
        <line num="37" count="3" type="cond" truecount="2" falsecount="0"/>
        <line num="38" count="3" type="cond" truecount="3" falsecount="0"/>
        <line num="41" count="3" type="cond" truecount="2" falsecount="0"/>
        <line num="48" count="10" type="stmt"/>
        <line num="49" count="12" type="cond" truecount="1" falsecount="1"/>
        <line num="61" count="10" type="stmt"/>
      </file>
    </package>
    <package name="components.molecules.ChatAttachments">
      <metrics statements="9" coveredstatements="6" conditionals="4" coveredconditionals="2" methods="6" coveredmethods="2"/>
      <file name="index.js" path="D:\Projects\lss\lup-web-common-component-lhk\components\molecules\ChatAttachments\index.js">
        <metrics statements="8" coveredstatements="5" conditionals="4" coveredconditionals="2" methods="6" coveredmethods="2"/>
        <line num="6" count="9" type="stmt"/>
        <line num="16" count="8" type="stmt"/>
        <line num="20" count="12" type="stmt"/>
        <line num="25" count="0" type="cond" truecount="0" falsecount="2"/>
        <line num="26" count="0" type="stmt"/>
        <line num="28" count="0" type="stmt"/>
        <line num="39" count="9" type="stmt"/>
        <line num="50" count="9" type="stmt"/>
      </file>
      <file name="styles.js" path="D:\Projects\lss\lup-web-common-component-lhk\components\molecules\ChatAttachments\styles.js">
        <metrics statements="1" coveredstatements="1" conditionals="0" coveredconditionals="0" methods="0" coveredmethods="0"/>
        <line num="5" count="9" type="stmt"/>
      </file>
    </package>
    <package name="components.molecules.ChatAvatar">
      <metrics statements="11" coveredstatements="11" conditionals="2" coveredconditionals="2" methods="2" coveredmethods="2"/>
      <file name="index.js" path="D:\Projects\lss\lup-web-common-component-lhk\components\molecules\ChatAvatar\index.js">
        <metrics statements="8" coveredstatements="8" conditionals="2" coveredconditionals="2" methods="1" coveredmethods="1"/>
        <line num="6" count="10" type="stmt"/>
        <line num="11" count="10" type="stmt"/>
        <line num="13" count="16" type="stmt"/>
        <line num="18" count="16" type="cond" truecount="2" falsecount="0"/>
        <line num="19" count="6" type="stmt"/>
        <line num="29" count="10" type="stmt"/>
        <line num="32" count="10" type="stmt"/>
        <line num="38" count="10" type="stmt"/>
      </file>
      <file name="styles.js" path="D:\Projects\lss\lup-web-common-component-lhk\components\molecules\ChatAvatar\styles.js">
        <metrics statements="3" coveredstatements="3" conditionals="0" coveredconditionals="0" methods="1" coveredmethods="1"/>
        <line num="8" count="10" type="stmt"/>
        <line num="11" count="16" type="stmt"/>
        <line num="23" count="10" type="stmt"/>
      </file>
    </package>
    <package name="components.molecules.ChatEditBox">
      <metrics statements="17" coveredstatements="12" conditionals="6" coveredconditionals="4" methods="7" coveredmethods="2"/>
      <file name="index.js" path="D:\Projects\lss\lup-web-common-component-lhk\components\molecules\ChatEditBox\index.js">
        <metrics statements="15" coveredstatements="10" conditionals="6" coveredconditionals="4" methods="7" coveredmethods="2"/>
        <line num="14" count="9" type="stmt"/>
        <line num="28" count="1" type="stmt"/>
        <line num="30" count="1" type="stmt"/>
        <line num="32" count="1" type="stmt"/>
        <line num="33" count="0" type="stmt"/>
        <line num="35" count="1" type="stmt"/>
        <line num="36" count="1" type="cond" truecount="3" falsecount="1"/>
        <line num="37" count="0" type="stmt"/>
        <line num="39" count="1" type="stmt"/>
        <line num="43" count="1" type="stmt"/>
        <line num="67" count="0" type="stmt"/>
        <line num="69" count="0" type="stmt"/>
        <line num="70" count="0" type="stmt"/>
        <line num="78" count="9" type="stmt"/>
        <line num="97" count="9" type="stmt"/>
      </file>
      <file name="styles.js" path="D:\Projects\lss\lup-web-common-component-lhk\components\molecules\ChatEditBox\styles.js">
        <metrics statements="2" coveredstatements="2" conditionals="0" coveredconditionals="0" methods="0" coveredmethods="0"/>
        <line num="11" count="9" type="stmt"/>
        <line num="15" count="9" type="stmt"/>
      </file>
    </package>
    <package name="components.molecules.ChatHeader">
      <metrics statements="8" coveredstatements="8" conditionals="4" coveredconditionals="3" methods="2" coveredmethods="1"/>
      <file name="index.js" path="D:\Projects\lss\lup-web-common-component-lhk\components\molecules\ChatHeader\index.js">
        <metrics statements="4" coveredstatements="4" conditionals="4" coveredconditionals="3" methods="2" coveredmethods="1"/>
        <line num="14" count="10" type="stmt"/>
        <line num="21" count="1" type="stmt"/>
        <line num="52" count="10" type="stmt"/>
        <line num="60" count="10" type="stmt"/>
      </file>
      <file name="styles.js" path="D:\Projects\lss\lup-web-common-component-lhk\components\molecules\ChatHeader\styles.js">
        <metrics statements="4" coveredstatements="4" conditionals="0" coveredconditionals="0" methods="0" coveredmethods="0"/>
        <line num="22" count="10" type="stmt"/>
        <line num="60" count="10" type="stmt"/>
        <line num="68" count="10" type="stmt"/>
        <line num="76" count="10" type="stmt"/>
      </file>
    </package>
    <package name="components.molecules.ChatHeaderTabs">
      <metrics statements="32" coveredstatements="30" conditionals="22" coveredconditionals="20" methods="10" coveredmethods="9"/>
      <file name="index.js" path="D:\Projects\lss\lup-web-common-component-lhk\components\molecules\ChatHeaderTabs\index.js">
        <metrics statements="27" coveredstatements="25" conditionals="22" coveredconditionals="20" methods="8" coveredmethods="7"/>
        <line num="8" count="10" type="stmt"/>
        <line num="9" count="5" type="cond" truecount="4" falsecount="0"/>
        <line num="10" count="3" type="stmt"/>
        <line num="12" count="2" type="cond" truecount="3" falsecount="1"/>
        <line num="13" count="0" type="stmt"/>
        <line num="15" count="2" type="stmt"/>
        <line num="18" count="10" type="stmt"/>
        <line num="19" count="5" type="cond" truecount="4" falsecount="0"/>
        <line num="20" count="3" type="stmt"/>
        <line num="22" count="2" type="cond" truecount="3" falsecount="1"/>
        <line num="23" count="0" type="stmt"/>
        <line num="25" count="2" type="stmt"/>
        <line num="28" count="10" type="stmt"/>
        <line num="29" count="5" type="cond" truecount="2" falsecount="0"/>
        <line num="30" count="3" type="stmt"/>
        <line num="32" count="2" type="stmt"/>
        <line num="35" count="10" type="stmt"/>
        <line num="36" count="5" type="stmt"/>
        <line num="42" count="10" type="stmt"/>
        <line num="43" count="3" type="stmt"/>
        <line num="44" count="5" type="stmt"/>
        <line num="45" count="5" type="stmt"/>
        <line num="62" count="10" type="stmt"/>
        <line num="63" count="3" type="stmt"/>
        <line num="64" count="3" type="stmt"/>
        <line num="73" count="10" type="stmt"/>
        <line num="83" count="10" type="stmt"/>
      </file>
      <file name="style.js" path="D:\Projects\lss\lup-web-common-component-lhk\components\molecules\ChatHeaderTabs\style.js">
        <metrics statements="5" coveredstatements="5" conditionals="0" coveredconditionals="0" methods="2" coveredmethods="2"/>
        <line num="5" count="10" type="stmt"/>
        <line num="16" count="3" type="stmt"/>
        <line num="59" count="10" type="stmt"/>
        <line num="61" count="5" type="stmt"/>
        <line num="70" count="10" type="stmt"/>
      </file>
    </package>
    <package name="components.molecules.ChatInputArea">
      <metrics statements="19" coveredstatements="9" conditionals="15" coveredconditionals="8" methods="8" coveredmethods="2"/>
      <file name="index.js" path="D:\Projects\lss\lup-web-common-component-lhk\components\molecules\ChatInputArea\index.js">
        <metrics statements="15" coveredstatements="5" conditionals="13" coveredconditionals="6" methods="7" coveredmethods="1"/>
        <line num="10" count="10" type="stmt"/>
        <line num="22" count="5" type="stmt"/>
        <line num="23" count="5" type="stmt"/>
        <line num="39" count="0" type="stmt"/>
        <line num="40" count="0" type="stmt"/>
        <line num="54" count="0" type="stmt"/>
        <line num="55" count="0" type="stmt"/>
        <line num="56" count="0" type="cond" truecount="0" falsecount="5"/>
        <line num="57" count="0" type="stmt"/>
        <line num="58" count="0" type="stmt"/>
        <line num="59" count="0" type="cond" truecount="0" falsecount="2"/>
        <line num="60" count="0" type="stmt"/>
        <line num="62" count="0" type="stmt"/>
        <line num="76" count="10" type="stmt"/>
        <line num="92" count="10" type="stmt"/>
      </file>
      <file name="styles.js" path="D:\Projects\lss\lup-web-common-component-lhk\components\molecules\ChatInputArea\styles.js">
        <metrics statements="4" coveredstatements="4" conditionals="2" coveredconditionals="2" methods="1" coveredmethods="1"/>
        <line num="8" count="10" type="stmt"/>
        <line num="17" count="10" type="stmt"/>
        <line num="32" count="5" type="cond" truecount="2" falsecount="0"/>
        <line num="42" count="10" type="stmt"/>
      </file>
    </package>
    <package name="components.molecules.ChatItem">
      <metrics statements="56" coveredstatements="42" conditionals="46" coveredconditionals="34" methods="22" coveredmethods="11"/>
      <file name="index.js" path="D:\Projects\lss\lup-web-common-component-lhk\components\molecules\ChatItem\index.js">
        <metrics statements="48" coveredstatements="34" conditionals="46" coveredconditionals="34" methods="20" coveredmethods="9"/>
        <line num="28" count="9" type="stmt"/>
        <line num="57" count="18" type="stmt"/>
        <line num="58" count="18" type="stmt"/>
        <line num="59" count="18" type="stmt"/>
        <line num="60" count="18" type="stmt"/>
        <line num="62" count="18" type="stmt"/>
        <line num="65" count="18" type="stmt"/>
        <line num="67" count="18" type="stmt"/>
        <line num="68" count="12" type="cond" truecount="3" falsecount="1"/>
        <line num="69" count="0" type="cond" truecount="0" falsecount="2"/>
        <line num="70" count="0" type="stmt"/>
        <line num="75" count="18" type="stmt"/>
        <line num="76" count="6" type="cond" truecount="2" falsecount="0"/>
        <line num="78" count="6" type="cond" truecount="2" falsecount="0"/>
        <line num="79" count="1" type="stmt"/>
        <line num="80" count="0" type="stmt"/>
        <line num="83" count="6" type="stmt"/>
        <line num="87" count="18" type="stmt"/>
        <line num="93" count="18" type="stmt"/>
        <line num="94" count="3" type="cond" truecount="3" falsecount="1"/>
        <line num="95" count="0" type="stmt"/>
        <line num="97" count="3" type="cond" truecount="1" falsecount="1"/>
        <line num="99" count="0" type="stmt"/>
        <line num="100" count="0" type="stmt"/>
        <line num="105" count="18" type="stmt"/>
        <line num="107" count="18" type="cond" truecount="2" falsecount="0"/>
        <line num="109" count="15" type="stmt"/>
        <line num="111" count="0" type="cond" truecount="2" falsecount="0"/>
        <line num="113" count="0" type="stmt"/>
        <line num="118" count="15" type="cond" truecount="3" falsecount="1"/>
        <line num="119" count="0" type="stmt"/>
        <line num="120" count="0" type="cond" truecount="0" falsecount="2"/>
        <line num="126" count="18" type="stmt"/>
        <line num="127" count="18" type="stmt"/>
        <line num="129" count="18" type="cond" truecount="1" falsecount="1"/>
        <line num="130" count="0" type="stmt"/>
        <line num="131" count="0" type="stmt"/>
        <line num="133" count="18" type="stmt"/>
        <line num="134" count="18" type="stmt"/>
        <line num="137" count="18" type="stmt"/>
        <line num="138" count="18" type="stmt"/>
        <line num="142" count="18" type="stmt"/>
        <line num="153" count="0" type="stmt"/>
        <line num="183" count="0" type="cond" truecount="1" falsecount="1"/>
        <line num="202" count="18" type="stmt"/>
        <line num="209" count="24" type="stmt"/>
        <line num="216" count="9" type="stmt"/>
        <line num="253" count="9" type="stmt"/>
      </file>
      <file name="styles.js" path="D:\Projects\lss\lup-web-common-component-lhk\components\molecules\ChatItem\styles.js">
        <metrics statements="8" coveredstatements="8" conditionals="0" coveredconditionals="0" methods="2" coveredmethods="2"/>
        <line num="5" count="9" type="stmt"/>
        <line num="8" count="13" type="stmt"/>
        <line num="69" count="9" type="stmt"/>
        <line num="73" count="9" type="stmt"/>
        <line num="77" count="9" type="stmt"/>
        <line num="78" count="20" type="stmt"/>
        <line num="82" count="9" type="stmt"/>
        <line num="85" count="9" type="stmt"/>
      </file>
    </package>
    <package name="components.molecules.ChatItems">
      <metrics statements="4" coveredstatements="4" conditionals="2" coveredconditionals="1" methods="9" coveredmethods="1"/>
      <file name="index.js" path="D:\Projects\lss\lup-web-common-component-lhk\components\molecules\ChatItems\index.js">
        <metrics statements="4" coveredstatements="4" conditionals="2" coveredconditionals="1" methods="9" coveredmethods="1"/>
        <line num="6" count="9" type="stmt"/>
        <line num="32" count="1" type="stmt"/>
        <line num="86" count="9" type="stmt"/>
        <line num="148" count="9" type="stmt"/>
      </file>
    </package>
    <package name="components.molecules.ChatListDateLabel">
      <metrics statements="9" coveredstatements="9" conditionals="2" coveredconditionals="2" methods="2" coveredmethods="2"/>
      <file name="index.js" path="D:\Projects\lss\lup-web-common-component-lhk\components\molecules\ChatListDateLabel\index.js">
        <metrics statements="5" coveredstatements="5" conditionals="2" coveredconditionals="2" methods="1" coveredmethods="1"/>
        <line num="11" count="10" type="stmt"/>
        <line num="12" count="6" type="cond" truecount="2" falsecount="0"/>
        <line num="13" count="6" type="stmt"/>
        <line num="26" count="10" type="stmt"/>
        <line num="30" count="10" type="stmt"/>
      </file>
      <file name="styles.js" path="D:\Projects\lss\lup-web-common-component-lhk\components\molecules\ChatListDateLabel\styles.js">
        <metrics statements="4" coveredstatements="4" conditionals="0" coveredconditionals="0" methods="1" coveredmethods="1"/>
        <line num="3" count="10" type="stmt"/>
        <line num="13" count="6" type="stmt"/>
        <line num="16" count="10" type="stmt"/>
        <line num="24" count="10" type="stmt"/>
      </file>
    </package>
    <package name="components.molecules.ChatSubmitBox">
      <metrics statements="44" coveredstatements="25" conditionals="33" coveredconditionals="15" methods="13" coveredmethods="6"/>
      <file name="index.js" path="D:\Projects\lss\lup-web-common-component-lhk\components\molecules\ChatSubmitBox\index.js">
        <metrics statements="38" coveredstatements="19" conditionals="29" coveredconditionals="12" methods="11" coveredmethods="4"/>
        <line num="14" count="9" type="stmt"/>
        <line num="27" count="2" type="stmt"/>
        <line num="28" count="2" type="stmt"/>
        <line num="29" count="2" type="stmt"/>
        <line num="31" count="2" type="stmt"/>
        <line num="32" count="2" type="cond" truecount="1" falsecount="1"/>
        <line num="33" count="0" type="stmt"/>
        <line num="35" count="2" type="stmt"/>
        <line num="39" count="2" type="stmt"/>
        <line num="40" count="2" type="stmt"/>
        <line num="41" count="2" type="stmt"/>
        <line num="42" count="2" type="stmt"/>
        <line num="44" count="1" type="stmt"/>
        <line num="45" count="1" type="cond" truecount="3" falsecount="1"/>
        <line num="46" count="1" type="stmt"/>
        <line num="48" count="0" type="stmt"/>
        <line num="54" count="2" type="stmt"/>
        <line num="55" count="0" type="stmt"/>
        <line num="57" count="2" type="stmt"/>
        <line num="58" count="0" type="stmt"/>
        <line num="59" count="0" type="cond" truecount="0" falsecount="2"/>
        <line num="60" count="0" type="stmt"/>
        <line num="62" count="0" type="cond" truecount="0" falsecount="2"/>
        <line num="63" count="0" type="stmt"/>
        <line num="64" count="0" type="stmt"/>
        <line num="65" count="0" type="cond" truecount="0" falsecount="4"/>
        <line num="66" count="0" type="stmt"/>
        <line num="67" count="0" type="stmt"/>
        <line num="69" count="0" type="stmt"/>
        <line num="72" count="0" type="cond" truecount="0" falsecount="2"/>
        <line num="73" count="0" type="stmt"/>
        <line num="75" count="0" type="stmt"/>
        <line num="78" count="2" type="stmt"/>
        <line num="119" count="0" type="cond" truecount="0" falsecount="2"/>
        <line num="120" count="0" type="stmt"/>
        <line num="121" count="0" type="stmt"/>
        <line num="130" count="9" type="stmt"/>
        <line num="146" count="9" type="stmt"/>
      </file>
      <file name="styles.js" path="D:\Projects\lss\lup-web-common-component-lhk\components\molecules\ChatSubmitBox\styles.js">
        <metrics statements="6" coveredstatements="6" conditionals="4" coveredconditionals="3" methods="2" coveredmethods="2"/>
        <line num="7" count="9" type="stmt"/>
        <line num="17" count="9" type="stmt"/>
        <line num="24" count="9" type="stmt"/>
        <line num="29" count="2" type="cond" truecount="2" falsecount="0"/>
        <line num="30" count="2" type="cond" truecount="1" falsecount="1"/>
        <line num="33" count="9" type="stmt"/>
      </file>
    </package>
    <package name="components.molecules.CommentItems">
      <metrics statements="15" coveredstatements="14" conditionals="16" coveredconditionals="9" methods="10" coveredmethods="4"/>
      <file name="index.js" path="D:\Projects\lss\lup-web-common-component-lhk\components\molecules\CommentItems\index.js">
        <metrics statements="15" coveredstatements="14" conditionals="16" coveredconditionals="9" methods="10" coveredmethods="4"/>
        <line num="7" count="9" type="stmt"/>
        <line num="30" count="5" type="stmt"/>
        <line num="32" count="5" type="stmt"/>
        <line num="33" count="5" type="stmt"/>
        <line num="34" count="5" type="stmt"/>
        <line num="35" count="5" type="stmt"/>
        <line num="36" count="5" type="stmt"/>
        <line num="38" count="5" type="stmt"/>
        <line num="39" count="5" type="stmt"/>
        <line num="41" count="5" type="stmt"/>
        <line num="42" count="5" type="stmt"/>
        <line num="44" count="5" type="stmt"/>
        <line num="64" count="0" type="cond" truecount="0" falsecount="2"/>
        <line num="122" count="9" type="stmt"/>
        <line num="170" count="9" type="stmt"/>
      </file>
    </package>
    <package name="components.molecules.CompareCard">
      <metrics statements="23" coveredstatements="22" conditionals="26" coveredconditionals="23" methods="7" coveredmethods="4"/>
      <file name="index.js" path="D:\Projects\lss\lup-web-common-component-lhk\components\molecules\CompareCard\index.js">
        <metrics statements="15" coveredstatements="14" conditionals="26" coveredconditionals="23" methods="5" coveredmethods="2"/>
        <line num="17" count="11" type="stmt"/>
        <line num="27" count="65" type="stmt"/>
        <line num="28" count="0" type="stmt"/>
        <line num="32" count="65" type="stmt"/>
        <line num="38" count="65" type="stmt"/>
        <line num="43" count="65" type="stmt"/>
        <line num="52" count="177" type="stmt"/>
        <line num="53" count="177" type="cond" truecount="6" falsecount="0"/>
        <line num="58" count="59" type="cond" truecount="1" falsecount="1"/>
        <line num="61" count="177" type="stmt"/>
        <line num="62" count="177" type="cond" truecount="2" falsecount="0"/>
        <line num="63" count="59" type="stmt"/>
        <line num="66" count="118" type="stmt"/>
        <line num="91" count="11" type="stmt"/>
        <line num="102" count="11" type="stmt"/>
      </file>
      <file name="styles.js" path="D:\Projects\lss\lup-web-common-component-lhk\components\molecules\CompareCard\styles.js">
        <metrics statements="8" coveredstatements="8" conditionals="0" coveredconditionals="0" methods="2" coveredmethods="2"/>
        <line num="8" count="11" type="stmt"/>
        <line num="9" count="65" type="stmt"/>
        <line num="11" count="65" type="stmt"/>
        <line num="25" count="11" type="stmt"/>
        <line num="36" count="11" type="stmt"/>
        <line num="48" count="11" type="stmt"/>
        <line num="53" count="11" type="stmt"/>
        <line num="58" count="11" type="stmt"/>
      </file>
    </package>
    <package name="components.molecules.CompareCardImage">
      <metrics statements="4" coveredstatements="4" conditionals="0" coveredconditionals="0" methods="2" coveredmethods="1"/>
      <file name="index.js" path="D:\Projects\lss\lup-web-common-component-lhk\components\molecules\CompareCardImage\index.js">
        <metrics statements="4" coveredstatements="4" conditionals="0" coveredconditionals="0" methods="2" coveredmethods="1"/>
        <line num="6" count="12" type="stmt"/>
        <line num="14" count="60" type="stmt"/>
        <line num="21" count="12" type="stmt"/>
        <line num="28" count="12" type="stmt"/>
      </file>
    </package>
    <package name="components.molecules.CompareItemSelector">
      <metrics statements="23" coveredstatements="16" conditionals="19" coveredconditionals="7" methods="10" coveredmethods="6"/>
      <file name="index.js" path="D:\Projects\lss\lup-web-common-component-lhk\components\molecules\CompareItemSelector\index.js">
        <metrics statements="13" coveredstatements="6" conditionals="17" coveredconditionals="6" methods="5" coveredmethods="1"/>
        <line num="9" count="10" type="stmt"/>
        <line num="10" count="22" type="stmt"/>
        <line num="12" count="22" type="cond" truecount="2" falsecount="3"/>
        <line num="13" count="0" type="stmt"/>
        <line num="16" count="22" type="stmt"/>
        <line num="26" count="0" type="cond" truecount="0" falsecount="2"/>
        <line num="27" count="0" type="stmt"/>
        <line num="29" count="0" type="stmt"/>
        <line num="35" count="0" type="cond" truecount="0" falsecount="2"/>
        <line num="36" count="0" type="stmt"/>
        <line num="50" count="0" type="stmt"/>
        <line num="58" count="10" type="stmt"/>
        <line num="69" count="10" type="stmt"/>
      </file>
      <file name="styles.js" path="D:\Projects\lss\lup-web-common-component-lhk\components\molecules\CompareItemSelector\styles.js">
        <metrics statements="10" coveredstatements="10" conditionals="2" coveredconditionals="1" methods="5" coveredmethods="5"/>
        <line num="16" count="10" type="stmt"/>
        <line num="23" count="10" type="stmt"/>
        <line num="30" count="10" type="stmt"/>
        <line num="34" count="10" type="stmt"/>
        <line num="39" count="10" type="stmt"/>
        <line num="40" count="22" type="stmt"/>
        <line num="41" count="22" type="cond" truecount="1" falsecount="1"/>
        <line num="43" count="22" type="stmt"/>
        <line num="46" count="22" type="stmt"/>
        <line num="47" count="22" type="stmt"/>
      </file>
    </package>
    <package name="components.molecules.CompareModalItemSelector">
      <metrics statements="19" coveredstatements="9" conditionals="15" coveredconditionals="0" methods="5" coveredmethods="0"/>
      <file name="index.js" path="D:\Projects\lss\lup-web-common-component-lhk\components\molecules\CompareModalItemSelector\index.js">
        <metrics statements="12" coveredstatements="3" conditionals="13" coveredconditionals="0" methods="4" coveredmethods="0"/>
        <line num="8" count="9" type="stmt"/>
        <line num="9" count="0" type="stmt"/>
        <line num="11" count="0" type="cond" truecount="0" falsecount="5"/>
        <line num="12" count="0" type="stmt"/>
        <line num="15" count="0" type="stmt"/>
        <line num="23" count="0" type="cond" truecount="0" falsecount="2"/>
        <line num="24" count="0" type="stmt"/>
        <line num="26" count="0" type="stmt"/>
        <line num="32" count="0" type="cond" truecount="0" falsecount="2"/>
        <line num="33" count="0" type="stmt"/>
        <line num="48" count="9" type="stmt"/>
        <line num="58" count="9" type="stmt"/>
      </file>
      <file name="styles.js" path="D:\Projects\lss\lup-web-common-component-lhk\components\molecules\CompareModalItemSelector\styles.js">
        <metrics statements="7" coveredstatements="6" conditionals="2" coveredconditionals="0" methods="1" coveredmethods="0"/>
        <line num="18" count="9" type="stmt"/>
        <line num="25" count="9" type="stmt"/>
        <line num="49" count="9" type="stmt"/>
        <line num="55" count="9" type="stmt"/>
        <line num="59" count="9" type="stmt"/>
        <line num="69" count="0" type="cond" truecount="0" falsecount="2"/>
        <line num="72" count="9" type="stmt"/>
      </file>
    </package>
    <package name="components.molecules.CompareToolBar">
      <metrics statements="21" coveredstatements="21" conditionals="4" coveredconditionals="4" methods="5" coveredmethods="1"/>
      <file name="index.js" path="D:\Projects\lss\lup-web-common-component-lhk\components\molecules\CompareToolBar\index.js">
        <metrics statements="4" coveredstatements="4" conditionals="4" coveredconditionals="4" methods="5" coveredmethods="1"/>
        <line num="28" count="10" type="stmt"/>
        <line num="39" count="8" type="stmt"/>
        <line num="102" count="10" type="stmt"/>
        <line num="112" count="10" type="stmt"/>
      </file>
      <file name="styles.js" path="D:\Projects\lss\lup-web-common-component-lhk\components\molecules\CompareToolBar\styles.js">
        <metrics statements="17" coveredstatements="17" conditionals="0" coveredconditionals="0" methods="0" coveredmethods="0"/>
        <line num="7" count="10" type="stmt"/>
        <line num="15" count="10" type="stmt"/>
        <line num="22" count="10" type="stmt"/>
        <line num="29" count="10" type="stmt"/>
        <line num="42" count="10" type="stmt"/>
        <line num="49" count="10" type="stmt"/>
        <line num="65" count="10" type="stmt"/>
        <line num="70" count="10" type="stmt"/>
        <line num="77" count="10" type="stmt"/>
        <line num="84" count="10" type="stmt"/>
        <line num="92" count="10" type="stmt"/>
        <line num="99" count="10" type="stmt"/>
        <line num="102" count="10" type="stmt"/>
        <line num="105" count="10" type="stmt"/>
        <line num="112" count="10" type="stmt"/>
        <line num="116" count="10" type="stmt"/>
        <line num="130" count="10" type="stmt"/>
      </file>
    </package>
    <package name="components.molecules.CompareViewModal">
      <metrics statements="15" coveredstatements="12" conditionals="4" coveredconditionals="1" methods="7" coveredmethods="1"/>
      <file name="index.js" path="D:\Projects\lss\lup-web-common-component-lhk\components\molecules\CompareViewModal\index.js">
        <metrics statements="7" coveredstatements="4" conditionals="4" coveredconditionals="1" methods="7" coveredmethods="1"/>
        <line num="14" count="9" type="stmt"/>
        <line num="16" count="5" type="stmt"/>
        <line num="30" count="0" type="cond" truecount="0" falsecount="2"/>
        <line num="41" count="0" type="stmt"/>
        <line num="58" count="0" type="stmt"/>
        <line num="68" count="9" type="stmt"/>
        <line num="78" count="9" type="stmt"/>
      </file>
      <file name="styles.js" path="D:\Projects\lss\lup-web-common-component-lhk\components\molecules\CompareViewModal\styles.js">
        <metrics statements="8" coveredstatements="8" conditionals="0" coveredconditionals="0" methods="0" coveredmethods="0"/>
        <line num="7" count="9" type="stmt"/>
        <line num="11" count="9" type="stmt"/>
        <line num="16" count="9" type="stmt"/>
        <line num="22" count="9" type="stmt"/>
        <line num="29" count="9" type="stmt"/>
        <line num="33" count="9" type="stmt"/>
        <line num="37" count="9" type="stmt"/>
        <line num="98" count="9" type="stmt"/>
      </file>
    </package>
    <package name="components.molecules.ComparisonGrid">
      <metrics statements="120" coveredstatements="117" conditionals="77" coveredconditionals="70" methods="33" coveredmethods="32"/>
      <file name="GridHeaderCell.js" path="D:\Projects\lss\lup-web-common-component-lhk\components\molecules\ComparisonGrid\GridHeaderCell.js">
        <metrics statements="12" coveredstatements="11" conditionals="10" coveredconditionals="8" methods="4" coveredmethods="4"/>
        <line num="5" count="10" type="stmt"/>
        <line num="6" count="190" type="stmt"/>
        <line num="7" count="20" type="stmt"/>
        <line num="9" count="190" type="stmt"/>
        <line num="10" count="84" type="cond" truecount="1" falsecount="1"/>
        <line num="12" count="190" type="stmt"/>
        <line num="13" count="86" type="stmt"/>
        <line num="16" count="190" type="cond" truecount="2" falsecount="0"/>
        <line num="17" count="170" type="cond" truecount="2" falsecount="0"/>
        <line num="18" count="86" type="cond" truecount="3" falsecount="1"/>
        <line num="19" count="86" type="stmt"/>
        <line num="22" count="0" type="stmt"/>
      </file>
      <file name="index.js" path="D:\Projects\lss\lup-web-common-component-lhk\components\molecules\ComparisonGrid\index.js">
        <metrics statements="92" coveredstatements="90" conditionals="67" coveredconditionals="62" methods="27" coveredmethods="26"/>
        <line num="28" count="10" type="stmt"/>
        <line num="55" count="20" type="stmt"/>
        <line num="57" count="20" type="stmt"/>
        <line num="58" count="10" type="stmt"/>
        <line num="61" count="20" type="stmt"/>
        <line num="62" count="20" type="stmt"/>
        <line num="67" count="20" type="stmt"/>
        <line num="73" count="20" type="stmt"/>
        <line num="74" count="80" type="stmt"/>
        <line num="78" count="22" type="stmt"/>
        <line num="81" count="22" type="stmt"/>
        <line num="96" count="80" type="stmt"/>
        <line num="99" count="20" type="stmt"/>
        <line num="101" count="20" type="stmt"/>
        <line num="102" count="64" type="stmt"/>
        <line num="107" count="64" type="stmt"/>
        <line num="110" count="64" type="stmt"/>
        <line num="118" count="0" type="stmt"/>
        <line num="126" count="64" type="cond" truecount="2" falsecount="0"/>
        <line num="127" count="64" type="stmt"/>
        <line num="130" count="64" type="cond" truecount="1" falsecount="1"/>
        <line num="131" count="64" type="stmt"/>
        <line num="137" count="64" type="stmt"/>
        <line num="145" count="20" type="stmt"/>
        <line num="146" count="80" type="cond" truecount="2" falsecount="0"/>
        <line num="147" count="80" type="stmt"/>
        <line num="149" count="80" type="cond" truecount="4" falsecount="0"/>
        <line num="150" count="60" type="stmt"/>
        <line num="156" count="18" type="stmt"/>
        <line num="164" count="20" type="cond" truecount="2" falsecount="0"/>
        <line num="166" count="2" type="stmt"/>
        <line num="172" count="2" type="stmt"/>
        <line num="179" count="20" type="stmt"/>
        <line num="180" count="64" type="cond" truecount="2" falsecount="0"/>
        <line num="181" count="544" type="cond" truecount="2" falsecount="0"/>
        <line num="182" count="58" type="cond" truecount="4" falsecount="0"/>
        <line num="183" count="396" type="cond" truecount="2" falsecount="0"/>
        <line num="188" count="20" type="stmt"/>
        <line num="191" count="20" type="stmt"/>
        <line num="192" count="10" type="cond" truecount="2" falsecount="0"/>
        <line num="193" count="9" type="stmt"/>
        <line num="194" count="9" type="stmt"/>
        <line num="197" count="1" type="stmt"/>
        <line num="198" count="1" type="stmt"/>
        <line num="199" count="1" type="stmt"/>
        <line num="201" count="1" type="cond" truecount="1" falsecount="1"/>
        <line num="202" count="1" type="stmt"/>
        <line num="203" count="9" type="stmt"/>
        <line num="204" count="9" type="cond" truecount="2" falsecount="0"/>
        <line num="206" count="9" type="stmt"/>
        <line num="207" count="21" type="stmt"/>
        <line num="208" count="21" type="cond" truecount="4" falsecount="0"/>
        <line num="209" count="3" type="stmt"/>
        <line num="210" count="3" type="stmt"/>
        <line num="215" count="1" type="stmt"/>
        <line num="219" count="20" type="stmt"/>
        <line num="220" count="18" type="stmt"/>
        <line num="222" count="18" type="cond" truecount="1" falsecount="1"/>
        <line num="223" count="0" type="stmt"/>
        <line num="226" count="18" type="stmt"/>
        <line num="229" count="18" type="stmt"/>
        <line num="230" count="36" type="cond" truecount="2" falsecount="0"/>
        <line num="231" count="12" type="stmt"/>
        <line num="236" count="24" type="stmt"/>
        <line num="242" count="36" type="stmt"/>
        <line num="243" count="108" type="stmt"/>
        <line num="249" count="108" type="stmt"/>
        <line num="250" count="424" type="stmt"/>
        <line num="251" count="424" type="stmt"/>
        <line num="252" count="424" type="cond" truecount="3" falsecount="0"/>
        <line num="255" count="108" type="stmt"/>
        <line num="259" count="18" type="stmt"/>
        <line num="262" count="20" type="stmt"/>
        <line num="263" count="20" type="stmt"/>
        <line num="264" count="20" type="cond" truecount="2" falsecount="0"/>
        <line num="266" count="20" type="stmt"/>
        <line num="282" count="162" type="stmt"/>
        <line num="290" count="190" type="stmt"/>
        <line num="295" count="162" type="stmt"/>
        <line num="296" count="162" type="cond" truecount="4" falsecount="0"/>
        <line num="298" count="12" type="stmt"/>
        <line num="313" count="1" type="stmt"/>
        <line num="324" count="18" type="stmt"/>
        <line num="331" count="24" type="stmt"/>
        <line num="346" count="108" type="stmt"/>
        <line num="349" count="1012" type="stmt"/>
        <line num="350" count="1012" type="cond" truecount="2" falsecount="0"/>
        <line num="351" count="32" type="stmt"/>
        <line num="354" count="980" type="cond" truecount="2" falsecount="0"/>
        <line num="359" count="980" type="stmt"/>
        <line num="381" count="10" type="stmt"/>
        <line num="391" count="10" type="stmt"/>
      </file>
      <file name="styles.js" path="D:\Projects\lss\lup-web-common-component-lhk\components\molecules\ComparisonGrid\styles.js">
        <metrics statements="16" coveredstatements="16" conditionals="0" coveredconditionals="0" methods="2" coveredmethods="2"/>
        <line num="45" count="10" type="stmt"/>
        <line num="52" count="10" type="stmt"/>
        <line num="59" count="10" type="stmt"/>
        <line num="203" count="10" type="stmt"/>
        <line num="221" count="10" type="stmt"/>
        <line num="225" count="10" type="stmt"/>
        <line num="229" count="10" type="stmt"/>
        <line num="245" count="10" type="stmt"/>
        <line num="251" count="10" type="stmt"/>
        <line num="253" count="10" type="stmt"/>
        <line num="260" count="10" type="stmt"/>
        <line num="264" count="10" type="stmt"/>
        <line num="265" count="22" type="stmt"/>
        <line num="268" count="10" type="stmt"/>
        <line num="269" count="36" type="stmt"/>
        <line num="272" count="10" type="stmt"/>
      </file>
    </package>
    <package name="components.molecules.ComparisonViewSelector">
      <metrics statements="22" coveredstatements="16" conditionals="21" coveredconditionals="11" methods="9" coveredmethods="3"/>
      <file name="index.js" path="D:\Projects\lss\lup-web-common-component-lhk\components\molecules\ComparisonViewSelector\index.js">
        <metrics statements="13" coveredstatements="7" conditionals="21" coveredconditionals="11" methods="8" coveredmethods="2"/>
        <line num="10" count="11" type="stmt"/>
        <line num="11" count="19" type="cond" truecount="0" falsecount="1"/>
        <line num="12" count="0" type="cond" truecount="0" falsecount="2"/>
        <line num="13" count="0" type="stmt"/>
        <line num="15" count="0" type="cond" truecount="0" falsecount="2"/>
        <line num="17" count="0" type="stmt"/>
        <line num="19" count="19" type="stmt"/>
        <line num="20" count="19" type="stmt"/>
        <line num="28" count="0" type="cond" truecount="0" falsecount="2"/>
        <line num="37" count="67" type="cond" truecount="1" falsecount="1"/>
        <line num="40" count="0" type="cond" truecount="0" falsecount="2"/>
        <line num="56" count="11" type="stmt"/>
        <line num="63" count="11" type="stmt"/>
      </file>
      <file name="styles.js" path="D:\Projects\lss\lup-web-common-component-lhk\components\molecules\ComparisonViewSelector\styles.js">
        <metrics statements="9" coveredstatements="9" conditionals="0" coveredconditionals="0" methods="1" coveredmethods="1"/>
        <line num="16" count="11" type="stmt"/>
        <line num="31" count="11" type="stmt"/>
        <line num="40" count="11" type="stmt"/>
        <line num="44" count="67" type="stmt"/>
        <line num="47" count="11" type="stmt"/>
        <line num="55" count="11" type="stmt"/>
        <line num="59" count="11" type="stmt"/>
        <line num="65" count="11" type="stmt"/>
        <line num="74" count="11" type="stmt"/>
      </file>
    </package>
    <package name="components.molecules.ConfirmModal">
      <metrics statements="5" coveredstatements="5" conditionals="0" coveredconditionals="0" methods="3" coveredmethods="1"/>
      <file name="index.js" path="D:\Projects\lss\lup-web-common-component-lhk\components\molecules\ConfirmModal\index.js">
        <metrics statements="4" coveredstatements="4" conditionals="0" coveredconditionals="0" methods="3" coveredmethods="1"/>
        <line num="8" count="10" type="stmt"/>
        <line num="18" count="3" type="stmt"/>
        <line num="35" count="10" type="stmt"/>
        <line num="46" count="10" type="stmt"/>
      </file>
      <file name="styles.js" path="D:\Projects\lss\lup-web-common-component-lhk\components\molecules\ConfirmModal\styles.js">
        <metrics statements="1" coveredstatements="1" conditionals="0" coveredconditionals="0" methods="0" coveredmethods="0"/>
        <line num="5" count="10" type="stmt"/>
      </file>
    </package>
    <package name="components.molecules.InputField">
      <metrics statements="5" coveredstatements="5" conditionals="2" coveredconditionals="1" methods="2" coveredmethods="1"/>
      <file name="index.js" path="D:\Projects\lss\lup-web-common-component-lhk\components\molecules\InputField\index.js">
        <metrics statements="4" coveredstatements="4" conditionals="2" coveredconditionals="1" methods="2" coveredmethods="1"/>
        <line num="6" count="10" type="stmt"/>
        <line num="16" count="22" type="stmt"/>
        <line num="30" count="10" type="stmt"/>
        <line num="39" count="10" type="stmt"/>
      </file>
      <file name="styles.js" path="D:\Projects\lss\lup-web-common-component-lhk\components\molecules\InputField\styles.js">
        <metrics statements="1" coveredstatements="1" conditionals="0" coveredconditionals="0" methods="0" coveredmethods="0"/>
        <line num="5" count="10" type="stmt"/>
      </file>
    </package>
    <package name="components.molecules.ModalPopup">
      <metrics statements="8" coveredstatements="8" conditionals="0" coveredconditionals="0" methods="3" coveredmethods="1"/>
      <file name="index.js" path="D:\Projects\lss\lup-web-common-component-lhk\components\molecules\ModalPopup\index.js">
        <metrics statements="4" coveredstatements="4" conditionals="0" coveredconditionals="0" methods="3" coveredmethods="1"/>
        <line num="7" count="11" type="stmt"/>
        <line num="17" count="12" type="stmt"/>
        <line num="48" count="11" type="stmt"/>
        <line num="59" count="11" type="stmt"/>
      </file>
      <file name="styles.js" path="D:\Projects\lss\lup-web-common-component-lhk\components\molecules\ModalPopup\styles.js">
        <metrics statements="4" coveredstatements="4" conditionals="0" coveredconditionals="0" methods="0" coveredmethods="0"/>
        <line num="23" count="11" type="stmt"/>
        <line num="65" count="11" type="stmt"/>
        <line num="70" count="11" type="stmt"/>
        <line num="74" count="11" type="stmt"/>
      </file>
    </package>
    <package name="components.molecules.ReplyItems">
      <metrics statements="11" coveredstatements="3" conditionals="20" coveredconditionals="0" methods="8" coveredmethods="0"/>
      <file name="index.js" path="D:\Projects\lss\lup-web-common-component-lhk\components\molecules\ReplyItems\index.js">
        <metrics statements="11" coveredstatements="3" conditionals="20" coveredconditionals="0" methods="8" coveredmethods="0"/>
        <line num="8" count="9" type="stmt"/>
        <line num="32" count="0" type="stmt"/>
        <line num="33" count="0" type="stmt"/>
        <line num="34" count="0" type="stmt"/>
        <line num="35" count="0" type="stmt"/>
        <line num="37" count="0" type="stmt"/>
        <line num="38" count="0" type="stmt"/>
        <line num="40" count="0" type="stmt"/>
        <line num="42" count="0" type="stmt"/>
        <line num="94" count="9" type="stmt"/>
        <line num="143" count="9" type="stmt"/>
      </file>
    </package>
    <package name="components.molecules.SaveComparisonModal">
      <metrics statements="22" coveredstatements="19" conditionals="4" coveredconditionals="2" methods="8" coveredmethods="5"/>
      <file name="index.js" path="D:\Projects\lss\lup-web-common-component-lhk\components\molecules\SaveComparisonModal\index.js">
        <metrics statements="19" coveredstatements="16" conditionals="4" coveredconditionals="2" methods="8" coveredmethods="5"/>
        <line num="8" count="10" type="stmt"/>
        <line num="10" count="10" type="stmt"/>
        <line num="11" count="10" type="stmt"/>
        <line num="12" count="10" type="stmt"/>
        <line num="14" count="10" type="stmt"/>
        <line num="15" count="2" type="cond" truecount="2" falsecount="2"/>
        <line num="16" count="0" type="stmt"/>
        <line num="17" count="0" type="stmt"/>
        <line num="19" count="2" type="stmt"/>
        <line num="20" count="2" type="stmt"/>
        <line num="24" count="10" type="stmt"/>
        <line num="25" count="2" type="stmt"/>
        <line num="26" count="2" type="stmt"/>
        <line num="29" count="10" type="stmt"/>
        <line num="33" count="1" type="stmt"/>
        <line num="35" count="0" type="stmt"/>
        <line num="39" count="1" type="stmt"/>
        <line num="50" count="10" type="stmt"/>
        <line num="60" count="10" type="stmt"/>
      </file>
      <file name="styles.js" path="D:\Projects\lss\lup-web-common-component-lhk\components\molecules\SaveComparisonModal\styles.js">
        <metrics statements="3" coveredstatements="3" conditionals="0" coveredconditionals="0" methods="0" coveredmethods="0"/>
        <line num="6" count="10" type="stmt"/>
        <line num="12" count="10" type="stmt"/>
        <line num="15" count="10" type="stmt"/>
      </file>
    </package>
    <package name="components.organisms.ChatBox">
      <metrics statements="103" coveredstatements="61" conditionals="124" coveredconditionals="45" methods="39" coveredmethods="9"/>
      <file name="index.js" path="D:\Projects\lss\lup-web-common-component-lhk\components\organisms\ChatBox\index.js">
        <metrics statements="86" coveredstatements="45" conditionals="124" coveredconditionals="45" methods="37" coveredmethods="8"/>
        <line num="48" count="1" type="stmt"/>
        <line num="51" count="1" type="stmt"/>
        <line num="93" count="1" type="stmt"/>
        <line num="94" count="2" type="cond" truecount="2" falsecount="0"/>
        <line num="96" count="1" type="cond" truecount="1" falsecount="1"/>
        <line num="97" count="1" type="stmt"/>
        <line num="105" count="1" type="stmt"/>
        <line num="107" count="1" type="stmt"/>
        <line num="115" count="1" type="stmt"/>
        <line num="116" count="1" type="stmt"/>
        <line num="122" count="1" type="stmt"/>
        <line num="123" count="0" type="cond" truecount="0" falsecount="3"/>
        <line num="128" count="1" type="stmt"/>
        <line num="129" count="0" type="cond" truecount="0" falsecount="3"/>
        <line num="135" count="1" type="stmt"/>
        <line num="136" count="1" type="stmt"/>
        <line num="137" count="1" type="stmt"/>
        <line num="138" count="1" type="stmt"/>
        <line num="139" count="1" type="stmt"/>
        <line num="140" count="1" type="cond" truecount="2" falsecount="0"/>
        <line num="142" count="1" type="cond" truecount="2" falsecount="0"/>
        <line num="144" count="1" type="stmt"/>
        <line num="147" count="0" type="stmt"/>
        <line num="150" count="0" type="stmt"/>
        <line num="153" count="0" type="stmt"/>
        <line num="157" count="1" type="cond" truecount="2" falsecount="2"/>
        <line num="160" count="1" type="stmt"/>
        <line num="161" count="0" type="stmt"/>
        <line num="163" count="0" type="cond" truecount="0" falsecount="3"/>
        <line num="165" count="0" type="cond" truecount="0" falsecount="2"/>
        <line num="166" count="0" type="stmt"/>
        <line num="167" count="0" type="cond" truecount="0" falsecount="2"/>
        <line num="168" count="0" type="stmt"/>
        <line num="170" count="0" type="stmt"/>
        <line num="172" count="0" type="cond" truecount="0" falsecount="2"/>
        <line num="173" count="0" type="stmt"/>
        <line num="174" count="0" type="cond" truecount="0" falsecount="2"/>
        <line num="175" count="0" type="stmt"/>
        <line num="177" count="0" type="stmt"/>
        <line num="182" count="1" type="stmt"/>
[...]
      <file name="index.js" path="D:\Projects\lss\lup-web-common-component-lhk\theme\index.js">
        <metrics statements="156" coveredstatements="156" conditionals="0" coveredconditionals="0" methods="1" coveredmethods="0"/>
        <line num="6" count="45" type="stmt"/>
        <line num="7" count="45" type="stmt"/>
        <line num="8" count="45" type="stmt"/>
        <line num="10" count="45" type="stmt"/>
        <line num="11" count="45" type="stmt"/>
        <line num="12" count="45" type="stmt"/>
        <line num="13" count="45" type="stmt"/>
        <line num="14" count="45" type="stmt"/>
        <line num="15" count="45" type="stmt"/>
        <line num="17" count="45" type="stmt"/>
        <line num="18" count="45" type="stmt"/>
        <line num="19" count="45" type="stmt"/>
        <line num="20" count="45" type="stmt"/>
        <line num="21" count="45" type="stmt"/>
        <line num="22" count="45" type="stmt"/>
        <line num="23" count="45" type="stmt"/>
        <line num="24" count="45" type="stmt"/>
        <line num="26" count="45" type="stmt"/>
        <line num="27" count="45" type="stmt"/>
        <line num="28" count="45" type="stmt"/>
        <line num="29" count="45" type="stmt"/>
        <line num="30" count="45" type="stmt"/>
        <line num="32" count="45" type="stmt"/>
        <line num="33" count="45" type="stmt"/>
        <line num="34" count="45" type="stmt"/>
        <line num="35" count="45" type="stmt"/>
        <line num="36" count="45" type="stmt"/>
        <line num="38" count="45" type="stmt"/>
        <line num="39" count="45" type="stmt"/>
        <line num="40" count="45" type="stmt"/>
        <line num="41" count="45" type="stmt"/>
        <line num="42" count="45" type="stmt"/>
        <line num="44" count="45" type="stmt"/>
        <line num="45" count="45" type="stmt"/>
        <line num="46" count="45" type="stmt"/>
        <line num="47" count="45" type="stmt"/>
        <line num="48" count="45" type="stmt"/>
        <line num="49" count="45" type="stmt"/>
        <line num="50" count="45" type="stmt"/>
        <line num="51" count="45" type="stmt"/>
        <line num="52" count="45" type="stmt"/>
        <line num="54" count="45" type="stmt"/>
        <line num="55" count="45" type="stmt"/>
        <line num="56" count="45" type="stmt"/>
        <line num="57" count="45" type="stmt"/>
        <line num="58" count="45" type="stmt"/>
        <line num="59" count="45" type="stmt"/>
        <line num="61" count="45" type="stmt"/>
        <line num="62" count="45" type="stmt"/>
        <line num="64" count="45" type="stmt"/>
        <line num="65" count="45" type="stmt"/>
        <line num="66" count="45" type="stmt"/>
        <line num="67" count="45" type="stmt"/>
        <line num="68" count="45" type="stmt"/>
        <line num="69" count="45" type="stmt"/>
        <line num="70" count="45" type="stmt"/>
        <line num="71" count="45" type="stmt"/>
        <line num="72" count="45" type="stmt"/>
        <line num="73" count="45" type="stmt"/>
        <line num="75" count="45" type="stmt"/>
        <line num="76" count="45" type="stmt"/>
        <line num="77" count="45" type="stmt"/>
        <line num="78" count="45" type="stmt"/>
        <line num="79" count="45" type="stmt"/>
        <line num="80" count="45" type="stmt"/>
        <line num="82" count="45" type="stmt"/>
        <line num="84" count="45" type="stmt"/>
        <line num="85" count="45" type="stmt"/>
        <line num="87" count="45" type="stmt"/>
        <line num="88" count="45" type="stmt"/>
        <line num="89" count="45" type="stmt"/>
        <line num="90" count="45" type="stmt"/>
        <line num="92" count="45" type="stmt"/>
        <line num="93" count="45" type="stmt"/>
        <line num="94" count="45" type="stmt"/>
        <line num="96" count="45" type="stmt"/>
        <line num="97" count="45" type="stmt"/>
        <line num="98" count="45" type="stmt"/>
        <line num="99" count="45" type="stmt"/>
        <line num="100" count="45" type="stmt"/>
        <line num="101" count="45" type="stmt"/>
        <line num="102" count="45" type="stmt"/>
        <line num="103" count="45" type="stmt"/>
        <line num="104" count="45" type="stmt"/>
        <line num="105" count="45" type="stmt"/>
        <line num="106" count="45" type="stmt"/>
        <line num="107" count="45" type="stmt"/>
        <line num="108" count="45" type="stmt"/>
        <line num="109" count="45" type="stmt"/>
        <line num="110" count="45" type="stmt"/>
        <line num="111" count="45" type="stmt"/>
        <line num="112" count="45" type="stmt"/>
        <line num="113" count="45" type="stmt"/>
        <line num="114" count="45" type="stmt"/>
        <line num="115" count="45" type="stmt"/>
        <line num="116" count="45" type="stmt"/>
        <line num="117" count="45" type="stmt"/>
        <line num="118" count="45" type="stmt"/>
        <line num="119" count="45" type="stmt"/>
        <line num="120" count="45" type="stmt"/>
        <line num="121" count="45" type="stmt"/>
        <line num="122" count="45" type="stmt"/>
        <line num="123" count="45" type="stmt"/>
        <line num="124" count="45" type="stmt"/>
        <line num="125" count="45" type="stmt"/>
        <line num="126" count="45" type="stmt"/>
        <line num="127" count="45" type="stmt"/>
        <line num="128" count="45" type="stmt"/>
        <line num="129" count="45" type="stmt"/>
        <line num="130" count="45" type="stmt"/>
        <line num="131" count="45" type="stmt"/>
        <line num="132" count="45" type="stmt"/>
        <line num="133" count="45" type="stmt"/>
        <line num="134" count="45" type="stmt"/>
        <line num="135" count="45" type="stmt"/>
        <line num="136" count="45" type="stmt"/>
        <line num="137" count="45" type="stmt"/>
        <line num="138" count="45" type="stmt"/>
        <line num="139" count="45" type="stmt"/>
        <line num="140" count="45" type="stmt"/>
        <line num="141" count="45" type="stmt"/>
        <line num="142" count="45" type="stmt"/>
        <line num="143" count="45" type="stmt"/>
        <line num="144" count="45" type="stmt"/>
        <line num="145" count="45" type="stmt"/>
        <line num="146" count="45" type="stmt"/>
        <line num="147" count="45" type="stmt"/>
        <line num="148" count="45" type="stmt"/>
        <line num="149" count="45" type="stmt"/>
        <line num="150" count="45" type="stmt"/>
        <line num="151" count="45" type="stmt"/>
        <line num="152" count="45" type="stmt"/>
        <line num="153" count="45" type="stmt"/>
        <line num="154" count="45" type="stmt"/>
        <line num="155" count="45" type="stmt"/>
        <line num="156" count="45" type="stmt"/>
        <line num="158" count="45" type="stmt"/>
        <line num="159" count="45" type="stmt"/>
        <line num="160" count="45" type="stmt"/>
        <line num="161" count="45" type="stmt"/>
        <line num="162" count="45" type="stmt"/>
        <line num="163" count="45" type="stmt"/>
        <line num="164" count="45" type="stmt"/>
        <line num="166" count="45" type="stmt"/>
        <line num="167" count="45" type="stmt"/>
        <line num="168" count="45" type="stmt"/>
        <line num="170" count="45" type="stmt"/>
        <line num="278" count="45" type="stmt"/>
        <line num="280" count="45" type="stmt"/>
        <line num="308" count="45" type="stmt"/>
        <line num="322" count="45" type="stmt"/>
        <line num="388" count="45" type="stmt"/>
        <line num="400" count="45" type="stmt"/>
        <line num="406" count="45" type="stmt"/>
        <line num="413" count="45" type="stmt"/>
        <line num="423" count="45" type="stmt"/>
      </file>
    </package>
    <package name="utils">
      <metrics statements="189" coveredstatements="113" conditionals="73" coveredconditionals="19" methods="32" coveredmethods="15"/>
      <file name="ApiCaller.js" path="D:\Projects\lss\lup-web-common-component-lhk\utils\ApiCaller.js">
        <metrics statements="17" coveredstatements="2" conditionals="14" coveredconditionals="0" methods="3" coveredmethods="0"/>
        <line num="2" count="1" type="stmt"/>
        <line num="6" count="1" type="stmt"/>
        <line num="7" count="0" type="cond" truecount="0" falsecount="6"/>
        <line num="8" count="0" type="stmt"/>
        <line num="9" count="0" type="cond" truecount="0" falsecount="5"/>
        <line num="10" count="0" type="stmt"/>
        <line num="12" count="0" type="stmt"/>
        <line num="21" count="0" type="stmt"/>
        <line num="29" count="0" type="cond" truecount="0" falsecount="2"/>
        <line num="30" count="0" type="stmt"/>
        <line num="31" count="0" type="stmt"/>
        <line num="32" count="0" type="stmt"/>
        <line num="33" count="0" type="stmt"/>
        <line num="35" count="0" type="stmt"/>
        <line num="36" count="0" type="stmt"/>
        <line num="37" count="0" type="stmt"/>
        <line num="40" count="0" type="stmt"/>
      </file>
      <file name="FileIcons.js" path="D:\Projects\lss\lup-web-common-component-lhk\utils\FileIcons.js">
        <metrics statements="2" coveredstatements="2" conditionals="2" coveredconditionals="1" methods="1" coveredmethods="1"/>
        <line num="17" count="10" type="stmt"/>
        <line num="37" count="15" type="cond" truecount="1" falsecount="1"/>
      </file>
      <file name="HasRequiredPermission.js" path="D:\Projects\lss\lup-web-common-component-lhk\utils\HasRequiredPermission.js">
        <metrics statements="6" coveredstatements="6" conditionals="6" coveredconditionals="5" methods="2" coveredmethods="2"/>
        <line num="1" count="1" type="stmt"/>
        <line num="2" count="2" type="stmt"/>
        <line num="3" count="2" type="cond" truecount="2" falsecount="0"/>
        <line num="5" count="2" type="cond" truecount="3" falsecount="1"/>
        <line num="6" count="2" type="stmt"/>
        <line num="10" count="2" type="stmt"/>
      </file>
      <file name="HttpMethods.js" path="D:\Projects\lss\lup-web-common-component-lhk\utils\HttpMethods.js">
        <metrics statements="5" coveredstatements="5" conditionals="0" coveredconditionals="0" methods="0" coveredmethods="0"/>
        <line num="1" count="1" type="stmt"/>
        <line num="2" count="1" type="stmt"/>
        <line num="3" count="1" type="stmt"/>
        <line num="4" count="1" type="stmt"/>
        <line num="5" count="1" type="stmt"/>
      </file>
      <file name="commentTool.js" path="D:\Projects\lss\lup-web-common-component-lhk\utils\commentTool.js">
        <metrics statements="9" coveredstatements="9" conditionals="4" coveredconditionals="2" methods="4" coveredmethods="4"/>
        <line num="5" count="42" type="stmt"/>
        <line num="12" count="24" type="cond" truecount="1" falsecount="1"/>
        <line num="14" count="24" type="stmt"/>
        <line num="19" count="9" type="stmt"/>
        <line num="20" count="18" type="cond" truecount="1" falsecount="1"/>
        <line num="23" count="18" type="stmt"/>
        <line num="24" count="18" type="stmt"/>
        <line num="26" count="18" type="stmt"/>
        <line num="31" count="9" type="stmt"/>
      </file>
      <file name="constants.js" path="D:\Projects\lss\lup-web-common-component-lhk\utils\constants.js">
        <metrics statements="30" coveredstatements="30" conditionals="0" coveredconditionals="0" methods="0" coveredmethods="0"/>
        <line num="3" count="28" type="stmt"/>
        <line num="9" count="28" type="stmt"/>
        <line num="15" count="28" type="stmt"/>
        <line num="21" count="28" type="stmt"/>
        <line num="27" count="28" type="stmt"/>
        <line num="33" count="28" type="stmt"/>
        <line num="38" count="28" type="stmt"/>
        <line num="43" count="28" type="stmt"/>
        <line num="48" count="28" type="stmt"/>
        <line num="56" count="28" type="stmt"/>
        <line num="60" count="28" type="stmt"/>
        <line num="61" count="28" type="stmt"/>
        <line num="62" count="28" type="stmt"/>
        <line num="63" count="28" type="stmt"/>
        <line num="65" count="28" type="stmt"/>
        <line num="66" count="28" type="stmt"/>
        <line num="68" count="28" type="stmt"/>
        <line num="69" count="28" type="stmt"/>
        <line num="70" count="28" type="stmt"/>
        <line num="71" count="28" type="stmt"/>
        <line num="72" count="28" type="stmt"/>
        <line num="73" count="28" type="stmt"/>
        <line num="74" count="28" type="stmt"/>
        <line num="75" count="28" type="stmt"/>
        <line num="76" count="28" type="stmt"/>
        <line num="77" count="28" type="stmt"/>
        <line num="80" count="28" type="stmt"/>
        <line num="82" count="28" type="stmt"/>
        <line num="92" count="28" type="stmt"/>
        <line num="93" count="28" type="stmt"/>
      </file>
      <file name="permissions.js" path="D:\Projects\lss\lup-web-common-component-lhk\utils\permissions.js">
        <metrics statements="8" coveredstatements="8" conditionals="0" coveredconditionals="0" methods="0" coveredmethods="0"/>
        <line num="1" count="1" type="stmt"/>
        <line num="2" count="1" type="stmt"/>
        <line num="3" count="1" type="stmt"/>
        <line num="4" count="1" type="stmt"/>
        <line num="5" count="1" type="stmt"/>
        <line num="6" count="1" type="stmt"/>
        <line num="7" count="1" type="stmt"/>
        <line num="8" count="1" type="stmt"/>
      </file>
      <file name="timestamp.js" path="D:\Projects\lss\lup-web-common-component-lhk\utils\timestamp.js">
        <metrics statements="68" coveredstatements="40" conditionals="26" coveredconditionals="7" methods="7" coveredmethods="5"/>
        <line num="1" count="9" type="stmt"/>
        <line num="2" count="9" type="stmt"/>
        <line num="3" count="17" type="stmt"/>
        <line num="5" count="9" type="stmt"/>
        <line num="6" count="12" type="stmt"/>
        <line num="7" count="12" type="stmt"/>
        <line num="8" count="12" type="stmt"/>
        <line num="9" count="12" type="stmt"/>
        <line num="10" count="12" type="stmt"/>
        <line num="11" count="12" type="stmt"/>
        <line num="13" count="12" type="stmt"/>
        <line num="16" count="9" type="stmt"/>
        <line num="17" count="2" type="stmt"/>
        <line num="18" count="2" type="stmt"/>
        <line num="19" count="2" type="stmt"/>
        <line num="22" count="9" type="stmt"/>
        <line num="23" count="5" type="stmt"/>
        <line num="24" count="5" type="stmt"/>
        <line num="25" count="5" type="stmt"/>
        <line num="26" count="5" type="cond" truecount="1" falsecount="1"/>
        <line num="27" count="5" type="stmt"/>
        <line num="28" count="5" type="stmt"/>
        <line num="31" count="5" type="stmt"/>
        <line num="32" count="5" type="stmt"/>
        <line num="33" count="5" type="stmt"/>
        <line num="36" count="9" type="stmt"/>
        <line num="37" count="0" type="stmt"/>
        <line num="38" count="0" type="stmt"/>
        <line num="39" count="0" type="stmt"/>
        <line num="42" count="9" type="stmt"/>
        <line num="43" count="0" type="cond" truecount="0" falsecount="2"/>
        <line num="44" count="0" type="stmt"/>
        <line num="47" count="0" type="stmt"/>
        <line num="50" count="0" type="stmt"/>
        <line num="51" count="0" type="cond" truecount="0" falsecount="2"/>
        <line num="52" count="0" type="stmt"/>
        <line num="54" count="0" type="stmt"/>
        <line num="55" count="0" type="cond" truecount="0" falsecount="2"/>
        <line num="56" count="0" type="stmt"/>
        <line num="58" count="0" type="stmt"/>
        <line num="59" count="0" type="cond" truecount="0" falsecount="2"/>
        <line num="60" count="0" type="stmt"/>
        <line num="62" count="0" type="stmt"/>
        <line num="63" count="0" type="cond" truecount="0" falsecount="2"/>
        <line num="64" count="0" type="stmt"/>
        <line num="66" count="0" type="stmt"/>
        <line num="67" count="0" type="cond" truecount="0" falsecount="2"/>
        <line num="68" count="0" type="stmt"/>
        <line num="70" count="0" type="stmt"/>
        <line num="71" count="0" type="stmt"/>
        <line num="78" count="0" type="cond" truecount="0" falsecount="4"/>
        <line num="79" count="0" type="stmt"/>
        <line num="82" count="0" type="cond" truecount="0" falsecount="2"/>
        <line num="83" count="0" type="stmt"/>
        <line num="86" count="0" type="stmt"/>
        <line num="89" count="9" type="stmt"/>
        <line num="90" count="5" type="stmt"/>
        <line num="91" count="5" type="stmt"/>
        <line num="92" count="5" type="stmt"/>
        <line num="93" count="5" type="stmt"/>
        <line num="94" count="5" type="stmt"/>
        <line num="96" count="5" type="cond" truecount="2" falsecount="0"/>
        <line num="97" count="4" type="cond" truecount="2" falsecount="0"/>
        <line num="98" count="2" type="stmt"/>
        <line num="100" count="2" type="cond" truecount="2" falsecount="0"/>
        <line num="101" count="1" type="stmt"/>
        <line num="103" count="1" type="stmt"/>
        <line num="107" count="5" type="stmt"/>
      </file>
      <file name="utility.js" path="D:\Projects\lss\lup-web-common-component-lhk\utils\utility.js">
        <metrics statements="44" coveredstatements="11" conditionals="21" coveredconditionals="4" methods="15" coveredmethods="3"/>
        <line num="5" count="0" type="cond" truecount="0" falsecount="2"/>
        <line num="9" count="18" type="cond" truecount="4" falsecount="0"/>
        <line num="10" count="12" type="stmt"/>
        <line num="12" count="6" type="stmt"/>
        <line num="13" count="9" type="stmt"/>
        <line num="14" count="9" type="stmt"/>
        <line num="15" count="9" type="stmt"/>
        <line num="16" count="0" type="stmt"/>
        <line num="19" count="6" type="stmt"/>
        <line num="23" count="0" type="cond" truecount="0" falsecount="4"/>
        <line num="24" count="0" type="stmt"/>
        <line num="26" count="0" type="stmt"/>
        <line num="27" count="0" type="stmt"/>
        <line num="28" count="0" type="stmt"/>
        <line num="29" count="0" type="stmt"/>
        <line num="30" count="0" type="cond" truecount="0" falsecount="2"/>
        <line num="31" count="0" type="stmt"/>
        <line num="32" count="0" type="stmt"/>
        <line num="34" count="0" type="stmt"/>
        <line num="37" count="0" type="stmt"/>
        <line num="41" count="0" type="stmt"/>
        <line num="42" count="0" type="stmt"/>
        <line num="43" count="0" type="stmt"/>
        <line num="44" count="0" type="cond" truecount="0" falsecount="2"/>
        <line num="49" count="0" type="stmt"/>
        <line num="50" count="0" type="stmt"/>
        <line num="51" count="0" type="cond" truecount="0" falsecount="2"/>
        <line num="52" count="0" type="stmt"/>
        <line num="53" count="0" type="cond" truecount="0" falsecount="2"/>
        <line num="54" count="0" type="stmt"/>
        <line num="56" count="0" type="cond" truecount="0" falsecount="2"/>
        <line num="57" count="0" type="stmt"/>
        <line num="59" count="0" type="stmt"/>
        <line num="61" count="0" type="stmt"/>
        <line num="66" count="5" type="stmt"/>
        <line num="67" count="5" type="stmt"/>
        <line num="68" count="5" type="stmt"/>
        <line num="70" count="5" type="stmt"/>
        <line num="74" count="0" type="stmt"/>
        <line num="75" count="0" type="stmt"/>
        <line num="76" count="0" type="stmt"/>
        <line num="84" count="0" type="stmt"/>
        <line num="85" count="0" type="stmt"/>
        <line num="86" count="0" type="stmt"/>
      </file>
    </package>
  </project>
</coverage>
