{"D:\\Projects\\lss\\lup-web-common-component-lhk\\components\\atoms\\index.js": {"path":"D:\\Projects\\lss\\lup-web-common-component-lhk\\components\\atoms\\index.js","statementMap":{},"fnMap":{},"branchMap":{},"s":{},"f":{},"b":{},"_coverageSchema":"1a1c01bbd47fc00a2c39e90264f33305004495a9","hash":"789610cd651a4ffdcece70dcbb8b2a36ad35ab4b"}
,"D:\\Projects\\lss\\lup-web-common-component-lhk\\components\\atoms\\Badge\\index.js": {"path":"D:\\Projects\\lss\\lup-web-common-component-lhk\\components\\atoms\\Badge\\index.js","statementMap":{"0":{"start":{"line":6,"column":14},"end":{"line":16,"column":1}},"1":{"start":{"line":7,"column":2},"end":{"line":15,"column":4}},"2":{"start":{"line":18,"column":0},"end":{"line":21,"column":2}},"3":{"start":{"line":23,"column":0},"end":{"line":25,"column":2}}},"fnMap":{"0":{"name":"(anonymous_0)","decl":{"start":{"line":6,"column":14},"end":{"line":6,"column":15}},"loc":{"start":{"line":6,"column":42},"end":{"line":16,"column":1}},"line":6}},"branchMap":{},"s":{"0":29,"1":3,"2":29,"3":29},"f":{"0":3},"b":{},"_coverageSchema":"1a1c01bbd47fc00a2c39e90264f33305004495a9","hash":"9a9186a79315db00451ce346b9a9fd5f359386bd"}
,"D:\\Projects\\lss\\lup-web-common-component-lhk\\components\\atoms\\Badge\\styles.js": {"path":"D:\\Projects\\lss\\lup-web-common-component-lhk\\components\\atoms\\Badge\\styles.js","statementMap":{"0":{"start":{"line":12,"column":20},"end":{"line":26,"column":1}},"1":{"start":{"line":14,"column":28},"end":{"line":14,"column":30}},"2":{"start":{"line":28,"column":21},"end":{"line":30,"column":1}}},"fnMap":{"0":{"name":"(anonymous_0)","decl":{"start":{"line":14,"column":16},"end":{"line":14,"column":17}},"loc":{"start":{"line":14,"column":28},"end":{"line":14,"column":30}},"line":14}},"branchMap":{},"s":{"0":29,"1":3,"2":29},"f":{"0":3},"b":{},"_coverageSchema":"1a1c01bbd47fc00a2c39e90264f33305004495a9","hash":"32953489ab49bacfb55034c27b40fbf8bd56e3c3"}
,"D:\\Projects\\lss\\lup-web-common-component-lhk\\components\\atoms\\Block\\index.js": {"path":"D:\\Projects\\lss\\lup-web-common-component-lhk\\components\\atoms\\Block\\index.js","statementMap":{},"fnMap":{},"branchMap":{},"s":{},"f":{},"b":{},"_coverageSchema":"1a1c01bbd47fc00a2c39e90264f33305004495a9","hash":"d315ee5511e59c3b1eed0f77b804b71f03ebc108"}
,"D:\\Projects\\lss\\lup-web-common-component-lhk\\components\\atoms\\Block\\styles.js": {"path":"D:\\Projects\\lss\\lup-web-common-component-lhk\\components\\atoms\\Block\\styles.js","statementMap":{"0":{"start":{"line":3,"column":20},"end":{"line":4,"column":1}}},"fnMap":{},"branchMap":{},"s":{"0":29},"f":{},"b":{},"_coverageSchema":"1a1c01bbd47fc00a2c39e90264f33305004495a9","hash":"12b2ab6ebceed7065a369898339a9ae5bfaaac19"}
,"D:\\Projects\\lss\\lup-web-common-component-lhk\\components\\atoms\\Button\\index.js": {"path":"D:\\Projects\\lss\\lup-web-common-component-lhk\\components\\atoms\\Button\\index.js","statementMap":{"0":{"start":{"line":5,"column":15},"end":{"line":9,"column":1}},"1":{"start":{"line":6,"column":2},"end":{"line":8,"column":17}},"2":{"start":{"line":11,"column":0},"end":{"line":19,"column":2}},"3":{"start":{"line":21,"column":0},"end":{"line":28,"column":2}}},"fnMap":{"0":{"name":"(anonymous_0)","decl":{"start":{"line":5,"column":15},"end":{"line":5,"column":16}},"loc":{"start":{"line":6,"column":2},"end":{"line":8,"column":17}},"line":6}},"branchMap":{"0":{"loc":{"start":{"line":6,"column":37},"end":{"line":6,"column":58}},"type":"binary-expr","locations":[{"start":{"line":6,"column":37},"end":{"line":6,"column":46}},{"start":{"line":6,"column":50},"end":{"line":6,"column":58}}],"line":6},"1":{"loc":{"start":{"line":7,"column":5},"end":{"line":7,"column":45}},"type":"cond-expr","locations":[{"start":{"line":7,"column":17},"end":{"line":7,"column":34}},{"start":{"line":7,"column":37},"end":{"line":7,"column":45}}],"line":7}},"s":{"0":29,"1":68,"2":29,"3":29},"f":{"0":68},"b":{"0":[68,68],"1":[0,68]},"_coverageSchema":"1a1c01bbd47fc00a2c39e90264f33305004495a9","hash":"bbcce9dfae6f85eb08548de9d8010a5e0722b560"}
,"D:\\Projects\\lss\\lup-web-common-component-lhk\\components\\atoms\\Button\\styles.js": {"path":"D:\\Projects\\lss\\lup-web-common-component-lhk\\components\\atoms\\Button\\styles.js","statementMap":{"0":{"start":{"line":18,"column":26},"end":{"line":38,"column":1}},"1":{"start":{"line":40,"column":30},"end":{"line":62,"column":1}},"2":{"start":{"line":64,"column":28},"end":{"line":86,"column":1}},"3":{"start":{"line":88,"column":28},"end":{"line":109,"column":1}},"4":{"start":{"line":111,"column":25},"end":{"line":117,"column":1}},"5":{"start":{"line":119,"column":15},"end":{"line":124,"column":1}},"6":{"start":{"line":126,"column":14},"end":{"line":131,"column":1}},"7":{"start":{"line":133,"column":21},"end":{"line":148,"column":1}},"8":{"start":{"line":135,"column":43},"end":{"line":135,"column":56}},"9":{"start":{"line":145,"column":26},"end":{"line":145,"column":37}},"10":{"start":{"line":146,"column":29},"end":{"line":146,"column":44}},"11":{"start":{"line":147,"column":21},"end":{"line":147,"column":36}},"12":{"start":{"line":150,"column":18},"end":{"line":158,"column":1}},"13":{"start":{"line":160,"column":22},"end":{"line":167,"column":1}}},"fnMap":{"0":{"name":"(anonymous_0)","decl":{"start":{"line":135,"column":20},"end":{"line":135,"column":21}},"loc":{"start":{"line":135,"column":43},"end":{"line":135,"column":56}},"line":135},"1":{"name":"(anonymous_1)","decl":{"start":{"line":145,"column":12},"end":{"line":145,"column":13}},"loc":{"start":{"line":145,"column":26},"end":{"line":145,"column":37}},"line":145},"2":{"name":"(anonymous_2)","decl":{"start":{"line":146,"column":15},"end":{"line":146,"column":16}},"loc":{"start":{"line":146,"column":29},"end":{"line":146,"column":44}},"line":146},"3":{"name":"(anonymous_3)","decl":{"start":{"line":147,"column":4},"end":{"line":147,"column":5}},"loc":{"start":{"line":147,"column":21},"end":{"line":147,"column":36}},"line":147}},"branchMap":{},"s":{"0":29,"1":29,"2":29,"3":29,"4":29,"5":29,"6":29,"7":29,"8":68,"9":68,"10":68,"11":68,"12":29,"13":29},"f":{"0":68,"1":68,"2":68,"3":68},"b":{},"_coverageSchema":"1a1c01bbd47fc00a2c39e90264f33305004495a9","hash":"3cc190d4f4f6f616fbc26001c2a0f8a37278fea8"}
,"D:\\Projects\\lss\\lup-web-common-component-lhk\\components\\atoms\\ChatAvatar\\index.js": {"path":"D:\\Projects\\lss\\lup-web-common-component-lhk\\components\\atoms\\ChatAvatar\\index.js","statementMap":{"0":{"start":{"line":6,"column":20},"end":{"line":9,"column":1}},"1":{"start":{"line":11,"column":19},"end":{"line":32,"column":1}},"2":{"start":{"line":13,"column":8},"end":{"line":15,"column":27}},"3":{"start":{"line":18,"column":4},"end":{"line":29,"column":5}},"4":{"start":{"line":19,"column":8},"end":{"line":28,"column":9}},"5":{"start":{"line":31,"column":4},"end":{"line":31,"column":18}},"6":{"start":{"line":34,"column":0},"end":{"line":38,"column":2}},"7":{"start":{"line":40,"column":0},"end":{"line":44,"column":2}}},"fnMap":{"0":{"name":"(anonymous_0)","decl":{"start":{"line":11,"column":19},"end":{"line":11,"column":20}},"loc":{"start":{"line":11,"column":52},"end":{"line":32,"column":1}},"line":11}},"branchMap":{"0":{"loc":{"start":{"line":18,"column":4},"end":{"line":29,"column":5}},"type":"if","locations":[{"start":{"line":18,"column":4},"end":{"line":29,"column":5}},{"start":{"line":18,"column":4},"end":{"line":29,"column":5}}],"line":18}},"s":{"0":29,"1":29,"2":3,"3":3,"4":1,"5":2,"6":29,"7":29},"f":{"0":3},"b":{"0":[1,2]},"_coverageSchema":"1a1c01bbd47fc00a2c39e90264f33305004495a9","hash":"b68380b802075daac572a67932a7195050fce203"}
,"D:\\Projects\\lss\\lup-web-common-component-lhk\\components\\atoms\\ChatAvatar\\styles.js": {"path":"D:\\Projects\\lss\\lup-web-common-component-lhk\\components\\atoms\\ChatAvatar\\styles.js","statementMap":{"0":{"start":{"line":8,"column":25},"end":{"line":15,"column":1}},"1":{"start":{"line":11,"column":27},"end":{"line":11,"column":35}},"2":{"start":{"line":17,"column":24},"end":{"line":22,"column":1}}},"fnMap":{"0":{"name":"(anonymous_0)","decl":{"start":{"line":11,"column":18},"end":{"line":11,"column":19}},"loc":{"start":{"line":11,"column":27},"end":{"line":11,"column":35}},"line":11}},"branchMap":{},"s":{"0":29,"1":3,"2":29},"f":{"0":3},"b":{},"_coverageSchema":"1a1c01bbd47fc00a2c39e90264f33305004495a9","hash":"e234e7af4c0039db26cb1271a04ea6f5623ef400"}
,"D:\\Projects\\lss\\lup-web-common-component-lhk\\components\\atoms\\ChatReactMentions\\index.js": {"path":"D:\\Projects\\lss\\lup-web-common-component-lhk\\components\\atoms\\ChatReactMentions\\index.js","statementMap":{"0":{"start":{"line":9,"column":26},"end":{"line":42,"column":1}},"1":{"start":{"line":10,"column":4},"end":{"line":41,"column":6}},"2":{"start":{"line":22,"column":37},"end":{"line":25,"column":13}},"3":{"start":{"line":28,"column":16},"end":{"line":36,"column":19}},"4":{"start":{"line":33,"column":59},"end":{"line":33,"column":70}},"5":{"start":{"line":43,"column":0},"end":{"line":51,"column":1}},"6":{"start":{"line":53,"column":0},"end":{"line":61,"column":1}}},"fnMap":{"0":{"name":"(anonymous_0)","decl":{"start":{"line":9,"column":26},"end":{"line":9,"column":27}},"loc":{"start":{"line":9,"column":69},"end":{"line":42,"column":1}},"line":9},"1":{"name":"(anonymous_1)","decl":{"start":{"line":22,"column":28},"end":{"line":22,"column":29}},"loc":{"start":{"line":22,"column":37},"end":{"line":25,"column":13}},"line":22},"2":{"name":"(anonymous_2)","decl":{"start":{"line":27,"column":30},"end":{"line":27,"column":31}},"loc":{"start":{"line":27,"column":85},"end":{"line":37,"column":13}},"line":27},"3":{"name":"(anonymous_3)","decl":{"start":{"line":33,"column":54},"end":{"line":33,"column":55}},"loc":{"start":{"line":33,"column":59},"end":{"line":33,"column":70}},"line":33},"4":{"name":"(anonymous_4)","decl":{"start":{"line":55,"column":14},"end":{"line":55,"column":15}},"loc":{"start":{"line":55,"column":20},"end":{"line":55,"column":22}},"line":55}},"branchMap":{"0":{"loc":{"start":{"line":29,"column":17},"end":{"line":31,"column":22}},"type":"cond-expr","locations":[{"start":{"line":30,"column":16},"end":{"line":30,"column":43}},{"start":{"line":31,"column":17},"end":{"line":31,"column":22}}],"line":29}},"s":{"0":28,"1":7,"2":14,"3":0,"4":0,"5":28,"6":28},"f":{"0":7,"1":14,"2":0,"3":0,"4":0},"b":{"0":[0,0]},"_coverageSchema":"1a1c01bbd47fc00a2c39e90264f33305004495a9","hash":"22e739ef2721c83ba0f3704aa5d0b039ca6dceae"}
,"D:\\Projects\\lss\\lup-web-common-component-lhk\\components\\atoms\\ChatReactMentions\\styles.js": {"path":"D:\\Projects\\lss\\lup-web-common-component-lhk\\components\\atoms\\ChatReactMentions\\styles.js","statementMap":{"0":{"start":{"line":4,"column":33},"end":{"line":19,"column":1}}},"fnMap":{},"branchMap":{},"s":{"0":28},"f":{},"b":{},"_coverageSchema":"1a1c01bbd47fc00a2c39e90264f33305004495a9","hash":"e277a45acddce50f2bdb67694e75800ab34b08ee"}
,"D:\\Projects\\lss\\lup-web-common-component-lhk\\components\\atoms\\Checkbox\\index.js": {"path":"D:\\Projects\\lss\\lup-web-common-component-lhk\\components\\atoms\\Checkbox\\index.js","statementMap":{"0":{"start":{"line":5,"column":17},"end":{"line":10,"column":1}},"1":{"start":{"line":6,"column":2},"end":{"line":9,"column":19}},"2":{"start":{"line":12,"column":0},"end":{"line":17,"column":2}},"3":{"start":{"line":19,"column":0},"end":{"line":23,"column":2}}},"fnMap":{"0":{"name":"(anonymous_0)","decl":{"start":{"line":5,"column":17},"end":{"line":5,"column":18}},"loc":{"start":{"line":6,"column":2},"end":{"line":9,"column":19}},"line":6},"1":{"name":"(anonymous_1)","decl":{"start":{"line":22,"column":12},"end":{"line":22,"column":13}},"loc":{"start":{"line":22,"column":18},"end":{"line":22,"column":20}},"line":22}},"branchMap":{"0":{"loc":{"start":{"line":7,"column":5},"end":{"line":7,"column":48}},"type":"binary-expr","locations":[{"start":{"line":7,"column":5},"end":{"line":7,"column":10}},{"start":{"line":7,"column":14},"end":{"line":7,"column":48}}],"line":7},"1":{"loc":{"start":{"line":8,"column":5},"end":{"line":8,"column":60}},"type":"binary-expr","locations":[{"start":{"line":8,"column":5},"end":{"line":8,"column":13}},{"start":{"line":8,"column":17},"end":{"line":8,"column":60}}],"line":8}},"s":{"0":29,"1":125,"2":29,"3":29},"f":{"0":125,"1":0},"b":{"0":[125,109],"1":[125,17]},"_coverageSchema":"1a1c01bbd47fc00a2c39e90264f33305004495a9","hash":"0647c43e14f8b15feff426e2c0ea345b9dc3b169"}
,"D:\\Projects\\lss\\lup-web-common-component-lhk\\components\\atoms\\Checkbox\\styles.js": {"path":"D:\\Projects\\lss\\lup-web-common-component-lhk\\components\\atoms\\Checkbox\\styles.js","statementMap":{"0":{"start":{"line":10,"column":20},"end":{"line":15,"column":1}},"1":{"start":{"line":17,"column":23},"end":{"line":22,"column":1}},"2":{"start":{"line":24,"column":23},"end":{"line":164,"column":1}},"3":{"start":{"line":166,"column":23},"end":{"line":173,"column":1}}},"fnMap":{},"branchMap":{},"s":{"0":29,"1":29,"2":29,"3":29},"f":{},"b":{},"_coverageSchema":"1a1c01bbd47fc00a2c39e90264f33305004495a9","hash":"06a28b550485cdbd4896612d5ee5c5edd62583a3"}
,"D:\\Projects\\lss\\lup-web-common-component-lhk\\components\\atoms\\Cross1\\index.js": {"path":"D:\\Projects\\lss\\lup-web-common-component-lhk\\components\\atoms\\Cross1\\index.js","statementMap":{"0":{"start":{"line":7,"column":15},"end":{"line":9,"column":1}},"1":{"start":{"line":8,"column":2},"end":{"line":8,"column":67}},"2":{"start":{"line":11,"column":0},"end":{"line":14,"column":2}},"3":{"start":{"line":16,"column":0},"end":{"line":19,"column":2}}},"fnMap":{"0":{"name":"(anonymous_0)","decl":{"start":{"line":7,"column":15},"end":{"line":7,"column":16}},"loc":{"start":{"line":7,"column":38},"end":{"line":9,"column":1}},"line":7},"1":{"name":"(anonymous_1)","decl":{"start":{"line":18,"column":11},"end":{"line":18,"column":12}},"loc":{"start":{"line":18,"column":17},"end":{"line":18,"column":19}},"line":18}},"branchMap":{},"s":{"0":29,"1":53,"2":29,"3":29},"f":{"0":53,"1":0},"b":{},"_coverageSchema":"1a1c01bbd47fc00a2c39e90264f33305004495a9","hash":"5b95de04adf270232e1a36cb6de681e154c9142e"}
,"D:\\Projects\\lss\\lup-web-common-component-lhk\\components\\atoms\\Cross1\\styles.js": {"path":"D:\\Projects\\lss\\lup-web-common-component-lhk\\components\\atoms\\Cross1\\styles.js","statementMap":{"0":{"start":{"line":3,"column":20},"end":{"line":9,"column":1}},"1":{"start":{"line":4,"column":20},"end":{"line":4,"column":30}},"2":{"start":{"line":5,"column":22},"end":{"line":5,"column":32}}},"fnMap":{"0":{"name":"(anonymous_0)","decl":{"start":{"line":4,"column":11},"end":{"line":4,"column":12}},"loc":{"start":{"line":4,"column":20},"end":{"line":4,"column":30}},"line":4},"1":{"name":"(anonymous_1)","decl":{"start":{"line":5,"column":13},"end":{"line":5,"column":14}},"loc":{"start":{"line":5,"column":22},"end":{"line":5,"column":32}},"line":5}},"branchMap":{},"s":{"0":29,"1":53,"2":53},"f":{"0":53,"1":53},"b":{},"_coverageSchema":"1a1c01bbd47fc00a2c39e90264f33305004495a9","hash":"4f758869022cbb54b99ce263e212173930c9bd96"}
,"D:\\Projects\\lss\\lup-web-common-component-lhk\\components\\atoms\\Cross2\\index.js": {"path":"D:\\Projects\\lss\\lup-web-common-component-lhk\\components\\atoms\\Cross2\\index.js","statementMap":{"0":{"start":{"line":7,"column":15},"end":{"line":9,"column":1}},"1":{"start":{"line":8,"column":2},"end":{"line":8,"column":67}},"2":{"start":{"line":11,"column":0},"end":{"line":14,"column":2}},"3":{"start":{"line":16,"column":0},"end":{"line":19,"column":2}}},"fnMap":{"0":{"name":"(anonymous_0)","decl":{"start":{"line":7,"column":15},"end":{"line":7,"column":16}},"loc":{"start":{"line":7,"column":38},"end":{"line":9,"column":1}},"line":7},"1":{"name":"(anonymous_1)","decl":{"start":{"line":18,"column":11},"end":{"line":18,"column":12}},"loc":{"start":{"line":18,"column":17},"end":{"line":18,"column":19}},"line":18}},"branchMap":{},"s":{"0":29,"1":7,"2":29,"3":29},"f":{"0":7,"1":0},"b":{},"_coverageSchema":"1a1c01bbd47fc00a2c39e90264f33305004495a9","hash":"8f2f0dd208012bdf612f4810722ca83213f5eb6c"}
,"D:\\Projects\\lss\\lup-web-common-component-lhk\\components\\atoms\\Cross2\\styles.js": {"path":"D:\\Projects\\lss\\lup-web-common-component-lhk\\components\\atoms\\Cross2\\styles.js","statementMap":{"0":{"start":{"line":3,"column":20},"end":{"line":9,"column":1}},"1":{"start":{"line":4,"column":20},"end":{"line":4,"column":30}},"2":{"start":{"line":5,"column":22},"end":{"line":5,"column":32}}},"fnMap":{"0":{"name":"(anonymous_0)","decl":{"start":{"line":4,"column":11},"end":{"line":4,"column":12}},"loc":{"start":{"line":4,"column":20},"end":{"line":4,"column":30}},"line":4},"1":{"name":"(anonymous_1)","decl":{"start":{"line":5,"column":13},"end":{"line":5,"column":14}},"loc":{"start":{"line":5,"column":22},"end":{"line":5,"column":32}},"line":5}},"branchMap":{},"s":{"0":29,"1":7,"2":7},"f":{"0":7,"1":7},"b":{},"_coverageSchema":"1a1c01bbd47fc00a2c39e90264f33305004495a9","hash":"849a6a476540d4369630658fa5c3929880c2c73a"}
,"D:\\Projects\\lss\\lup-web-common-component-lhk\\components\\atoms\\Cross3\\index.js": {"path":"D:\\Projects\\lss\\lup-web-common-component-lhk\\components\\atoms\\Cross3\\index.js","statementMap":{"0":{"start":{"line":7,"column":15},"end":{"line":9,"column":1}},"1":{"start":{"line":8,"column":2},"end":{"line":8,"column":67}},"2":{"start":{"line":11,"column":0},"end":{"line":14,"column":2}},"3":{"start":{"line":16,"column":0},"end":{"line":19,"column":2}}},"fnMap":{"0":{"name":"(anonymous_0)","decl":{"start":{"line":7,"column":15},"end":{"line":7,"column":16}},"loc":{"start":{"line":7,"column":38},"end":{"line":9,"column":1}},"line":7},"1":{"name":"(anonymous_1)","decl":{"start":{"line":18,"column":11},"end":{"line":18,"column":12}},"loc":{"start":{"line":18,"column":17},"end":{"line":18,"column":19}},"line":18}},"branchMap":{},"s":{"0":29,"1":2,"2":29,"3":29},"f":{"0":2,"1":0},"b":{},"_coverageSchema":"1a1c01bbd47fc00a2c39e90264f33305004495a9","hash":"ee13cf3af821d3307d9daf8adc6156940abc3f26"}
,"D:\\Projects\\lss\\lup-web-common-component-lhk\\components\\atoms\\Cross3\\styles.js": {"path":"D:\\Projects\\lss\\lup-web-common-component-lhk\\components\\atoms\\Cross3\\styles.js","statementMap":{"0":{"start":{"line":3,"column":20},"end":{"line":9,"column":1}},"1":{"start":{"line":4,"column":20},"end":{"line":4,"column":30}},"2":{"start":{"line":5,"column":22},"end":{"line":5,"column":32}}},"fnMap":{"0":{"name":"(anonymous_0)","decl":{"start":{"line":4,"column":11},"end":{"line":4,"column":12}},"loc":{"start":{"line":4,"column":20},"end":{"line":4,"column":30}},"line":4},"1":{"name":"(anonymous_1)","decl":{"start":{"line":5,"column":13},"end":{"line":5,"column":14}},"loc":{"start":{"line":5,"column":22},"end":{"line":5,"column":32}},"line":5}},"branchMap":{},"s":{"0":29,"1":2,"2":2},"f":{"0":2,"1":2},"b":{},"_coverageSchema":"1a1c01bbd47fc00a2c39e90264f33305004495a9","hash":"49d28ba73ebf0a4b057b41b4e5816becd477830a"}
,"D:\\Projects\\lss\\lup-web-common-component-lhk\\components\\atoms\\CustomDropDown\\index.js": {"path":"D:\\Projects\\lss\\lup-web-common-component-lhk\\components\\atoms\\CustomDropDown\\index.js","statementMap":{"0":{"start":{"line":5,"column":23},"end":{"line":12,"column":3}},"1":{"start":{"line":6,"column":2},"end":{"line":12,"column":3}},"2":{"start":{"line":14,"column":0},"end":{"line":17,"column":2}}},"fnMap":{"0":{"name":"(anonymous_0)","decl":{"start":{"line":5,"column":23},"end":{"line":5,"column":24}},"loc":{"start":{"line":6,"column":2},"end":{"line":12,"column":3}},"line":6}},"branchMap":{"0":{"loc":{"start":{"line":6,"column":2},"end":{"line":12,"column":3}},"type":"cond-expr","locations":[{"start":{"line":7,"column":4},"end":{"line":7,"column":46}},{"start":{"line":9,"column":4},"end":{"line":11,"column":15}}],"line":6}},"s":{"0":29,"1":11,"2":29},"f":{"0":11},"b":{"0":[8,3]},"_coverageSchema":"1a1c01bbd47fc00a2c39e90264f33305004495a9","hash":"731720062c961b6f76633cfc664ef179511de921"}
,"D:\\Projects\\lss\\lup-web-common-component-lhk\\components\\atoms\\FlexBlock\\index.js": {"path":"D:\\Projects\\lss\\lup-web-common-component-lhk\\components\\atoms\\FlexBlock\\index.js","statementMap":{"0":{"start":{"line":5,"column":0},"end":{"line":9,"column":2}},"1":{"start":{"line":11,"column":0},"end":{"line":15,"column":2}}},"fnMap":{},"branchMap":{},"s":{"0":29,"1":29},"f":{},"b":{},"_coverageSchema":"1a1c01bbd47fc00a2c39e90264f33305004495a9","hash":"63b232b26f4ee76e2fdad0d8884ce0c4d409e35b"}
,"D:\\Projects\\lss\\lup-web-common-component-lhk\\components\\atoms\\FlexBlock\\styles.js": {"path":"D:\\Projects\\lss\\lup-web-common-component-lhk\\components\\atoms\\FlexBlock\\styles.js","statementMap":{"0":{"start":{"line":3,"column":24},"end":{"line":11,"column":1}},"1":{"start":{"line":7,"column":50},"end":{"line":7,"column":61}},"2":{"start":{"line":8,"column":30},"end":{"line":8,"column":37}},"3":{"start":{"line":9,"column":36},"end":{"line":9,"column":46}},"4":{"start":{"line":10,"column":28},"end":{"line":10,"column":34}}},"fnMap":{"0":{"name":"(anonymous_0)","decl":{"start":{"line":7,"column":29},"end":{"line":7,"column":30}},"loc":{"start":{"line":7,"column":50},"end":{"line":7,"column":61}},"line":7},"1":{"name":"(anonymous_1)","decl":{"start":{"line":8,"column":13},"end":{"line":8,"column":14}},"loc":{"start":{"line":8,"column":30},"end":{"line":8,"column":37}},"line":8},"2":{"name":"(anonymous_2)","decl":{"start":{"line":9,"column":16},"end":{"line":9,"column":17}},"loc":{"start":{"line":9,"column":36},"end":{"line":9,"column":46}},"line":9},"3":{"name":"(anonymous_3)","decl":{"start":{"line":10,"column":12},"end":{"line":10,"column":13}},"loc":{"start":{"line":10,"column":28},"end":{"line":10,"column":34}},"line":10}},"branchMap":{},"s":{"0":29,"1":17,"2":17,"3":17,"4":17},"f":{"0":17,"1":17,"2":17,"3":17},"b":{},"_coverageSchema":"1a1c01bbd47fc00a2c39e90264f33305004495a9","hash":"fdc04bbe8b7a0fc60207b3d0674292cdc3dfe87e"}
,"D:\\Projects\\lss\\lup-web-common-component-lhk\\components\\atoms\\FormSpace\\index.js": {"path":"D:\\Projects\\lss\\lup-web-common-component-lhk\\components\\atoms\\FormSpace\\index.js","statementMap":{},"fnMap":{},"branchMap":{},"s":{},"f":{},"b":{},"_coverageSchema":"1a1c01bbd47fc00a2c39e90264f33305004495a9","hash":"ff51b6e8d0e2474c301a079a966876dd8e3a650f"}
,"D:\\Projects\\lss\\lup-web-common-component-lhk\\components\\atoms\\FormSpace\\styles.js": {"path":"D:\\Projects\\lss\\lup-web-common-component-lhk\\components\\atoms\\FormSpace\\styles.js","statementMap":{"0":{"start":{"line":6,"column":18},"end":{"line":8,"column":1}}},"fnMap":{},"branchMap":{},"s":{"0":28},"f":{},"b":{},"_coverageSchema":"1a1c01bbd47fc00a2c39e90264f33305004495a9","hash":"c910793ae076a02962ee38ac06c9847c702363b3"}
,"D:\\Projects\\lss\\lup-web-common-component-lhk\\components\\atoms\\Highlighter\\index.js": {"path":"D:\\Projects\\lss\\lup-web-common-component-lhk\\components\\atoms\\Highlighter\\index.js","statementMap":{},"fnMap":{},"branchMap":{},"s":{},"f":{},"b":{},"_coverageSchema":"1a1c01bbd47fc00a2c39e90264f33305004495a9","hash":"49b728e5336be3bf34f7ef0d33ae0164ff32e30c"}
,"D:\\Projects\\lss\\lup-web-common-component-lhk\\components\\atoms\\Highlighter\\styles.js": {"path":"D:\\Projects\\lss\\lup-web-common-component-lhk\\components\\atoms\\Highlighter\\styles.js","statementMap":{"0":{"start":{"line":4,"column":26},"end":{"line":8,"column":1}},"1":{"start":{"line":6,"column":28},"end":{"line":6,"column":61}}},"fnMap":{"0":{"name":"(anonymous_0)","decl":{"start":{"line":6,"column":18},"end":{"line":6,"column":19}},"loc":{"start":{"line":6,"column":28},"end":{"line":6,"column":61}},"line":6}},"branchMap":{"0":{"loc":{"start":{"line":6,"column":28},"end":{"line":6,"column":61}},"type":"binary-expr","locations":[{"start":{"line":6,"column":28},"end":{"line":6,"column":39}},{"start":{"line":6,"column":43},"end":{"line":6,"column":61}}],"line":6}},"s":{"0":29,"1":2},"f":{"0":2},"b":{"0":[2,1]},"_coverageSchema":"1a1c01bbd47fc00a2c39e90264f33305004495a9","hash":"01a57417d07330b8344ff1b723dc9984bcc13267"}
,"D:\\Projects\\lss\\lup-web-common-component-lhk\\components\\atoms\\IconButton\\index.js": {"path":"D:\\Projects\\lss\\lup-web-common-component-lhk\\components\\atoms\\IconButton\\index.js","statementMap":{"0":{"start":{"line":5,"column":19},"end":{"line":22,"column":1}},"1":{"start":{"line":14,"column":2},"end":{"line":21,"column":8}},"2":{"start":{"line":24,"column":0},"end":{"line":32,"column":2}},"3":{"start":{"line":34,"column":0},"end":{"line":41,"column":2}}},"fnMap":{"0":{"name":"(anonymous_0)","decl":{"start":{"line":5,"column":19},"end":{"line":5,"column":20}},"loc":{"start":{"line":14,"column":2},"end":{"line":21,"column":8}},"line":14},"1":{"name":"(anonymous_1)","decl":{"start":{"line":36,"column":11},"end":{"line":36,"column":12}},"loc":{"start":{"line":36,"column":17},"end":{"line":36,"column":19}},"line":36}},"branchMap":{"0":{"loc":{"start":{"line":19,"column":16},"end":{"line":19,"column":37}},"type":"binary-expr","locations":[{"start":{"line":19,"column":16},"end":{"line":19,"column":25}},{"start":{"line":19,"column":29},"end":{"line":19,"column":37}}],"line":19}},"s":{"0":30,"1":78,"2":30,"3":30},"f":{"0":78,"1":0},"b":{"0":[78,78]},"_coverageSchema":"1a1c01bbd47fc00a2c39e90264f33305004495a9","hash":"f85ec651af057f231a457a1f6709cbd3315410f5"}
,"D:\\Projects\\lss\\lup-web-common-component-lhk\\components\\atoms\\IconButton\\styles.js": {"path":"D:\\Projects\\lss\\lup-web-common-component-lhk\\components\\atoms\\IconButton\\styles.js","statementMap":{"0":{"start":{"line":3,"column":20},"end":{"line":12,"column":1}}},"fnMap":{},"branchMap":{},"s":{"0":30},"f":{},"b":{},"_coverageSchema":"1a1c01bbd47fc00a2c39e90264f33305004495a9","hash":"5d5a033dbe9b1f8b484f49bc3ffaae1794e66180"}
,"D:\\Projects\\lss\\lup-web-common-component-lhk\\components\\atoms\\Image\\index.js": {"path":"D:\\Projects\\lss\\lup-web-common-component-lhk\\components\\atoms\\Image\\index.js","statementMap":{"0":{"start":{"line":7,"column":14},"end":{"line":20,"column":1}},"1":{"start":{"line":9,"column":34},"end":{"line":9,"column":49}},"2":{"start":{"line":11,"column":22},"end":{"line":13,"column":3}},"3":{"start":{"line":12,"column":4},"end":{"line":12,"column":22}},"4":{"start":{"line":15,"column":2},"end":{"line":17,"column":3}},"5":{"start":{"line":16,"column":4},"end":{"line":16,"column":76}},"6":{"start":{"line":19,"column":2},"end":{"line":19,"column":87}},"7":{"start":{"line":22,"column":0},"end":{"line":26,"column":2}},"8":{"start":{"line":28,"column":0},"end":{"line":32,"column":2}}},"fnMap":{"0":{"name":"(anonymous_0)","decl":{"start":{"line":7,"column":14},"end":{"line":7,"column":15}},"loc":{"start":{"line":7,"column":42},"end":{"line":20,"column":1}},"line":7},"1":{"name":"(anonymous_1)","decl":{"start":{"line":11,"column":22},"end":{"line":11,"column":23}},"loc":{"start":{"line":11,"column":28},"end":{"line":13,"column":3}},"line":11}},"branchMap":{"0":{"loc":{"start":{"line":15,"column":2},"end":{"line":17,"column":3}},"type":"if","locations":[{"start":{"line":15,"column":2},"end":{"line":17,"column":3}},{"start":{"line":15,"column":2},"end":{"line":17,"column":3}}],"line":15},"1":{"loc":{"start":{"line":15,"column":6},"end":{"line":15,"column":22}},"type":"binary-expr","locations":[{"start":{"line":15,"column":6},"end":{"line":15,"column":10}},{"start":{"line":15,"column":14},"end":{"line":15,"column":22}}],"line":15}},"s":{"0":29,"1":67,"2":67,"3":0,"4":67,"5":60,"6":7,"7":29,"8":29},"f":{"0":67,"1":0},"b":{"0":[60,7],"1":[67,7]},"_coverageSchema":"1a1c01bbd47fc00a2c39e90264f33305004495a9","hash":"a94436f266792bf951760ddc09cd56a29ea480e0"}
,"D:\\Projects\\lss\\lup-web-common-component-lhk\\components\\atoms\\Image\\styles.js": {"path":"D:\\Projects\\lss\\lup-web-common-component-lhk\\components\\atoms\\Image\\styles.js","statementMap":{"0":{"start":{"line":3,"column":20},"end":{"line":11,"column":1}},"1":{"start":{"line":4,"column":20},"end":{"line":4,"column":31}},"2":{"start":{"line":5,"column":22},"end":{"line":5,"column":34}},"3":{"start":{"line":13,"column":32},"end":{"line":21,"column":1}},"4":{"start":{"line":16,"column":21},"end":{"line":16,"column":31}}},"fnMap":{"0":{"name":"(anonymous_0)","decl":{"start":{"line":4,"column":11},"end":{"line":4,"column":12}},"loc":{"start":{"line":4,"column":20},"end":{"line":4,"column":31}},"line":4},"1":{"name":"(anonymous_1)","decl":{"start":{"line":5,"column":13},"end":{"line":5,"column":14}},"loc":{"start":{"line":5,"column":22},"end":{"line":5,"column":34}},"line":5},"2":{"name":"(anonymous_2)","decl":{"start":{"line":16,"column":12},"end":{"line":16,"column":13}},"loc":{"start":{"line":16,"column":21},"end":{"line":16,"column":31}},"line":16}},"branchMap":{},"s":{"0":29,"1":7,"2":7,"3":29,"4":60},"f":{"0":7,"1":7,"2":60},"b":{},"_coverageSchema":"1a1c01bbd47fc00a2c39e90264f33305004495a9","hash":"bbcd9ce2538fcd3a145b70601d371b6c8f51d399"}
,"D:\\Projects\\lss\\lup-web-common-component-lhk\\components\\atoms\\Input\\index.js": {"path":"D:\\Projects\\lss\\lup-web-common-component-lhk\\components\\atoms\\Input\\index.js","statementMap":{},"fnMap":{},"branchMap":{},"s":{},"f":{},"b":{},"_coverageSchema":"1a1c01bbd47fc00a2c39e90264f33305004495a9","hash":"d95dff5c8b2b2d82b97082b9da6a0a5b244cf3d9"}
,"D:\\Projects\\lss\\lup-web-common-component-lhk\\components\\atoms\\Input\\styles.js": {"path":"D:\\Projects\\lss\\lup-web-common-component-lhk\\components\\atoms\\Input\\styles.js","statementMap":{"0":{"start":{"line":24,"column":20},"end":{"line":161,"column":1}}},"fnMap":{},"branchMap":{},"s":{"0":29},"f":{},"b":{},"_coverageSchema":"1a1c01bbd47fc00a2c39e90264f33305004495a9","hash":"760a9b27753bc6b7a4d8a44bcd245e38f6af2783"}
,"D:\\Projects\\lss\\lup-web-common-component-lhk\\components\\atoms\\Label\\index.js": {"path":"D:\\Projects\\lss\\lup-web-common-component-lhk\\components\\atoms\\Label\\index.js","statementMap":{},"fnMap":{},"branchMap":{},"s":{},"f":{},"b":{},"_coverageSchema":"1a1c01bbd47fc00a2c39e90264f33305004495a9","hash":"52e8c84457de4a72bdfabc0f8b516b417d1f727f"}
,"D:\\Projects\\lss\\lup-web-common-component-lhk\\components\\atoms\\Label\\styles.js": {"path":"D:\\Projects\\lss\\lup-web-common-component-lhk\\components\\atoms\\Label\\styles.js","statementMap":{"0":{"start":{"line":12,"column":20},"end":{"line":25,"column":1}},"1":{"start":{"line":23,"column":20},"end":{"line":23,"column":74}},"2":{"start":{"line":24,"column":20},"end":{"line":24,"column":59}}},"fnMap":{"0":{"name":"(anonymous_0)","decl":{"start":{"line":23,"column":11},"end":{"line":23,"column":12}},"loc":{"start":{"line":23,"column":20},"end":{"line":23,"column":74}},"line":23},"1":{"name":"(anonymous_1)","decl":{"start":{"line":24,"column":11},"end":{"line":24,"column":12}},"loc":{"start":{"line":24,"column":20},"end":{"line":24,"column":59}},"line":24}},"branchMap":{"0":{"loc":{"start":{"line":23,"column":20},"end":{"line":23,"column":74}},"type":"cond-expr","locations":[{"start":{"line":23,"column":37},"end":{"line":23,"column":50}},{"start":{"line":23,"column":53},"end":{"line":23,"column":74}}],"line":23},"1":{"loc":{"start":{"line":24,"column":20},"end":{"line":24,"column":59}},"type":"binary-expr","locations":[{"start":{"line":24,"column":20},"end":{"line":24,"column":31}},{"start":{"line":24,"column":35},"end":{"line":24,"column":59}}],"line":24}},"s":{"0":29,"1":23,"2":23},"f":{"0":23,"1":23},"b":{"0":[22,1],"1":[23,0]},"_coverageSchema":"1a1c01bbd47fc00a2c39e90264f33305004495a9","hash":"2c76e8f39223dbc369853aa42caa5cec0430d364"}
,"D:\\Projects\\lss\\lup-web-common-component-lhk\\components\\atoms\\Modal\\index.js": {"path":"D:\\Projects\\lss\\lup-web-common-component-lhk\\components\\atoms\\Modal\\index.js","statementMap":{},"fnMap":{},"branchMap":{},"s":{},"f":{},"b":{},"_coverageSchema":"1a1c01bbd47fc00a2c39e90264f33305004495a9","hash":"8df9dc98853d7eb2ba8b488ade633b7c5d840016"}
,"D:\\Projects\\lss\\lup-web-common-component-lhk\\components\\atoms\\Modal\\styles.js": {"path":"D:\\Projects\\lss\\lup-web-common-component-lhk\\components\\atoms\\Modal\\styles.js","statementMap":{"0":{"start":{"line":5,"column":20},"end":{"line":14,"column":1}}},"fnMap":{},"branchMap":{},"s":{"0":29},"f":{},"b":{},"_coverageSchema":"1a1c01bbd47fc00a2c39e90264f33305004495a9","hash":"f72a782ddbf961b537d2099ee13d3d68f59b5017"}
,"D:\\Projects\\lss\\lup-web-common-component-lhk\\components\\atoms\\Radio\\index.js": {"path":"D:\\Projects\\lss\\lup-web-common-component-lhk\\components\\atoms\\Radio\\index.js","statementMap":{"0":{"start":{"line":5,"column":14},"end":{"line":5,"column":84}},"1":{"start":{"line":5,"column":39},"end":{"line":5,"column":84}},"2":{"start":{"line":7,"column":0},"end":{"line":10,"column":2}},"3":{"start":{"line":12,"column":0},"end":{"line":15,"column":2}}},"fnMap":{"0":{"name":"(anonymous_0)","decl":{"start":{"line":5,"column":14},"end":{"line":5,"column":15}},"loc":{"start":{"line":5,"column":39},"end":{"line":5,"column":84}},"line":5}},"branchMap":{},"s":{"0":29,"1":1,"2":29,"3":29},"f":{"0":1},"b":{},"_coverageSchema":"1a1c01bbd47fc00a2c39e90264f33305004495a9","hash":"b7c46b4d62d51dedafc93a7d85e6656b0a8d0014"}
,"D:\\Projects\\lss\\lup-web-common-component-lhk\\components\\atoms\\Radio\\styles.js": {"path":"D:\\Projects\\lss\\lup-web-common-component-lhk\\components\\atoms\\Radio\\styles.js","statementMap":{"0":{"start":{"line":6,"column":20},"end":{"line":105,"column":1}}},"fnMap":{},"branchMap":{},"s":{"0":29},"f":{},"b":{},"_coverageSchema":"1a1c01bbd47fc00a2c39e90264f33305004495a9","hash":"bb3a5e6868eb935878ebe32107991cf58b25bd47"}
,"D:\\Projects\\lss\\lup-web-common-component-lhk\\components\\atoms\\SearchInput\\index.js": {"path":"D:\\Projects\\lss\\lup-web-common-component-lhk\\components\\atoms\\SearchInput\\index.js","statementMap":{"0":{"start":{"line":9,"column":20},"end":{"line":28,"column":1}},"1":{"start":{"line":10,"column":31},"end":{"line":10,"column":46}},"2":{"start":{"line":12,"column":4},"end":{"line":14,"column":16}},"3":{"start":{"line":13,"column":8},"end":{"line":13,"column":24}},"4":{"start":{"line":15,"column":4},"end":{"line":27,"column":5}},"5":{"start":{"line":21,"column":29},"end":{"line":21,"column":53}},"6":{"start":{"line":30,"column":0},"end":{"line":36,"column":1}},"7":{"start":{"line":38,"column":0},"end":{"line":44,"column":1}}},"fnMap":{"0":{"name":"(anonymous_0)","decl":{"start":{"line":9,"column":20},"end":{"line":9,"column":21}},"loc":{"start":{"line":9,"column":79},"end":{"line":28,"column":1}},"line":9},"1":{"name":"(anonymous_1)","decl":{"start":{"line":12,"column":14},"end":{"line":12,"column":15}},"loc":{"start":{"line":12,"column":20},"end":{"line":14,"column":5}},"line":12},"2":{"name":"(anonymous_2)","decl":{"start":{"line":21,"column":22},"end":{"line":21,"column":23}},"loc":{"start":{"line":21,"column":29},"end":{"line":21,"column":53}},"line":21},"3":{"name":"(anonymous_3)","decl":{"start":{"line":40,"column":14},"end":{"line":40,"column":15}},"loc":{"start":{"line":40,"column":20},"end":{"line":40,"column":23}},"line":40}},"branchMap":{"0":{"loc":{"start":{"line":25,"column":9},"end":{"line":25,"column":145}},"type":"binary-expr","locations":[{"start":{"line":25,"column":9},"end":{"line":25,"column":20}},{"start":{"line":25,"column":24},"end":{"line":25,"column":145}}],"line":25}},"s":{"0":28,"1":3,"2":3,"3":3,"4":3,"5":0,"6":28,"7":28},"f":{"0":3,"1":3,"2":0,"3":0},"b":{"0":[3,1]},"_coverageSchema":"1a1c01bbd47fc00a2c39e90264f33305004495a9","hash":"9637afb0029e67592ec6fd22ce5752233f99d925"}
,"D:\\Projects\\lss\\lup-web-common-component-lhk\\components\\atoms\\SearchInput\\styles.js": {"path":"D:\\Projects\\lss\\lup-web-common-component-lhk\\components\\atoms\\SearchInput\\styles.js","statementMap":{"0":{"start":{"line":25,"column":30},"end":{"line":25,"column":35}},"1":{"start":{"line":27,"column":26},"end":{"line":106,"column":1}},"2":{"start":{"line":76,"column":35},"end":{"line":76,"column":96}},"3":{"start":{"line":77,"column":31},"end":{"line":77,"column":76}},"4":{"start":{"line":100,"column":24},"end":{"line":100,"column":59}}},"fnMap":{"0":{"name":"(anonymous_0)","decl":{"start":{"line":76,"column":26},"end":{"line":76,"column":27}},"loc":{"start":{"line":76,"column":35},"end":{"line":76,"column":96}},"line":76},"1":{"name":"(anonymous_1)","decl":{"start":{"line":77,"column":22},"end":{"line":77,"column":23}},"loc":{"start":{"line":77,"column":31},"end":{"line":77,"column":76}},"line":77},"2":{"name":"(anonymous_2)","decl":{"start":{"line":100,"column":15},"end":{"line":100,"column":16}},"loc":{"start":{"line":100,"column":24},"end":{"line":100,"column":59}},"line":100}},"branchMap":{"0":{"loc":{"start":{"line":76,"column":35},"end":{"line":76,"column":96}},"type":"cond-expr","locations":[{"start":{"line":76,"column":55},"end":{"line":76,"column":88}},{"start":{"line":76,"column":91},"end":{"line":76,"column":96}}],"line":76},"1":{"loc":{"start":{"line":77,"column":31},"end":{"line":77,"column":76}},"type":"binary-expr","locations":[{"start":{"line":77,"column":31},"end":{"line":77,"column":48}},{"start":{"line":77,"column":52},"end":{"line":77,"column":76}}],"line":77},"2":{"loc":{"start":{"line":100,"column":24},"end":{"line":100,"column":59}},"type":"cond-expr","locations":[{"start":{"line":100,"column":44},"end":{"line":100,"column":50}},{"start":{"line":100,"column":52},"end":{"line":100,"column":59}}],"line":100}},"s":{"0":28,"1":28,"2":3,"3":3,"4":3},"f":{"0":3,"1":3,"2":3},"b":{"0":[1,2],"1":[3,1],"2":[1,2]},"_coverageSchema":"1a1c01bbd47fc00a2c39e90264f33305004495a9","hash":"fdc5b2fe8d82ca0073613b72fbb25607b148db68"}
,"D:\\Projects\\lss\\lup-web-common-component-lhk\\components\\atoms\\Select\\index.js": {"path":"D:\\Projects\\lss\\lup-web-common-component-lhk\\components\\atoms\\Select\\index.js","statementMap":{"0":{"start":{"line":7,"column":25},"end":{"line":19,"column":6}},"1":{"start":{"line":8,"column":4},"end":{"line":19,"column":6}},"2":{"start":{"line":9,"column":8},"end":{"line":18,"column":20}},"3":{"start":{"line":21,"column":15},"end":{"line":43,"column":5}},"4":{"start":{"line":26,"column":8},"end":{"line":42,"column":24}},"5":{"start":{"line":29,"column":55},"end":{"line":29,"column":65}},"6":{"start":{"line":34,"column":20},"end":{"line":37,"column":23}},"7":{"start":{"line":45,"column":0},"end":{"line":48,"column":2}},"8":{"start":{"line":50,"column":0},"end":{"line":53,"column":2}}},"fnMap":{"0":{"name":"(anonymous_0)","decl":{"start":{"line":7,"column":25},"end":{"line":7,"column":26}},"loc":{"start":{"line":8,"column":4},"end":{"line":19,"column":6}},"line":8},"1":{"name":"(anonymous_1)","decl":{"start":{"line":8,"column":16},"end":{"line":8,"column":17}},"loc":{"start":{"line":9,"column":8},"end":{"line":18,"column":20}},"line":9},"2":{"name":"(anonymous_2)","decl":{"start":{"line":21,"column":15},"end":{"line":21,"column":16}},"loc":{"start":{"line":26,"column":8},"end":{"line":42,"column":24}},"line":26},"3":{"name":"(anonymous_3)","decl":{"start":{"line":29,"column":35},"end":{"line":29,"column":36}},"loc":{"start":{"line":29,"column":55},"end":{"line":29,"column":65}},"line":29},"4":{"name":"(anonymous_4)","decl":{"start":{"line":33,"column":32},"end":{"line":33,"column":33}},"loc":{"start":{"line":34,"column":20},"end":{"line":37,"column":23}},"line":34}},"branchMap":{"0":{"loc":{"start":{"line":9,"column":24},"end":{"line":9,"column":36}},"type":"binary-expr","locations":[{"start":{"line":9,"column":24},"end":{"line":9,"column":27}},{"start":{"line":9,"column":31},"end":{"line":9,"column":36}}],"line":9},"1":{"loc":{"start":{"line":9,"column":45},"end":{"line":9,"column":76}},"type":"cond-expr","locations":[{"start":{"line":9,"column":65},"end":{"line":9,"column":68}},{"start":{"line":9,"column":71},"end":{"line":9,"column":76}}],"line":9},"2":{"loc":{"start":{"line":10,"column":13},"end":{"line":17,"column":17}},"type":"cond-expr","locations":[{"start":{"line":11,"column":16},"end":{"line":14,"column":38}},{"start":{"line":16,"column":20},"end":{"line":16,"column":25}}],"line":10}},"s":{"0":29,"1":3,"2":3,"3":29,"4":3,"5":0,"6":6,"7":29,"8":29},"f":{"0":3,"1":3,"2":3,"3":0,"4":6},"b":{"0":[3,0],"1":[3,0],"2":[2,1]},"_coverageSchema":"1a1c01bbd47fc00a2c39e90264f33305004495a9","hash":"c8d274d1bf8d4dc83a88142c34b380ae3c1b3a99"}
,"D:\\Projects\\lss\\lup-web-common-component-lhk\\components\\atoms\\Select\\styles.js": {"path":"D:\\Projects\\lss\\lup-web-common-component-lhk\\components\\atoms\\Select\\styles.js","statementMap":{"0":{"start":{"line":30,"column":21},"end":{"line":101,"column":1}},"1":{"start":{"line":103,"column":28},"end":{"line":104,"column":1}},"2":{"start":{"line":107,"column":28},"end":{"line":121,"column":1}},"3":{"start":{"line":123,"column":22},"end":{"line":143,"column":1}},"4":{"start":{"line":145,"column":30},"end":{"line":145,"column":39}}},"fnMap":{},"branchMap":{},"s":{"0":29,"1":29,"2":29,"3":29,"4":29},"f":{},"b":{},"_coverageSchema":"1a1c01bbd47fc00a2c39e90264f33305004495a9","hash":"296114cbc1662941865ece0b4939b225ec920971"}
,"D:\\Projects\\lss\\lup-web-common-component-lhk\\components\\atoms\\Spinner\\index.js": {"path":"D:\\Projects\\lss\\lup-web-common-component-lhk\\components\\atoms\\Spinner\\index.js","statementMap":{"0":{"start":{"line":5,"column":16},"end":{"line":5,"column":94}},"1":{"start":{"line":5,"column":42},"end":{"line":5,"column":94}},"2":{"start":{"line":7,"column":0},"end":{"line":11,"column":2}},"3":{"start":{"line":13,"column":0},"end":{"line":25,"column":2}}},"fnMap":{"0":{"name":"(anonymous_0)","decl":{"start":{"line":5,"column":16},"end":{"line":5,"column":17}},"loc":{"start":{"line":5,"column":42},"end":{"line":5,"column":94}},"line":5}},"branchMap":{},"s":{"0":29,"1":2,"2":29,"3":29},"f":{"0":2},"b":{},"_coverageSchema":"1a1c01bbd47fc00a2c39e90264f33305004495a9","hash":"4ad0d07a412610d7ce09c5257f882a7f1d90980c"}
,"D:\\Projects\\lss\\lup-web-common-component-lhk\\components\\atoms\\StyledMessage\\index.js": {"path":"D:\\Projects\\lss\\lup-web-common-component-lhk\\components\\atoms\\StyledMessage\\index.js","statementMap":{"0":{"start":{"line":16,"column":23},"end":{"line":20,"column":1}},"1":{"start":{"line":22,"column":26},"end":{"line":22,"column":87}},"2":{"start":{"line":23,"column":22},"end":{"line":70,"column":1}},"3":{"start":{"line":25,"column":22},"end":{"line":63,"column":5}},"4":{"start":{"line":26,"column":34},"end":{"line":26,"column":36}},"5":{"start":{"line":27,"column":25},"end":{"line":27,"column":27}},"6":{"start":{"line":28,"column":36},"end":{"line":28,"column":55}},"7":{"start":{"line":30,"column":8},"end":{"line":37,"column":10}},"8":{"start":{"line":31,"column":12},"end":{"line":36,"column":14}},"9":{"start":{"line":32,"column":16},"end":{"line":35,"column":17}},"10":{"start":{"line":33,"column":20},"end":{"line":33,"column":44}},"11":{"start":{"line":34,"column":20},"end":{"line":34,"column":59}},"12":{"start":{"line":38,"column":27},"end":{"line":55,"column":9}},"13":{"start":{"line":39,"column":31},"end":{"line":39,"column":35}},"14":{"start":{"line":40,"column":29},"end":{"line":40,"column":72}},"15":{"start":{"line":41,"column":12},"end":{"line":54,"column":13}},"16":{"start":{"line":43,"column":20},"end":{"line":43,"column":69}},"17":{"start":{"line":45,"column":20},"end":{"line":47,"column":40}},"18":{"start":{"line":49,"column":20},"end":{"line":51,"column":40}},"19":{"start":{"line":53,"column":20},"end":{"line":53,"column":74}},"20":{"start":{"line":57,"column":46},"end":{"line":57,"column":132}},"21":{"start":{"line":57,"column":70},"end":{"line":57,"column":131}},"22":{"start":{"line":58,"column":22},"end":{"line":58,"column":98}},"23":{"start":{"line":59,"column":8},"end":{"line":61,"column":12}},"24":{"start":{"line":65,"column":4},"end":{"line":69,"column":5}},"25":{"start":{"line":72,"column":0},"end":{"line":75,"column":1}},"26":{"start":{"line":77,"column":0},"end":{"line":80,"column":1}}},"fnMap":{"0":{"name":"(anonymous_0)","decl":{"start":{"line":23,"column":22},"end":{"line":23,"column":23}},"loc":{"start":{"line":23,"column":44},"end":{"line":70,"column":1}},"line":23},"1":{"name":"(anonymous_1)","decl":{"start":{"line":25,"column":22},"end":{"line":25,"column":23}},"loc":{"start":{"line":25,"column":28},"end":{"line":63,"column":5}},"line":25},"2":{"name":"(anonymous_2)","decl":{"start":{"line":30,"column":36},"end":{"line":30,"column":37}},"loc":{"start":{"line":30,"column":48},"end":{"line":37,"column":9}},"line":30},"3":{"name":"(anonymous_3)","decl":{"start":{"line":31,"column":37},"end":{"line":31,"column":38}},"loc":{"start":{"line":31,"column":49},"end":{"line":36,"column":13}},"line":31},"4":{"name":"(anonymous_4)","decl":{"start":{"line":38,"column":27},"end":{"line":38,"column":28}},"loc":{"start":{"line":38,"column":37},"end":{"line":55,"column":9}},"line":38},"5":{"name":"(anonymous_5)","decl":{"start":{"line":57,"column":59},"end":{"line":57,"column":60}},"loc":{"start":{"line":57,"column":70},"end":{"line":57,"column":131}},"line":57}},"branchMap":{"0":{"loc":{"start":{"line":32,"column":16},"end":{"line":35,"column":17}},"type":"if","locations":[{"start":{"line":32,"column":16},"end":{"line":35,"column":17}},{"start":{"line":32,"column":16},"end":{"line":35,"column":17}}],"line":32},"1":{"loc":{"start":{"line":41,"column":12},"end":{"line":54,"column":13}},"type":"switch","locations":[{"start":{"line":42,"column":16},"end":{"line":43,"column":69}},{"start":{"line":44,"column":16},"end":{"line":47,"column":40}},{"start":{"line":48,"column":16},"end":{"line":51,"column":40}},{"start":{"line":52,"column":16},"end":{"line":53,"column":74}}],"line":41},"2":{"loc":{"start":{"line":57,"column":70},"end":{"line":57,"column":131}},"type":"cond-expr","locations":[{"start":{"line":57,"column":107},"end":{"line":57,"column":121}},{"start":{"line":57,"column":124},"end":{"line":57,"column":131}}],"line":57}},"s":{"0":28,"1":28,"2":28,"3":13,"4":13,"5":13,"6":13,"7":13,"8":37,"9":19,"10":11,"11":11,"12":13,"13":67,"14":67,"15":67,"16":0,"17":2,"18":0,"19":65,"20":13,"21":11,"22":13,"23":13,"24":13,"25":28,"26":28},"f":{"0":13,"1":13,"2":37,"3":19,"4":67,"5":11},"b":{"0":[11,8],"1":[0,2,0,65],"2":[0,11]},"_coverageSchema":"1a1c01bbd47fc00a2c39e90264f33305004495a9","hash":"a08749062c542c3b0cc2f2e69da42a622bcc2545"}
,"D:\\Projects\\lss\\lup-web-common-component-lhk\\components\\atoms\\StyledMessage\\styles.js": {"path":"D:\\Projects\\lss\\lup-web-common-component-lhk\\components\\atoms\\StyledMessage\\styles.js","statementMap":{"0":{"start":{"line":3,"column":26},"end":{"line":5,"column":1}},"1":{"start":{"line":4,"column":39},"end":{"line":4,"column":44}}},"fnMap":{"0":{"name":"(anonymous_0)","decl":{"start":{"line":4,"column":24},"end":{"line":4,"column":25}},"loc":{"start":{"line":4,"column":39},"end":{"line":4,"column":44}},"line":4}},"branchMap":{},"s":{"0":28,"1":2},"f":{"0":2},"b":{},"_coverageSchema":"1a1c01bbd47fc00a2c39e90264f33305004495a9","hash":"2d8cb5e65b25351ddda58b20c083ec085e7317c6"}
,"D:\\Projects\\lss\\lup-web-common-component-lhk\\components\\atoms\\Text\\index.js": {"path":"D:\\Projects\\lss\\lup-web-common-component-lhk\\components\\atoms\\Text\\index.js","statementMap":{},"fnMap":{},"branchMap":{},"s":{},"f":{},"b":{},"_coverageSchema":"1a1c01bbd47fc00a2c39e90264f33305004495a9","hash":"0d35e0f795fbfb6ef98f83bc2154e10b52b89ecd"}
,"D:\\Projects\\lss\\lup-web-common-component-lhk\\components\\atoms\\Text\\styles.js": {"path":"D:\\Projects\\lss\\lup-web-common-component-lhk\\components\\atoms\\Text\\styles.js","statementMap":{"0":{"start":{"line":5,"column":19},"end":{"line":18,"column":1}},"1":{"start":{"line":7,"column":35},"end":{"line":7,"column":62}},"2":{"start":{"line":8,"column":27},"end":{"line":8,"column":57}},"3":{"start":{"line":9,"column":34},"end":{"line":9,"column":66}},"4":{"start":{"line":10,"column":38},"end":{"line":10,"column":73}},"5":{"start":{"line":11,"column":38},"end":{"line":11,"column":48}},"6":{"start":{"line":16,"column":20},"end":{"line":16,"column":51}}},"fnMap":{"0":{"name":"(anonymous_0)","decl":{"start":{"line":7,"column":20},"end":{"line":7,"column":21}},"loc":{"start":{"line":7,"column":35},"end":{"line":7,"column":62}},"line":7},"1":{"name":"(anonymous_1)","decl":{"start":{"line":8,"column":11},"end":{"line":8,"column":12}},"loc":{"start":{"line":8,"column":27},"end":{"line":8,"column":57}},"line":8},"2":{"name":"(anonymous_2)","decl":{"start":{"line":9,"column":15},"end":{"line":9,"column":16}},"loc":{"start":{"line":9,"column":34},"end":{"line":9,"column":66}},"line":9},"3":{"name":"(anonymous_3)","decl":{"start":{"line":10,"column":17},"end":{"line":10,"column":18}},"loc":{"start":{"line":10,"column":38},"end":{"line":10,"column":73}},"line":10},"4":{"name":"(anonymous_4)","decl":{"start":{"line":11,"column":17},"end":{"line":11,"column":18}},"loc":{"start":{"line":11,"column":38},"end":{"line":11,"column":48}},"line":11},"5":{"name":"(anonymous_5)","decl":{"start":{"line":16,"column":11},"end":{"line":16,"column":12}},"loc":{"start":{"line":16,"column":20},"end":{"line":16,"column":51}},"line":16}},"branchMap":{"0":{"loc":{"start":{"line":7,"column":35},"end":{"line":7,"column":62}},"type":"cond-expr","locations":[{"start":{"line":7,"column":42},"end":{"line":7,"column":53}},{"start":{"line":7,"column":56},"end":{"line":7,"column":62}}],"line":7},"1":{"loc":{"start":{"line":8,"column":27},"end":{"line":8,"column":57}},"type":"binary-expr","locations":[{"start":{"line":8,"column":27},"end":{"line":8,"column":32}},{"start":{"line":8,"column":36},"end":{"line":8,"column":57}}],"line":8},"2":{"loc":{"start":{"line":9,"column":34},"end":{"line":9,"column":66}},"type":"binary-expr","locations":[{"start":{"line":9,"column":34},"end":{"line":9,"column":42}},{"start":{"line":9,"column":46},"end":{"line":9,"column":66}}],"line":9},"3":{"loc":{"start":{"line":10,"column":38},"end":{"line":10,"column":73}},"type":"binary-expr","locations":[{"start":{"line":10,"column":38},"end":{"line":10,"column":48}},{"start":{"line":10,"column":53},"end":{"line":10,"column":73}}],"line":10},"4":{"loc":{"start":{"line":16,"column":20},"end":{"line":16,"column":51}},"type":"binary-expr","locations":[{"start":{"line":16,"column":20},"end":{"line":16,"column":34}},{"start":{"line":16,"column":38},"end":{"line":16,"column":51}}],"line":16}},"s":{"0":30,"1":493,"2":493,"3":493,"4":493,"5":493,"6":493},"f":{"0":493,"1":493,"2":493,"3":493,"4":493,"5":493},"b":{"0":[0,493],"1":[493,281],"2":[493,388],"3":[493,337],"4":[493,2]},"_coverageSchema":"1a1c01bbd47fc00a2c39e90264f33305004495a9","hash":"1ff31edbdbf682540007e3190502cf9fcfd1f2b4"}
,"D:\\Projects\\lss\\lup-web-common-component-lhk\\components\\atoms\\TextArea\\index.js": {"path":"D:\\Projects\\lss\\lup-web-common-component-lhk\\components\\atoms\\TextArea\\index.js","statementMap":{"0":{"start":{"line":4,"column":0},"end":{"line":6,"column":2}},"1":{"start":{"line":8,"column":0},"end":{"line":10,"column":2}}},"fnMap":{},"branchMap":{},"s":{"0":29,"1":29},"f":{},"b":{},"_coverageSchema":"1a1c01bbd47fc00a2c39e90264f33305004495a9","hash":"46d8f7628767f88d7b29e0e55d34cf2bde2a84f9"}
,"D:\\Projects\\lss\\lup-web-common-component-lhk\\components\\atoms\\TextArea\\styles.js": {"path":"D:\\Projects\\lss\\lup-web-common-component-lhk\\components\\atoms\\TextArea\\styles.js","statementMap":{"0":{"start":{"line":13,"column":34},"end":{"line":13,"column":42}},"1":{"start":{"line":15,"column":23},"end":{"line":125,"column":1}}},"fnMap":{},"branchMap":{},"s":{"0":29,"1":29},"f":{},"b":{},"_coverageSchema":"1a1c01bbd47fc00a2c39e90264f33305004495a9","hash":"abb256fe0ffdc1dc5f82e7952b92e95f81f362b7"}
,"D:\\Projects\\lss\\lup-web-common-component-lhk\\components\\atoms\\TimeAgo\\index.js": {"path":"D:\\Projects\\lss\\lup-web-common-component-lhk\\components\\atoms\\TimeAgo\\index.js","statementMap":{"0":{"start":{"line":4,"column":16},"end":{"line":46,"column":1}},"1":{"start":{"line":6,"column":4},"end":{"line":8,"column":5}},"2":{"start":{"line":7,"column":8},"end":{"line":7,"column":35}},"3":{"start":{"line":10,"column":20},"end":{"line":10,"column":58}},"4":{"start":{"line":13,"column":19},"end":{"line":13,"column":49}},"5":{"start":{"line":15,"column":4},"end":{"line":40,"column":5}},"6":{"start":{"line":16,"column":8},"end":{"line":16,"column":30}},"7":{"start":{"line":18,"column":8},"end":{"line":18,"column":49}},"8":{"start":{"line":19,"column":8},"end":{"line":39,"column":9}},"9":{"start":{"line":20,"column":12},"end":{"line":20,"column":35}},"10":{"start":{"line":22,"column":12},"end":{"line":22,"column":51}},"11":{"start":{"line":23,"column":12},"end":{"line":38,"column":13}},"12":{"start":{"line":24,"column":16},"end":{"line":24,"column":37}},"13":{"start":{"line":26,"column":16},"end":{"line":26,"column":54}},"14":{"start":{"line":27,"column":16},"end":{"line":37,"column":17}},"15":{"start":{"line":28,"column":20},"end":{"line":28,"column":42}},"16":{"start":{"line":30,"column":20},"end":{"line":30,"column":56}},"17":{"start":{"line":31,"column":20},"end":{"line":36,"column":21}},"18":{"start":{"line":32,"column":24},"end":{"line":32,"column":48}},"19":{"start":{"line":34,"column":24},"end":{"line":34,"column":43}},"20":{"start":{"line":35,"column":24},"end":{"line":35,"column":48}},"21":{"start":{"line":42,"column":4},"end":{"line":44,"column":5}},"22":{"start":{"line":43,"column":8},"end":{"line":43,"column":28}},"23":{"start":{"line":45,"column":4},"end":{"line":45,"column":50}},"24":{"start":{"line":48,"column":0},"end":{"line":50,"column":2}}},"fnMap":{"0":{"name":"(anonymous_0)","decl":{"start":{"line":4,"column":16},"end":{"line":4,"column":17}},"loc":{"start":{"line":4,"column":35},"end":{"line":46,"column":1}},"line":4}},"branchMap":{"0":{"loc":{"start":{"line":6,"column":4},"end":{"line":8,"column":5}},"type":"if","locations":[{"start":{"line":6,"column":4},"end":{"line":8,"column":5}},{"start":{"line":6,"column":4},"end":{"line":8,"column":5}}],"line":6},"1":{"loc":{"start":{"line":15,"column":4},"end":{"line":40,"column":5}},"type":"if","locations":[{"start":{"line":15,"column":4},"end":{"line":40,"column":5}},{"start":{"line":15,"column":4},"end":{"line":40,"column":5}}],"line":15},"2":{"loc":{"start":{"line":19,"column":8},"end":{"line":39,"column":9}},"type":"if","locations":[{"start":{"line":19,"column":8},"end":{"line":39,"column":9}},{"start":{"line":19,"column":8},"end":{"line":39,"column":9}}],"line":19},"3":{"loc":{"start":{"line":23,"column":12},"end":{"line":38,"column":13}},"type":"if","locations":[{"start":{"line":23,"column":12},"end":{"line":38,"column":13}},{"start":{"line":23,"column":12},"end":{"line":38,"column":13}}],"line":23},"4":{"loc":{"start":{"line":27,"column":16},"end":{"line":37,"column":17}},"type":"if","locations":[{"start":{"line":27,"column":16},"end":{"line":37,"column":17}},{"start":{"line":27,"column":16},"end":{"line":37,"column":17}}],"line":27},"5":{"loc":{"start":{"line":31,"column":20},"end":{"line":36,"column":21}},"type":"if","locations":[{"start":{"line":31,"column":20},"end":{"line":36,"column":21}},{"start":{"line":31,"column":20},"end":{"line":36,"column":21}}],"line":31},"6":{"loc":{"start":{"line":42,"column":4},"end":{"line":44,"column":5}},"type":"if","locations":[{"start":{"line":42,"column":4},"end":{"line":44,"column":5}},{"start":{"line":42,"column":4},"end":{"line":44,"column":5}}],"line":42},"7":{"loc":{"start":{"line":42,"column":8},"end":{"line":42,"column":38}},"type":"binary-expr","locations":[{"start":{"line":42,"column":8},"end":{"line":42,"column":20}},{"start":{"line":42,"column":24},"end":{"line":42,"column":38}}],"line":42}},"s":{"0":1,"1":1,"2":1,"3":1,"4":1,"5":1,"6":0,"7":1,"8":1,"9":0,"10":1,"11":1,"12":0,"13":1,"14":1,"15":0,"16":1,"17":1,"18":0,"19":1,"20":1,"21":1,"22":1,"23":1,"24":1},"f":{"0":1},"b":{"0":[1,0],"1":[0,1],"2":[0,1],"3":[0,1],"4":[0,1],"5":[0,1],"6":[1,0],"7":[1,1]},"_coverageSchema":"1a1c01bbd47fc00a2c39e90264f33305004495a9","hash":"f0da92df6adb3eb603f87034e2a4764377f3a543"}
,"D:\\Projects\\lss\\lup-web-common-component-lhk\\components\\molecules\\index.js": {"path":"D:\\Projects\\lss\\lup-web-common-component-lhk\\components\\molecules\\index.js","statementMap":{},"fnMap":{},"branchMap":{},"s":{},"f":{},"b":{},"_coverageSchema":"1a1c01bbd47fc00a2c39e90264f33305004495a9","hash":"081dc54b9d4686a007c20d8bfe489cb8ab8c2729"}
,"D:\\Projects\\lss\\lup-web-common-component-lhk\\components\\molecules\\AlertPopUp\\index.js": {"path":"D:\\Projects\\lss\\lup-web-common-component-lhk\\components\\molecules\\AlertPopUp\\index.js","statementMap":{"0":{"start":{"line":16,"column":19},"end":{"line":43,"column":1}},"1":{"start":{"line":17,"column":2},"end":{"line":42,"column":4}},"2":{"start":{"line":45,"column":0},"end":{"line":49,"column":2}},"3":{"start":{"line":51,"column":0},"end":{"line":55,"column":2}}},"fnMap":{"0":{"name":"(anonymous_0)","decl":{"start":{"line":16,"column":19},"end":{"line":16,"column":20}},"loc":{"start":{"line":16,"column":57},"end":{"line":43,"column":1}},"line":16},"1":{"name":"(anonymous_1)","decl":{"start":{"line":54,"column":11},"end":{"line":54,"column":12}},"loc":{"start":{"line":54,"column":17},"end":{"line":54,"column":19}},"line":54}},"branchMap":{"0":{"loc":{"start":{"line":25,"column":13},"end":{"line":25,"column":88}},"type":"cond-expr","locations":[{"start":{"line":25,"column":34},"end":{"line":25,"column":62}},{"start":{"line":25,"column":64},"end":{"line":25,"column":88}}],"line":25},"1":{"loc":{"start":{"line":32,"column":11},"end":{"line":32,"column":103}},"type":"binary-expr","locations":[{"start":{"line":32,"column":11},"end":{"line":32,"column":29}},{"start":{"line":32,"column":33},"end":{"line":32,"column":103}}],"line":32},"2":{"loc":{"start":{"line":33,"column":11},"end":{"line":33,"column":99}},"type":"binary-expr","locations":[{"start":{"line":33,"column":11},"end":{"line":33,"column":27}},{"start":{"line":33,"column":31},"end":{"line":33,"column":99}}],"line":33}},"s":{"0":10,"1":6,"2":10,"3":10},"f":{"0":6,"1":0},"b":{"0":[3,3],"1":[6,3],"2":[6,2]},"_coverageSchema":"1a1c01bbd47fc00a2c39e90264f33305004495a9","hash":"78898e49555474e1a6c64ebc09ea6109d6514947"}
,"D:\\Projects\\lss\\lup-web-common-component-lhk\\components\\molecules\\AlertPopUp\\styles.js": {"path":"D:\\Projects\\lss\\lup-web-common-component-lhk\\components\\molecules\\AlertPopUp\\styles.js","statementMap":{"0":{"start":{"line":15,"column":20},"end":{"line":57,"column":1}},"1":{"start":{"line":33,"column":33},"end":{"line":33,"column":44}},"2":{"start":{"line":59,"column":21},"end":{"line":61,"column":1}},"3":{"start":{"line":63,"column":23},"end":{"line":65,"column":1}},"4":{"start":{"line":67,"column":18},"end":{"line":69,"column":1}}},"fnMap":{"0":{"name":"(anonymous_0)","decl":{"start":{"line":33,"column":24},"end":{"line":33,"column":25}},"loc":{"start":{"line":33,"column":33},"end":{"line":33,"column":44}},"line":33}},"branchMap":{},"s":{"0":10,"1":6,"2":10,"3":10,"4":10},"f":{"0":6},"b":{},"_coverageSchema":"1a1c01bbd47fc00a2c39e90264f33305004495a9","hash":"27b6c449074af4127faf1a6490bc8d99049a2a87"}
,"D:\\Projects\\lss\\lup-web-common-component-lhk\\components\\molecules\\AttachmentCard\\index.js": {"path":"D:\\Projects\\lss\\lup-web-common-component-lhk\\components\\molecules\\AttachmentCard\\index.js","statementMap":{"0":{"start":{"line":11,"column":35},"end":{"line":11,"column":73}},"1":{"start":{"line":12,"column":23},"end":{"line":77,"column":1}},"2":{"start":{"line":14,"column":26},"end":{"line":14,"column":52}},"3":{"start":{"line":15,"column":26},"end":{"line":15,"column":123}},"4":{"start":{"line":16,"column":36},"end":{"line":16,"column":62}},"5":{"start":{"line":17,"column":26},"end":{"line":17,"column":79}},"6":{"start":{"line":18,"column":21},"end":{"line":18,"column":57}},"7":{"start":{"line":19,"column":24},"end":{"line":19,"column":69}},"8":{"start":{"line":20,"column":20},"end":{"line":20,"column":36}},"9":{"start":{"line":21,"column":15},"end":{"line":21,"column":79}},"10":{"start":{"line":23,"column":4},"end":{"line":76,"column":6}},"11":{"start":{"line":53,"column":47},"end":{"line":55,"column":64}},"12":{"start":{"line":79,"column":0},"end":{"line":87,"column":1}},"13":{"start":{"line":89,"column":0},"end":{"line":97,"column":1}}},"fnMap":{"0":{"name":"(anonymous_0)","decl":{"start":{"line":12,"column":23},"end":{"line":12,"column":24}},"loc":{"start":{"line":12,"column":125},"end":{"line":77,"column":1}},"line":12},"1":{"name":"(anonymous_1)","decl":{"start":{"line":53,"column":41},"end":{"line":53,"column":42}},"loc":{"start":{"line":53,"column":47},"end":{"line":55,"column":64}},"line":53},"2":{"name":"(anonymous_2)","decl":{"start":{"line":91,"column":22},"end":{"line":91,"column":23}},"loc":{"start":{"line":91,"column":28},"end":{"line":91,"column":30}},"line":91},"3":{"name":"(anonymous_3)","decl":{"start":{"line":92,"column":28},"end":{"line":92,"column":29}},"loc":{"start":{"line":92,"column":34},"end":{"line":92,"column":36}},"line":92}},"branchMap":{"0":{"loc":{"start":{"line":15,"column":26},"end":{"line":15,"column":123}},"type":"binary-expr","locations":[{"start":{"line":15,"column":26},"end":{"line":15,"column":36}},{"start":{"line":15,"column":40},"end":{"line":15,"column":55}},{"start":{"line":15,"column":59},"end":{"line":15,"column":123}}],"line":15},"1":{"loc":{"start":{"line":16,"column":36},"end":{"line":16,"column":62}},"type":"binary-expr","locations":[{"start":{"line":16,"column":36},"end":{"line":16,"column":49}},{"start":{"line":16,"column":53},"end":{"line":16,"column":62}}],"line":16},"2":{"loc":{"start":{"line":19,"column":24},"end":{"line":19,"column":69}},"type":"binary-expr","locations":[{"start":{"line":19,"column":24},"end":{"line":19,"column":51}},{"start":{"line":19,"column":55},"end":{"line":19,"column":69}}],"line":19},"3":{"loc":{"start":{"line":31,"column":17},"end":{"line":41,"column":22}},"type":"cond-expr","locations":[{"start":{"line":32,"column":16},"end":{"line":36,"column":22}},{"start":{"line":37,"column":16},"end":{"line":41,"column":22}}],"line":31},"4":{"loc":{"start":{"line":37,"column":27},"end":{"line":37,"column":60}},"type":"cond-expr","locations":[{"start":{"line":37,"column":53},"end":{"line":37,"column":55}},{"start":{"line":37,"column":58},"end":{"line":37,"column":60}}],"line":37},"5":{"loc":{"start":{"line":37,"column":27},"end":{"line":37,"column":50}},"type":"binary-expr","locations":[{"start":{"line":37,"column":27},"end":{"line":37,"column":38}},{"start":{"line":37,"column":42},"end":{"line":37,"column":50}}],"line":37},"6":{"loc":{"start":{"line":42,"column":17},"end":{"line":60,"column":19}},"type":"binary-expr","locations":[{"start":{"line":42,"column":17},"end":{"line":42,"column":39}},{"start":{"line":43,"column":16},"end":{"line":60,"column":19}}],"line":42},"7":{"loc":{"start":{"line":44,"column":21},"end":{"line":47,"column":26}},"type":"binary-expr","locations":[{"start":{"line":44,"column":21},"end":{"line":44,"column":32}},{"start":{"line":44,"column":36},"end":{"line":44,"column":44}},{"start":{"line":45,"column":20},"end":{"line":47,"column":26}}],"line":44},"8":{"loc":{"start":{"line":52,"column":37},"end":{"line":52,"column":86}},"type":"cond-expr","locations":[{"start":{"line":52,"column":63},"end":{"line":52,"column":73}},{"start":{"line":52,"column":76},"end":{"line":52,"column":86}}],"line":52},"9":{"loc":{"start":{"line":52,"column":37},"end":{"line":52,"column":60}},"type":"binary-expr","locations":[{"start":{"line":52,"column":37},"end":{"line":52,"column":48}},{"start":{"line":52,"column":52},"end":{"line":52,"column":60}}],"line":52},"10":{"loc":{"start":{"line":53,"column":47},"end":{"line":55,"column":64}},"type":"cond-expr","locations":[{"start":{"line":54,"column":36},"end":{"line":54,"column":70}},{"start":{"line":55,"column":36},"end":{"line":55,"column":64}}],"line":53},"11":{"loc":{"start":{"line":53,"column":47},"end":{"line":53,"column":70}},"type":"binary-expr","locations":[{"start":{"line":53,"column":47},"end":{"line":53,"column":58}},{"start":{"line":53,"column":62},"end":{"line":53,"column":70}}],"line":53},"12":{"loc":{"start":{"line":64,"column":13},"end":{"line":73,"column":14}},"type":"binary-expr","locations":[{"start":{"line":64,"column":13},"end":{"line":64,"column":35}},{"start":{"line":64,"column":39},"end":{"line":64,"column":47}},{"start":{"line":65,"column":12},"end":{"line":73,"column":14}}],"line":64},"13":{"loc":{"start":{"line":68,"column":29},"end":{"line":68,"column":50}},"type":"cond-expr","locations":[{"start":{"line":68,"column":43},"end":{"line":68,"column":44}},{"start":{"line":68,"column":47},"end":{"line":68,"column":50}}],"line":68},"14":{"loc":{"start":{"line":74,"column":13},"end":{"line":74,"column":157}},"type":"binary-expr","locations":[{"start":{"line":74,"column":13},"end":{"line":74,"column":20}},{"start":{"line":74,"column":24},"end":{"line":74,"column":157}}],"line":74}},"s":{"0":10,"1":10,"2":15,"3":15,"4":15,"5":15,"6":15,"7":15,"8":15,"9":15,"10":15,"11":0,"12":10,"13":10},"f":{"0":15,"1":0,"2":0,"3":0},"b":{"0":[15,14,14],"1":[15,14],"2":[15,15],"3":[12,3],"4":[1,2],"5":[3,2],"6":[15,3],"7":[3,2,1],"8":[1,2],"9":[3,2],"10":[0,0],"11":[0,0],"12":[15,3,1],"13":[1,0],"14":[15,2]},"_coverageSchema":"1a1c01bbd47fc00a2c39e90264f33305004495a9","hash":"1cc72171215ffec0ce691de2df249af929518f96"}
,"D:\\Projects\\lss\\lup-web-common-component-lhk\\components\\molecules\\AttachmentCard\\styles.js": {"path":"D:\\Projects\\lss\\lup-web-common-component-lhk\\components\\molecules\\AttachmentCard\\styles.js","statementMap":{"0":{"start":{"line":9,"column":29},"end":{"line":22,"column":1}},"1":{"start":{"line":15,"column":30},"end":{"line":15,"column":90}},"2":{"start":{"line":16,"column":30},"end":{"line":16,"column":71}},"3":{"start":{"line":17,"column":30},"end":{"line":17,"column":90}},"4":{"start":{"line":18,"column":28},"end":{"line":18,"column":84}},"5":{"start":{"line":24,"column":26},"end":{"line":33,"column":1}},"6":{"start":{"line":35,"column":19},"end":{"line":45,"column":1}},"7":{"start":{"line":36,"column":23},"end":{"line":36,"column":45}},"8":{"start":{"line":37,"column":23},"end":{"line":37,"column":66}},"9":{"start":{"line":38,"column":23},"end":{"line":38,"column":83}},"10":{"start":{"line":41,"column":23},"end":{"line":41,"column":59}},"11":{"start":{"line":48,"column":19},"end":{"line":59,"column":1}},"12":{"start":{"line":49,"column":23},"end":{"line":49,"column":86}},"13":{"start":{"line":61,"column":26},"end":{"line":63,"column":1}}},"fnMap":{"0":{"name":"(anonymous_0)","decl":{"start":{"line":15,"column":20},"end":{"line":15,"column":21}},"loc":{"start":{"line":15,"column":30},"end":{"line":15,"column":90}},"line":15},"1":{"name":"(anonymous_1)","decl":{"start":{"line":16,"column":20},"end":{"line":16,"column":21}},"loc":{"start":{"line":16,"column":30},"end":{"line":16,"column":71}},"line":16},"2":{"name":"(anonymous_2)","decl":{"start":{"line":17,"column":20},"end":{"line":17,"column":21}},"loc":{"start":{"line":17,"column":30},"end":{"line":17,"column":90}},"line":17},"3":{"name":"(anonymous_3)","decl":{"start":{"line":18,"column":18},"end":{"line":18,"column":19}},"loc":{"start":{"line":18,"column":28},"end":{"line":18,"column":84}},"line":18},"4":{"name":"(anonymous_4)","decl":{"start":{"line":36,"column":13},"end":{"line":36,"column":14}},"loc":{"start":{"line":36,"column":23},"end":{"line":36,"column":45}},"line":36},"5":{"name":"(anonymous_5)","decl":{"start":{"line":37,"column":13},"end":{"line":37,"column":14}},"loc":{"start":{"line":37,"column":23},"end":{"line":37,"column":66}},"line":37},"6":{"name":"(anonymous_6)","decl":{"start":{"line":38,"column":13},"end":{"line":38,"column":14}},"loc":{"start":{"line":38,"column":23},"end":{"line":38,"column":83}},"line":38},"7":{"name":"(anonymous_7)","decl":{"start":{"line":41,"column":13},"end":{"line":41,"column":14}},"loc":{"start":{"line":41,"column":23},"end":{"line":41,"column":59}},"line":41},"8":{"name":"(anonymous_8)","decl":{"start":{"line":49,"column":13},"end":{"line":49,"column":14}},"loc":{"start":{"line":49,"column":23},"end":{"line":49,"column":86}},"line":49}},"branchMap":{"0":{"loc":{"start":{"line":15,"column":30},"end":{"line":15,"column":90}},"type":"cond-expr","locations":[{"start":{"line":15,"column":50},"end":{"line":15,"column":69}},{"start":{"line":15,"column":72},"end":{"line":15,"column":90}}],"line":15},"1":{"loc":{"start":{"line":16,"column":30},"end":{"line":16,"column":71}},"type":"binary-expr","locations":[{"start":{"line":16,"column":30},"end":{"line":16,"column":43}},{"start":{"line":16,"column":47},"end":{"line":16,"column":71}}],"line":16},"2":{"loc":{"start":{"line":17,"column":30},"end":{"line":17,"column":90}},"type":"binary-expr","locations":[{"start":{"line":17,"column":30},"end":{"line":17,"column":59}},{"start":{"line":17,"column":63},"end":{"line":17,"column":90}}],"line":17},"3":{"loc":{"start":{"line":18,"column":28},"end":{"line":18,"column":84}},"type":"binary-expr","locations":[{"start":{"line":18,"column":28},"end":{"line":18,"column":47}},{"start":{"line":18,"column":51},"end":{"line":18,"column":84}}],"line":18},"4":{"loc":{"start":{"line":36,"column":23},"end":{"line":36,"column":45}},"type":"binary-expr","locations":[{"start":{"line":36,"column":23},"end":{"line":36,"column":36}},{"start":{"line":36,"column":40},"end":{"line":36,"column":45}}],"line":36},"5":{"loc":{"start":{"line":37,"column":23},"end":{"line":37,"column":66}},"type":"binary-expr","locations":[{"start":{"line":37,"column":23},"end":{"line":37,"column":42}},{"start":{"line":37,"column":46},"end":{"line":37,"column":66}}],"line":37},"6":{"loc":{"start":{"line":38,"column":23},"end":{"line":38,"column":83}},"type":"binary-expr","locations":[{"start":{"line":38,"column":23},"end":{"line":38,"column":37}},{"start":{"line":38,"column":41},"end":{"line":38,"column":61}},{"start":{"line":38,"column":65},"end":{"line":38,"column":83}}],"line":38},"7":{"loc":{"start":{"line":41,"column":23},"end":{"line":41,"column":59}},"type":"cond-expr","locations":[{"start":{"line":41,"column":43},"end":{"line":41,"column":49}},{"start":{"line":41,"column":52},"end":{"line":41,"column":59}}],"line":41},"8":{"loc":{"start":{"line":49,"column":23},"end":{"line":49,"column":86}},"type":"cond-expr","locations":[{"start":{"line":49,"column":45},"end":{"line":49,"column":65}},{"start":{"line":49,"column":68},"end":{"line":49,"column":86}}],"line":49}},"s":{"0":10,"1":15,"2":15,"3":15,"4":15,"5":10,"6":10,"7":3,"8":3,"9":3,"10":3,"11":10,"12":12,"13":10},"f":{"0":15,"1":15,"2":15,"3":15,"4":3,"5":3,"6":3,"7":3,"8":12},"b":{"0":[14,1],"1":[15,2],"2":[15,14],"3":[15,14],"4":[3,0],"5":[3,2],"6":[3,3,1],"7":[2,1],"8":[12,0]},"_coverageSchema":"1a1c01bbd47fc00a2c39e90264f33305004495a9","hash":"ee8ff8c312f9c90b0fd78ecf65fbfbae34277e23"}
,"D:\\Projects\\lss\\lup-web-common-component-lhk\\components\\molecules\\ChatAttachments\\index.js": {"path":"D:\\Projects\\lss\\lup-web-common-component-lhk\\components\\molecules\\ChatAttachments\\index.js","statementMap":{"0":{"start":{"line":6,"column":24},"end":{"line":37,"column":1}},"1":{"start":{"line":16,"column":4},"end":{"line":36,"column":5}},"2":{"start":{"line":20,"column":16},"end":{"line":33,"column":18}},"3":{"start":{"line":25,"column":24},"end":{"line":27,"column":25}},"4":{"start":{"line":26,"column":28},"end":{"line":26,"column":49}},"5":{"start":{"line":28,"column":24},"end":{"line":28,"column":47}},"6":{"start":{"line":39,"column":0},"end":{"line":48,"column":1}},"7":{"start":{"line":50,"column":0},"end":{"line":59,"column":1}}},"fnMap":{"0":{"name":"(anonymous_0)","decl":{"start":{"line":6,"column":24},"end":{"line":6,"column":25}},"loc":{"start":{"line":15,"column":6},"end":{"line":37,"column":1}},"line":15},"1":{"name":"(anonymous_1)","decl":{"start":{"line":19,"column":28},"end":{"line":19,"column":29}},"loc":{"start":{"line":20,"column":16},"end":{"line":33,"column":18}},"line":20},"2":{"name":"(anonymous_2)","decl":{"start":{"line":24,"column":38},"end":{"line":24,"column":39}},"loc":{"start":{"line":24,"column":48},"end":{"line":29,"column":21}},"line":24},"3":{"name":"(anonymous_3)","decl":{"start":{"line":52,"column":22},"end":{"line":52,"column":23}},"loc":{"start":{"line":52,"column":28},"end":{"line":52,"column":30}},"line":52},"4":{"name":"(anonymous_4)","decl":{"start":{"line":53,"column":28},"end":{"line":53,"column":29}},"loc":{"start":{"line":53,"column":34},"end":{"line":53,"column":36}},"line":53},"5":{"name":"(anonymous_5)","decl":{"start":{"line":54,"column":23},"end":{"line":54,"column":24}},"loc":{"start":{"line":54,"column":29},"end":{"line":54,"column":31}},"line":54}},"branchMap":{"0":{"loc":{"start":{"line":18,"column":13},"end":{"line":34,"column":13}},"type":"binary-expr","locations":[{"start":{"line":18,"column":13},"end":{"line":18,"column":24}},{"start":{"line":19,"column":12},"end":{"line":34,"column":13}}],"line":18},"1":{"loc":{"start":{"line":25,"column":24},"end":{"line":27,"column":25}},"type":"if","locations":[{"start":{"line":25,"column":24},"end":{"line":27,"column":25}},{"start":{"line":25,"column":24},"end":{"line":27,"column":25}}],"line":25}},"s":{"0":9,"1":8,"2":12,"3":0,"4":0,"5":0,"6":9,"7":9},"f":{"0":8,"1":12,"2":0,"3":0,"4":0,"5":0},"b":{"0":[8,8],"1":[0,0]},"_coverageSchema":"1a1c01bbd47fc00a2c39e90264f33305004495a9","hash":"272e56ba1145d28084f9eb0f247964fc9d6b4dd8"}
,"D:\\Projects\\lss\\lup-web-common-component-lhk\\components\\molecules\\ChatAttachments\\styles.js": {"path":"D:\\Projects\\lss\\lup-web-common-component-lhk\\components\\molecules\\ChatAttachments\\styles.js","statementMap":{"0":{"start":{"line":5,"column":20},"end":{"line":7,"column":1}}},"fnMap":{},"branchMap":{},"s":{"0":9},"f":{},"b":{},"_coverageSchema":"1a1c01bbd47fc00a2c39e90264f33305004495a9","hash":"8749e49406b5bf82f342a9c340b622a94cd769ab"}
,"D:\\Projects\\lss\\lup-web-common-component-lhk\\components\\molecules\\ChatAvatar\\index.js": {"path":"D:\\Projects\\lss\\lup-web-common-component-lhk\\components\\molecules\\ChatAvatar\\index.js","statementMap":{"0":{"start":{"line":6,"column":20},"end":{"line":9,"column":1}},"1":{"start":{"line":11,"column":19},"end":{"line":30,"column":1}},"2":{"start":{"line":13,"column":8},"end":{"line":15,"column":27}},"3":{"start":{"line":18,"column":4},"end":{"line":27,"column":5}},"4":{"start":{"line":19,"column":8},"end":{"line":26,"column":9}},"5":{"start":{"line":29,"column":4},"end":{"line":29,"column":18}},"6":{"start":{"line":32,"column":0},"end":{"line":36,"column":2}},"7":{"start":{"line":38,"column":0},"end":{"line":42,"column":2}}},"fnMap":{"0":{"name":"(anonymous_0)","decl":{"start":{"line":11,"column":19},"end":{"line":11,"column":20}},"loc":{"start":{"line":11,"column":52},"end":{"line":30,"column":1}},"line":11}},"branchMap":{"0":{"loc":{"start":{"line":18,"column":4},"end":{"line":27,"column":5}},"type":"if","locations":[{"start":{"line":18,"column":4},"end":{"line":27,"column":5}},{"start":{"line":18,"column":4},"end":{"line":27,"column":5}}],"line":18}},"s":{"0":10,"1":10,"2":16,"3":16,"4":6,"5":10,"6":10,"7":10},"f":{"0":16},"b":{"0":[6,10]},"_coverageSchema":"1a1c01bbd47fc00a2c39e90264f33305004495a9","hash":"52edf4ac095424494ea7c5b7bcd3e5a51f5498f6"}
,"D:\\Projects\\lss\\lup-web-common-component-lhk\\components\\molecules\\ChatAvatar\\styles.js": {"path":"D:\\Projects\\lss\\lup-web-common-component-lhk\\components\\molecules\\ChatAvatar\\styles.js","statementMap":{"0":{"start":{"line":8,"column":25},"end":{"line":21,"column":1}},"1":{"start":{"line":11,"column":27},"end":{"line":11,"column":35}},"2":{"start":{"line":23,"column":24},"end":{"line":30,"column":1}}},"fnMap":{"0":{"name":"(anonymous_0)","decl":{"start":{"line":11,"column":18},"end":{"line":11,"column":19}},"loc":{"start":{"line":11,"column":27},"end":{"line":11,"column":35}},"line":11}},"branchMap":{},"s":{"0":10,"1":16,"2":10},"f":{"0":16},"b":{},"_coverageSchema":"1a1c01bbd47fc00a2c39e90264f33305004495a9","hash":"d659cf00b43f31cece870314de243d5d4b9f622e"}
,"D:\\Projects\\lss\\lup-web-common-component-lhk\\components\\molecules\\ChatEditBox\\index.js": {"path":"D:\\Projects\\lss\\lup-web-common-component-lhk\\components\\molecules\\ChatEditBox\\index.js","statementMap":{"0":{"start":{"line":14,"column":20},"end":{"line":76,"column":1}},"1":{"start":{"line":28,"column":25},"end":{"line":28,"column":43}},"2":{"start":{"line":30,"column":34},"end":{"line":30,"column":58}},"3":{"start":{"line":32,"column":26},"end":{"line":34,"column":5}},"4":{"start":{"line":33,"column":8},"end":{"line":33,"column":29}},"5":{"start":{"line":35,"column":25},"end":{"line":41,"column":5}},"6":{"start":{"line":36,"column":8},"end":{"line":40,"column":9}},"7":{"start":{"line":37,"column":12},"end":{"line":37,"column":68}},"8":{"start":{"line":39,"column":12},"end":{"line":39,"column":38}},"9":{"start":{"line":43,"column":4},"end":{"line":75,"column":5}},"10":{"start":{"line":67,"column":76},"end":{"line":67,"column":95}},"11":{"start":{"line":69,"column":24},"end":{"line":69,"column":51}},"12":{"start":{"line":70,"column":24},"end":{"line":70,"column":41}},"13":{"start":{"line":78,"column":0},"end":{"line":95,"column":2}},"14":{"start":{"line":97,"column":0},"end":{"line":108,"column":2}}},"fnMap":{"0":{"name":"(anonymous_0)","decl":{"start":{"line":14,"column":20},"end":{"line":14,"column":21}},"loc":{"start":{"line":27,"column":6},"end":{"line":76,"column":1}},"line":27},"1":{"name":"(anonymous_1)","decl":{"start":{"line":32,"column":26},"end":{"line":32,"column":27}},"loc":{"start":{"line":32,"column":76},"end":{"line":34,"column":5}},"line":32},"2":{"name":"(anonymous_2)","decl":{"start":{"line":35,"column":25},"end":{"line":35,"column":26}},"loc":{"start":{"line":35,"column":38},"end":{"line":41,"column":5}},"line":35},"3":{"name":"(anonymous_3)","decl":{"start":{"line":67,"column":70},"end":{"line":67,"column":71}},"loc":{"start":{"line":67,"column":76},"end":{"line":67,"column":95}},"line":67},"4":{"name":"(anonymous_4)","decl":{"start":{"line":68,"column":68},"end":{"line":68,"column":69}},"loc":{"start":{"line":68,"column":74},"end":{"line":71,"column":21}},"line":68},"5":{"name":"(anonymous_5)","decl":{"start":{"line":102,"column":14},"end":{"line":102,"column":15}},"loc":{"start":{"line":102,"column":20},"end":{"line":102,"column":23}},"line":102},"6":{"name":"(anonymous_6)","decl":{"start":{"line":104,"column":12},"end":{"line":104,"column":13}},"loc":{"start":{"line":104,"column":18},"end":{"line":104,"column":21}},"line":104}},"branchMap":{"0":{"loc":{"start":{"line":36,"column":8},"end":{"line":40,"column":9}},"type":"if","locations":[{"start":{"line":36,"column":8},"end":{"line":40,"column":9}},{"start":{"line":36,"column":8},"end":{"line":40,"column":9}}],"line":36},"1":{"loc":{"start":{"line":36,"column":12},"end":{"line":36,"column":41}},"type":"binary-expr","locations":[{"start":{"line":36,"column":12},"end":{"line":36,"column":19}},{"start":{"line":36,"column":24},"end":{"line":36,"column":41}}],"line":36},"2":{"loc":{"start":{"line":58,"column":24},"end":{"line":65,"column":24}},"type":"cond-expr","locations":[{"start":{"line":59,"column":20},"end":{"line":64,"column":33}},{"start":{"line":65,"column":20},"end":{"line":65,"column":24}}],"line":58}},"s":{"0":9,"1":1,"2":1,"3":1,"4":0,"5":1,"6":1,"7":0,"8":1,"9":1,"10":0,"11":0,"12":0,"13":9,"14":9},"f":{"0":1,"1":0,"2":1,"3":0,"4":0,"5":0,"6":0},"b":{"0":[0,1],"1":[1,1],"2":[1,0]},"_coverageSchema":"1a1c01bbd47fc00a2c39e90264f33305004495a9","hash":"0195e8821a24d38507c4d6770f169eebbb5d7f0f"}
[...]
,"D:\\Projects\\lss\\lup-web-common-component-lhk\\utils\\timestamp.js": {"path":"D:\\Projects\\lss\\lup-web-common-component-lhk\\utils\\timestamp.js","statementMap":{"0":{"start":{"line":1,"column":19},"end":{"line":1,"column":103}},"1":{"start":{"line":2,"column":17},"end":{"line":2,"column":95}},"2":{"start":{"line":3,"column":16},"end":{"line":3,"column":45}},"3":{"start":{"line":3,"column":24},"end":{"line":3,"column":45}},"4":{"start":{"line":5,"column":23},"end":{"line":14,"column":1}},"5":{"start":{"line":6,"column":20},"end":{"line":6,"column":39}},"6":{"start":{"line":7,"column":17},"end":{"line":7,"column":48}},"7":{"start":{"line":8,"column":18},"end":{"line":8,"column":48}},"8":{"start":{"line":9,"column":17},"end":{"line":9,"column":43}},"9":{"start":{"line":10,"column":16},"end":{"line":10,"column":42}},"10":{"start":{"line":11,"column":26},"end":{"line":11,"column":75}},"11":{"start":{"line":13,"column":4},"end":{"line":13,"column":25}},"12":{"start":{"line":16,"column":22},"end":{"line":20,"column":1}},"13":{"start":{"line":17,"column":20},"end":{"line":17,"column":39}},"14":{"start":{"line":18,"column":16},"end":{"line":18,"column":42}},"15":{"start":{"line":19,"column":4},"end":{"line":19,"column":15}},"16":{"start":{"line":22,"column":23},"end":{"line":34,"column":1}},"17":{"start":{"line":23,"column":20},"end":{"line":23,"column":39}},"18":{"start":{"line":24,"column":15},"end":{"line":24,"column":19}},"19":{"start":{"line":25,"column":16},"end":{"line":25,"column":34}},"20":{"start":{"line":26,"column":4},"end":{"line":29,"column":5}},"21":{"start":{"line":27,"column":8},"end":{"line":27,"column":27}},"22":{"start":{"line":28,"column":8},"end":{"line":28,"column":20}},"23":{"start":{"line":31,"column":20},"end":{"line":31,"column":54}},"24":{"start":{"line":32,"column":26},"end":{"line":32,"column":55}},"25":{"start":{"line":33,"column":4},"end":{"line":33,"column":25}},"26":{"start":{"line":36,"column":28},"end":{"line":40,"column":1}},"27":{"start":{"line":37,"column":20},"end":{"line":37,"column":34}},"28":{"start":{"line":38,"column":24},"end":{"line":38,"column":41}},"29":{"start":{"line":39,"column":4},"end":{"line":39,"column":22}},"30":{"start":{"line":42,"column":28},"end":{"line":87,"column":1}},"31":{"start":{"line":43,"column":4},"end":{"line":45,"column":5}},"32":{"start":{"line":44,"column":8},"end":{"line":44,"column":30}},"33":{"start":{"line":47,"column":20},"end":{"line":47,"column":58}},"34":{"start":{"line":50,"column":19},"end":{"line":50,"column":49}},"35":{"start":{"line":51,"column":4},"end":{"line":76,"column":5}},"36":{"start":{"line":52,"column":8},"end":{"line":52,"column":30}},"37":{"start":{"line":54,"column":8},"end":{"line":54,"column":49}},"38":{"start":{"line":55,"column":8},"end":{"line":75,"column":9}},"39":{"start":{"line":56,"column":12},"end":{"line":56,"column":35}},"40":{"start":{"line":58,"column":12},"end":{"line":58,"column":51}},"41":{"start":{"line":59,"column":12},"end":{"line":74,"column":13}},"42":{"start":{"line":60,"column":16},"end":{"line":60,"column":37}},"43":{"start":{"line":62,"column":16},"end":{"line":62,"column":54}},"44":{"start":{"line":63,"column":16},"end":{"line":73,"column":17}},"45":{"start":{"line":64,"column":20},"end":{"line":64,"column":42}},"46":{"start":{"line":66,"column":20},"end":{"line":66,"column":56}},"47":{"start":{"line":67,"column":20},"end":{"line":72,"column":21}},"48":{"start":{"line":68,"column":24},"end":{"line":68,"column":48}},"49":{"start":{"line":70,"column":24},"end":{"line":70,"column":43}},"50":{"start":{"line":71,"column":24},"end":{"line":71,"column":48}},"51":{"start":{"line":78,"column":4},"end":{"line":80,"column":5}},"52":{"start":{"line":79,"column":8},"end":{"line":79,"column":28}},"53":{"start":{"line":82,"column":4},"end":{"line":84,"column":5}},"54":{"start":{"line":83,"column":8},"end":{"line":83,"column":21}},"55":{"start":{"line":86,"column":4},"end":{"line":86,"column":50}},"56":{"start":{"line":89,"column":36},"end":{"line":108,"column":1}},"57":{"start":{"line":90,"column":22},"end":{"line":90,"column":41}},"58":{"start":{"line":91,"column":15},"end":{"line":91,"column":33}},"59":{"start":{"line":92,"column":16},"end":{"line":92,"column":26}},"60":{"start":{"line":93,"column":23},"end":{"line":93,"column":33}},"61":{"start":{"line":94,"column":4},"end":{"line":94,"column":46}},"62":{"start":{"line":96,"column":4},"end":{"line":105,"column":5}},"63":{"start":{"line":97,"column":8},"end":{"line":104,"column":9}},"64":{"start":{"line":98,"column":12},"end":{"line":98,"column":27}},"65":{"start":{"line":100,"column":13},"end":{"line":104,"column":9}},"66":{"start":{"line":101,"column":12},"end":{"line":101,"column":31}},"67":{"start":{"line":103,"column":12},"end":{"line":103,"column":37}},"68":{"start":{"line":107,"column":4},"end":{"line":107,"column":16}}},"fnMap":{"0":{"name":"(anonymous_0)","decl":{"start":{"line":3,"column":16},"end":{"line":3,"column":17}},"loc":{"start":{"line":3,"column":24},"end":{"line":3,"column":45}},"line":3},"1":{"name":"(anonymous_1)","decl":{"start":{"line":5,"column":23},"end":{"line":5,"column":24}},"loc":{"start":{"line":5,"column":36},"end":{"line":14,"column":1}},"line":5},"2":{"name":"(anonymous_2)","decl":{"start":{"line":16,"column":22},"end":{"line":16,"column":23}},"loc":{"start":{"line":16,"column":35},"end":{"line":20,"column":1}},"line":16},"3":{"name":"(anonymous_3)","decl":{"start":{"line":22,"column":23},"end":{"line":22,"column":24}},"loc":{"start":{"line":22,"column":36},"end":{"line":34,"column":1}},"line":22},"4":{"name":"(anonymous_4)","decl":{"start":{"line":36,"column":28},"end":{"line":36,"column":29}},"loc":{"start":{"line":36,"column":36},"end":{"line":40,"column":1}},"line":36},"5":{"name":"(anonymous_5)","decl":{"start":{"line":42,"column":28},"end":{"line":42,"column":29}},"loc":{"start":{"line":42,"column":44},"end":{"line":87,"column":1}},"line":42},"6":{"name":"(anonymous_6)","decl":{"start":{"line":89,"column":36},"end":{"line":89,"column":37}},"loc":{"start":{"line":89,"column":53},"end":{"line":108,"column":1}},"line":89}},"branchMap":{"0":{"loc":{"start":{"line":26,"column":4},"end":{"line":29,"column":5}},"type":"if","locations":[{"start":{"line":26,"column":4},"end":{"line":29,"column":5}},{"start":{"line":26,"column":4},"end":{"line":29,"column":5}}],"line":26},"1":{"loc":{"start":{"line":43,"column":4},"end":{"line":45,"column":5}},"type":"if","locations":[{"start":{"line":43,"column":4},"end":{"line":45,"column":5}},{"start":{"line":43,"column":4},"end":{"line":45,"column":5}}],"line":43},"2":{"loc":{"start":{"line":51,"column":4},"end":{"line":76,"column":5}},"type":"if","locations":[{"start":{"line":51,"column":4},"end":{"line":76,"column":5}},{"start":{"line":51,"column":4},"end":{"line":76,"column":5}}],"line":51},"3":{"loc":{"start":{"line":55,"column":8},"end":{"line":75,"column":9}},"type":"if","locations":[{"start":{"line":55,"column":8},"end":{"line":75,"column":9}},{"start":{"line":55,"column":8},"end":{"line":75,"column":9}}],"line":55},"4":{"loc":{"start":{"line":59,"column":12},"end":{"line":74,"column":13}},"type":"if","locations":[{"start":{"line":59,"column":12},"end":{"line":74,"column":13}},{"start":{"line":59,"column":12},"end":{"line":74,"column":13}}],"line":59},"5":{"loc":{"start":{"line":63,"column":16},"end":{"line":73,"column":17}},"type":"if","locations":[{"start":{"line":63,"column":16},"end":{"line":73,"column":17}},{"start":{"line":63,"column":16},"end":{"line":73,"column":17}}],"line":63},"6":{"loc":{"start":{"line":67,"column":20},"end":{"line":72,"column":21}},"type":"if","locations":[{"start":{"line":67,"column":20},"end":{"line":72,"column":21}},{"start":{"line":67,"column":20},"end":{"line":72,"column":21}}],"line":67},"7":{"loc":{"start":{"line":78,"column":4},"end":{"line":80,"column":5}},"type":"if","locations":[{"start":{"line":78,"column":4},"end":{"line":80,"column":5}},{"start":{"line":78,"column":4},"end":{"line":80,"column":5}}],"line":78},"8":{"loc":{"start":{"line":78,"column":8},"end":{"line":78,"column":38}},"type":"binary-expr","locations":[{"start":{"line":78,"column":8},"end":{"line":78,"column":20}},{"start":{"line":78,"column":24},"end":{"line":78,"column":38}}],"line":78},"9":{"loc":{"start":{"line":82,"column":4},"end":{"line":84,"column":5}},"type":"if","locations":[{"start":{"line":82,"column":4},"end":{"line":84,"column":5}},{"start":{"line":82,"column":4},"end":{"line":84,"column":5}}],"line":82},"10":{"loc":{"start":{"line":96,"column":4},"end":{"line":105,"column":5}},"type":"if","locations":[{"start":{"line":96,"column":4},"end":{"line":105,"column":5}},{"start":{"line":96,"column":4},"end":{"line":105,"column":5}}],"line":96},"11":{"loc":{"start":{"line":97,"column":8},"end":{"line":104,"column":9}},"type":"if","locations":[{"start":{"line":97,"column":8},"end":{"line":104,"column":9}},{"start":{"line":97,"column":8},"end":{"line":104,"column":9}}],"line":97},"12":{"loc":{"start":{"line":100,"column":13},"end":{"line":104,"column":9}},"type":"if","locations":[{"start":{"line":100,"column":13},"end":{"line":104,"column":9}},{"start":{"line":100,"column":13},"end":{"line":104,"column":9}}],"line":100}},"s":{"0":9,"1":9,"2":9,"3":17,"4":9,"5":12,"6":12,"7":12,"8":12,"9":12,"10":12,"11":12,"12":9,"13":2,"14":2,"15":2,"16":9,"17":5,"18":5,"19":5,"20":5,"21":5,"22":5,"23":5,"24":5,"25":5,"26":9,"27":0,"28":0,"29":0,"30":9,"31":0,"32":0,"33":0,"34":0,"35":0,"36":0,"37":0,"38":0,"39":0,"40":0,"41":0,"42":0,"43":0,"44":0,"45":0,"46":0,"47":0,"48":0,"49":0,"50":0,"51":0,"52":0,"53":0,"54":0,"55":0,"56":9,"57":5,"58":5,"59":5,"60":5,"61":5,"62":5,"63":4,"64":2,"65":2,"66":1,"67":1,"68":5},"f":{"0":17,"1":12,"2":2,"3":5,"4":0,"5":0,"6":5},"b":{"0":[5,0],"1":[0,0],"2":[0,0],"3":[0,0],"4":[0,0],"5":[0,0],"6":[0,0],"7":[0,0],"8":[0,0],"9":[0,0],"10":[4,1],"11":[2,2],"12":[1,1]},"_coverageSchema":"1a1c01bbd47fc00a2c39e90264f33305004495a9","hash":"d2372603e751c29fd3274d7ef158011e2cda29fd"}
,"D:\\Projects\\lss\\lup-web-common-component-lhk\\utils\\utility.js": {"path":"D:\\Projects\\lss\\lup-web-common-component-lhk\\utils\\utility.js","statementMap":{"0":{"start":{"line":5,"column":8},"end":{"line":5,"column":98}},"1":{"start":{"line":5,"column":45},"end":{"line":5,"column":96}},"2":{"start":{"line":9,"column":8},"end":{"line":11,"column":9}},"3":{"start":{"line":10,"column":12},"end":{"line":10,"column":27}},"4":{"start":{"line":12,"column":8},"end":{"line":18,"column":9}},"5":{"start":{"line":13,"column":27},"end":{"line":13,"column":89}},"6":{"start":{"line":14,"column":28},"end":{"line":14,"column":57}},"7":{"start":{"line":15,"column":12},"end":{"line":17,"column":13}},"8":{"start":{"line":16,"column":16},"end":{"line":16,"column":69}},"9":{"start":{"line":19,"column":8},"end":{"line":19,"column":23}},"10":{"start":{"line":23,"column":8},"end":{"line":25,"column":9}},"11":{"start":{"line":24,"column":12},"end":{"line":24,"column":27}},"12":{"start":{"line":26,"column":32},"end":{"line":26,"column":66}},"13":{"start":{"line":26,"column":56},"end":{"line":26,"column":65}},"14":{"start":{"line":27,"column":31},"end":{"line":27,"column":95}},"15":{"start":{"line":28,"column":24},"end":{"line":28,"column":26}},"16":{"start":{"line":29,"column":8},"end":{"line":36,"column":9}},"17":{"start":{"line":30,"column":12},"end":{"line":35,"column":13}},"18":{"start":{"line":31,"column":29},"end":{"line":31,"column":72}},"19":{"start":{"line":31,"column":54},"end":{"line":31,"column":71}},"20":{"start":{"line":32,"column":16},"end":{"line":32,"column":53}},"21":{"start":{"line":34,"column":16},"end":{"line":34,"column":38}},"22":{"start":{"line":37,"column":8},"end":{"line":37,"column":25}},"23":{"start":{"line":41,"column":24},"end":{"line":41,"column":26}},"24":{"start":{"line":42,"column":8},"end":{"line":45,"column":10}},"25":{"start":{"line":43,"column":23},"end":{"line":43,"column":32}},"26":{"start":{"line":44,"column":12},"end":{"line":44,"column":61}},"27":{"start":{"line":49,"column":22},"end":{"line":49,"column":36}},"28":{"start":{"line":50,"column":8},"end":{"line":60,"column":9}},"29":{"start":{"line":51,"column":12},"end":{"line":55,"column":13}},"30":{"start":{"line":52,"column":16},"end":{"line":52,"column":33}},"31":{"start":{"line":53,"column":19},"end":{"line":55,"column":13}},"32":{"start":{"line":54,"column":16},"end":{"line":54,"column":33}},"33":{"start":{"line":56,"column":12},"end":{"line":58,"column":13}},"34":{"start":{"line":57,"column":16},"end":{"line":57,"column":22}},"35":{"start":{"line":59,"column":12},"end":{"line":59,"column":21}},"36":{"start":{"line":61,"column":8},"end":{"line":61,"column":23}},"37":{"start":{"line":66,"column":20},"end":{"line":66,"column":28}},"38":{"start":{"line":67,"column":8},"end":{"line":69,"column":11}},"39":{"start":{"line":68,"column":12},"end":{"line":68,"column":32}},"40":{"start":{"line":70,"column":8},"end":{"line":70,"column":27}},"41":{"start":{"line":74,"column":8},"end":{"line":80,"column":15}},"42":{"start":{"line":75,"column":27},"end":{"line":75,"column":36}},"43":{"start":{"line":76,"column":12},"end":{"line":79,"column":13}},"44":{"start":{"line":84,"column":22},"end":{"line":84,"column":36}},"45":{"start":{"line":85,"column":29},"end":{"line":85,"column":99}},"46":{"start":{"line":85,"column":47},"end":{"line":85,"column":98}},"47":{"start":{"line":86,"column":8},"end":{"line":86,"column":38}}},"fnMap":{"0":{"name":"(anonymous_0)","decl":{"start":{"line":4,"column":4},"end":{"line":4,"column":5}},"loc":{"start":{"line":4,"column":42},"end":{"line":6,"column":5}},"line":4},"1":{"name":"(anonymous_1)","decl":{"start":{"line":5,"column":37},"end":{"line":5,"column":38}},"loc":{"start":{"line":5,"column":45},"end":{"line":5,"column":96}},"line":5},"2":{"name":"(anonymous_2)","decl":{"start":{"line":8,"column":4},"end":{"line":8,"column":5}},"loc":{"start":{"line":8,"column":50},"end":{"line":20,"column":5}},"line":8},"3":{"name":"(anonymous_3)","decl":{"start":{"line":22,"column":4},"end":{"line":22,"column":5}},"loc":{"start":{"line":22,"column":56},"end":{"line":38,"column":5}},"line":22},"4":{"name":"(anonymous_4)","decl":{"start":{"line":26,"column":48},"end":{"line":26,"column":49}},"loc":{"start":{"line":26,"column":56},"end":{"line":26,"column":65}},"line":26},"5":{"name":"(anonymous_5)","decl":{"start":{"line":31,"column":46},"end":{"line":31,"column":47}},"loc":{"start":{"line":31,"column":54},"end":{"line":31,"column":71}},"line":31},"6":{"name":"(anonymous_6)","decl":{"start":{"line":40,"column":4},"end":{"line":40,"column":5}},"loc":{"start":{"line":40,"column":35},"end":{"line":46,"column":5}},"line":40},"7":{"name":"(anonymous_7)","decl":{"start":{"line":42,"column":28},"end":{"line":42,"column":29}},"loc":{"start":{"line":42,"column":36},"end":{"line":45,"column":9}},"line":42},"8":{"name":"(anonymous_8)","decl":{"start":{"line":48,"column":4},"end":{"line":48,"column":5}},"loc":{"start":{"line":48,"column":84},"end":{"line":62,"column":5}},"line":48},"9":{"name":"(anonymous_9)","decl":{"start":{"line":65,"column":4},"end":{"line":65,"column":5}},"loc":{"start":{"line":65,"column":30},"end":{"line":71,"column":5}},"line":65},"10":{"name":"(anonymous_10)","decl":{"start":{"line":67,"column":18},"end":{"line":67,"column":19}},"loc":{"start":{"line":67,"column":24},"end":{"line":69,"column":9}},"line":67},"11":{"name":"(anonymous_11)","decl":{"start":{"line":73,"column":4},"end":{"line":73,"column":5}},"loc":{"start":{"line":73,"column":48},"end":{"line":81,"column":5}},"line":73},"12":{"name":"(anonymous_12)","decl":{"start":{"line":74,"column":28},"end":{"line":74,"column":29}},"loc":{"start":{"line":74,"column":43},"end":{"line":80,"column":9}},"line":74},"13":{"name":"(anonymous_13)","decl":{"start":{"line":83,"column":4},"end":{"line":83,"column":5}},"loc":{"start":{"line":83,"column":37},"end":{"line":87,"column":5}},"line":83},"14":{"name":"(anonymous_14)","decl":{"start":{"line":85,"column":39},"end":{"line":85,"column":40}},"loc":{"start":{"line":85,"column":47},"end":{"line":85,"column":98}},"line":85}},"branchMap":{"0":{"loc":{"start":{"line":5,"column":15},"end":{"line":5,"column":97}},"type":"binary-expr","locations":[{"start":{"line":5,"column":15},"end":{"line":5,"column":20}},{"start":{"line":5,"column":24},"end":{"line":5,"column":97}}],"line":5},"1":{"loc":{"start":{"line":9,"column":8},"end":{"line":11,"column":9}},"type":"if","locations":[{"start":{"line":9,"column":8},"end":{"line":11,"column":9}},{"start":{"line":9,"column":8},"end":{"line":11,"column":9}}],"line":9},"2":{"loc":{"start":{"line":9,"column":12},"end":{"line":9,"column":47}},"type":"binary-expr","locations":[{"start":{"line":9,"column":12},"end":{"line":9,"column":24}},{"start":{"line":9,"column":28},"end":{"line":9,"column":47}}],"line":9},"3":{"loc":{"start":{"line":23,"column":8},"end":{"line":25,"column":9}},"type":"if","locations":[{"start":{"line":23,"column":8},"end":{"line":25,"column":9}},{"start":{"line":23,"column":8},"end":{"line":25,"column":9}}],"line":23},"4":{"loc":{"start":{"line":23,"column":12},"end":{"line":23,"column":47}},"type":"binary-expr","locations":[{"start":{"line":23,"column":12},"end":{"line":23,"column":24}},{"start":{"line":23,"column":28},"end":{"line":23,"column":47}}],"line":23},"5":{"loc":{"start":{"line":30,"column":12},"end":{"line":35,"column":13}},"type":"if","locations":[{"start":{"line":30,"column":12},"end":{"line":35,"column":13}},{"start":{"line":30,"column":12},"end":{"line":35,"column":13}}],"line":30},"6":{"loc":{"start":{"line":44,"column":19},"end":{"line":44,"column":61}},"type":"cond-expr","locations":[{"start":{"line":44,"column":33},"end":{"line":44,"column":38}},{"start":{"line":44,"column":42},"end":{"line":44,"column":60}}],"line":44},"7":{"loc":{"start":{"line":48,"column":60},"end":{"line":48,"column":82}},"type":"default-arg","locations":[{"start":{"line":48,"column":71},"end":{"line":48,"column":82}}],"line":48},"8":{"loc":{"start":{"line":51,"column":12},"end":{"line":55,"column":13}},"type":"if","locations":[{"start":{"line":51,"column":12},"end":{"line":55,"column":13}},{"start":{"line":51,"column":12},"end":{"line":55,"column":13}}],"line":51},"9":{"loc":{"start":{"line":53,"column":19},"end":{"line":55,"column":13}},"type":"if","locations":[{"start":{"line":53,"column":19},"end":{"line":55,"column":13}},{"start":{"line":53,"column":19},"end":{"line":55,"column":13}}],"line":53},"10":{"loc":{"start":{"line":56,"column":12},"end":{"line":58,"column":13}},"type":"if","locations":[{"start":{"line":56,"column":12},"end":{"line":58,"column":13}},{"start":{"line":56,"column":12},"end":{"line":58,"column":13}}],"line":56}},"s":{"0":0,"1":0,"2":18,"3":12,"4":6,"5":9,"6":9,"7":9,"8":0,"9":6,"10":0,"11":0,"12":0,"13":0,"14":0,"15":0,"16":0,"17":0,"18":0,"19":0,"20":0,"21":0,"22":0,"23":0,"24":0,"25":0,"26":0,"27":0,"28":0,"29":0,"30":0,"31":0,"32":0,"33":0,"34":0,"35":0,"36":0,"37":5,"38":5,"39":5,"40":5,"41":0,"42":0,"43":0,"44":0,"45":0,"46":0,"47":0},"f":{"0":0,"1":0,"2":18,"3":0,"4":0,"5":0,"6":0,"7":0,"8":0,"9":5,"10":5,"11":0,"12":0,"13":0,"14":0},"b":{"0":[0,0],"1":[12,6],"2":[18,18],"3":[0,0],"4":[0,0],"5":[0,0],"6":[0,0],"7":[0],"8":[0,0],"9":[0,0],"10":[0,0]},"_coverageSchema":"1a1c01bbd47fc00a2c39e90264f33305004495a9","hash":"0902da7eef8d7f6903dce200db31648ada006fbe"}
}
