TN:
SF:components\atoms\index.js
FNF:0
FNH:0
LF:0
LH:0
BRF:0
BRH:0
end_of_record
TN:
SF:components\atoms\Badge\index.js
FN:6,(anonymous_0)
FNF:1
FNH:1
FNDA:3,(anonymous_0)
DA:6,29
DA:7,3
DA:18,29
DA:23,29
LF:4
LH:4
BRF:0
BRH:0
end_of_record
TN:
SF:components\atoms\Badge\styles.js
FN:14,(anonymous_0)
FNF:1
FNH:1
FNDA:3,(anonymous_0)
DA:12,29
DA:14,3
DA:28,29
LF:3
LH:3
BRF:0
BRH:0
end_of_record
TN:
SF:components\atoms\Block\index.js
FNF:0
FNH:0
LF:0
LH:0
BRF:0
BRH:0
end_of_record
TN:
SF:components\atoms\Block\styles.js
FNF:0
FNH:0
DA:3,29
LF:1
LH:1
BRF:0
BRH:0
end_of_record
TN:
SF:components\atoms\Button\index.js
FN:5,(anonymous_0)
FNF:1
FNH:1
FNDA:68,(anonymous_0)
DA:5,29
DA:6,68
DA:11,29
DA:21,29
LF:4
LH:4
BRDA:6,0,0,68
BRDA:6,0,1,68
BRDA:7,1,0,0
BRDA:7,1,1,68
BRF:4
BRH:3
end_of_record
TN:
SF:components\atoms\Button\styles.js
FN:135,(anonymous_0)
FN:145,(anonymous_1)
FN:146,(anonymous_2)
FN:147,(anonymous_3)
FNF:4
FNH:4
FNDA:68,(anonymous_0)
FNDA:68,(anonymous_1)
FNDA:68,(anonymous_2)
FNDA:68,(anonymous_3)
DA:18,29
DA:40,29
DA:64,29
DA:88,29
DA:111,29
DA:119,29
DA:126,29
DA:133,29
DA:135,68
DA:145,68
DA:146,68
DA:147,68
DA:150,29
DA:160,29
LF:14
LH:14
BRF:0
BRH:0
end_of_record
TN:
SF:components\atoms\ChatAvatar\index.js
FN:11,(anonymous_0)
FNF:1
FNH:1
FNDA:3,(anonymous_0)
DA:6,29
DA:11,29
DA:13,3
DA:18,3
DA:19,1
DA:31,2
DA:34,29
DA:40,29
LF:8
LH:8
BRDA:18,0,0,1
BRDA:18,0,1,2
BRF:2
BRH:2
end_of_record
TN:
SF:components\atoms\ChatAvatar\styles.js
FN:11,(anonymous_0)
FNF:1
FNH:1
FNDA:3,(anonymous_0)
DA:8,29
DA:11,3
DA:17,29
LF:3
LH:3
BRF:0
BRH:0
end_of_record
TN:
SF:components\atoms\ChatReactMentions\index.js
FN:9,(anonymous_0)
FN:22,(anonymous_1)
FN:27,(anonymous_2)
FN:33,(anonymous_3)
FN:55,(anonymous_4)
FNF:5
FNH:2
FNDA:7,(anonymous_0)
FNDA:14,(anonymous_1)
FNDA:0,(anonymous_2)
FNDA:0,(anonymous_3)
FNDA:0,(anonymous_4)
DA:9,28
DA:10,7
DA:22,14
DA:28,0
DA:33,0
DA:43,28
DA:53,28
LF:7
LH:5
BRDA:29,0,0,0
BRDA:29,0,1,0
BRF:2
BRH:0
end_of_record
TN:
SF:components\atoms\ChatReactMentions\styles.js
FNF:0
FNH:0
DA:4,28
LF:1
LH:1
BRF:0
BRH:0
end_of_record
TN:
SF:components\atoms\Checkbox\index.js
FN:5,(anonymous_0)
FN:22,(anonymous_1)
FNF:2
FNH:1
FNDA:125,(anonymous_0)
FNDA:0,(anonymous_1)
DA:5,29
DA:6,125
DA:12,29
DA:19,29
LF:4
LH:4
BRDA:7,0,0,125
BRDA:7,0,1,109
BRDA:8,1,0,125
BRDA:8,1,1,17
BRF:4
BRH:4
end_of_record
TN:
SF:components\atoms\Checkbox\styles.js
FNF:0
FNH:0
DA:10,29
DA:17,29
DA:24,29
DA:166,29
LF:4
LH:4
BRF:0
BRH:0
end_of_record
TN:
SF:components\atoms\Cross1\index.js
FN:7,(anonymous_0)
FN:18,(anonymous_1)
FNF:2
FNH:1
FNDA:53,(anonymous_0)
FNDA:0,(anonymous_1)
DA:7,29
DA:8,53
DA:11,29
DA:16,29
LF:4
LH:4
BRF:0
BRH:0
end_of_record
TN:
SF:components\atoms\Cross1\styles.js
FN:4,(anonymous_0)
FN:5,(anonymous_1)
FNF:2
FNH:2
FNDA:53,(anonymous_0)
FNDA:53,(anonymous_1)
DA:3,29
DA:4,53
DA:5,53
LF:3
LH:3
BRF:0
BRH:0
end_of_record
TN:
SF:components\atoms\Cross2\index.js
FN:7,(anonymous_0)
FN:18,(anonymous_1)
FNF:2
FNH:1
FNDA:7,(anonymous_0)
FNDA:0,(anonymous_1)
DA:7,29
DA:8,7
DA:11,29
DA:16,29
LF:4
LH:4
BRF:0
BRH:0
end_of_record
TN:
SF:components\atoms\Cross2\styles.js
FN:4,(anonymous_0)
FN:5,(anonymous_1)
FNF:2
FNH:2
FNDA:7,(anonymous_0)
FNDA:7,(anonymous_1)
DA:3,29
DA:4,7
DA:5,7
LF:3
LH:3
BRF:0
BRH:0
end_of_record
TN:
SF:components\atoms\Cross3\index.js
FN:7,(anonymous_0)
FN:18,(anonymous_1)
FNF:2
FNH:1
FNDA:2,(anonymous_0)
FNDA:0,(anonymous_1)
DA:7,29
DA:8,2
DA:11,29
DA:16,29
LF:4
LH:4
BRF:0
BRH:0
end_of_record
TN:
SF:components\atoms\Cross3\styles.js
FN:4,(anonymous_0)
FN:5,(anonymous_1)
FNF:2
FNH:2
FNDA:2,(anonymous_0)
FNDA:2,(anonymous_1)
DA:3,29
DA:4,2
DA:5,2
LF:3
LH:3
BRF:0
BRH:0
end_of_record
TN:
SF:components\atoms\CustomDropDown\index.js
FN:5,(anonymous_0)
FNF:1
FNH:1
FNDA:11,(anonymous_0)
DA:5,29
DA:6,11
DA:14,29
LF:3
LH:3
BRDA:6,0,0,8
BRDA:6,0,1,3
BRF:2
BRH:2
end_of_record
TN:
SF:components\atoms\FlexBlock\index.js
FNF:0
FNH:0
DA:5,29
DA:11,29
LF:2
LH:2
BRF:0
BRH:0
end_of_record
TN:
SF:components\atoms\FlexBlock\styles.js
FN:7,(anonymous_0)
FN:8,(anonymous_1)
FN:9,(anonymous_2)
FN:10,(anonymous_3)
FNF:4
FNH:4
FNDA:17,(anonymous_0)
FNDA:17,(anonymous_1)
FNDA:17,(anonymous_2)
FNDA:17,(anonymous_3)
DA:3,29
DA:7,17
DA:8,17
DA:9,17
DA:10,17
LF:5
LH:5
BRF:0
BRH:0
end_of_record
TN:
SF:components\atoms\FormSpace\index.js
FNF:0
FNH:0
LF:0
LH:0
BRF:0
BRH:0
end_of_record
TN:
SF:components\atoms\FormSpace\styles.js
FNF:0
FNH:0
DA:6,28
LF:1
LH:1
BRF:0
BRH:0
end_of_record
TN:
SF:components\atoms\Highlighter\index.js
FNF:0
FNH:0
LF:0
LH:0
BRF:0
BRH:0
end_of_record
TN:
SF:components\atoms\Highlighter\styles.js
FN:6,(anonymous_0)
FNF:1
FNH:1
FNDA:2,(anonymous_0)
DA:4,29
DA:6,2
LF:2
LH:2
BRDA:6,0,0,2
BRDA:6,0,1,1
BRF:2
BRH:2
end_of_record
TN:
SF:components\atoms\IconButton\index.js
FN:5,(anonymous_0)
FN:36,(anonymous_1)
FNF:2
FNH:1
FNDA:78,(anonymous_0)
FNDA:0,(anonymous_1)
DA:5,30
DA:14,78
DA:24,30
DA:34,30
LF:4
LH:4
BRDA:19,0,0,78
BRDA:19,0,1,78
BRF:2
BRH:2
end_of_record
TN:
SF:components\atoms\IconButton\styles.js
FNF:0
FNH:0
DA:3,30
LF:1
LH:1
BRF:0
BRH:0
end_of_record
TN:
SF:components\atoms\Image\index.js
FN:7,(anonymous_0)
FN:11,(anonymous_1)
FNF:2
FNH:1
FNDA:67,(anonymous_0)
FNDA:0,(anonymous_1)
DA:7,29
DA:9,67
DA:11,67
DA:12,0
DA:15,67
DA:16,60
DA:19,7
DA:22,29
DA:28,29
LF:9
LH:8
BRDA:15,0,0,60
BRDA:15,0,1,7
BRDA:15,1,0,67
BRDA:15,1,1,7
BRF:4
BRH:4
end_of_record
TN:
SF:components\atoms\Image\styles.js
FN:4,(anonymous_0)
FN:5,(anonymous_1)
FN:16,(anonymous_2)
FNF:3
FNH:3
FNDA:7,(anonymous_0)
FNDA:7,(anonymous_1)
FNDA:60,(anonymous_2)
DA:3,29
DA:4,7
DA:5,7
DA:13,29
DA:16,60
LF:5
LH:5
BRF:0
BRH:0
end_of_record
TN:
SF:components\atoms\Input\index.js
FNF:0
FNH:0
LF:0
LH:0
BRF:0
BRH:0
end_of_record
TN:
SF:components\atoms\Input\styles.js
FNF:0
FNH:0
DA:24,29
LF:1
LH:1
BRF:0
BRH:0
end_of_record
TN:
SF:components\atoms\Label\index.js
FNF:0
FNH:0
LF:0
LH:0
BRF:0
BRH:0
end_of_record
TN:
SF:components\atoms\Label\styles.js
FN:23,(anonymous_0)
FN:24,(anonymous_1)
FNF:2
FNH:2
FNDA:23,(anonymous_0)
FNDA:23,(anonymous_1)
DA:12,29
DA:23,23
DA:24,23
LF:3
LH:3
BRDA:23,0,0,22
BRDA:23,0,1,1
BRDA:24,1,0,23
BRDA:24,1,1,0
BRF:4
BRH:3
end_of_record
TN:
SF:components\atoms\Modal\index.js
FNF:0
FNH:0
LF:0
LH:0
BRF:0
BRH:0
end_of_record
TN:
SF:components\atoms\Modal\styles.js
FNF:0
FNH:0
DA:5,29
LF:1
LH:1
BRF:0
BRH:0
end_of_record
TN:
SF:components\atoms\Radio\index.js
FN:5,(anonymous_0)
FNF:1
FNH:1
FNDA:1,(anonymous_0)
DA:5,29
DA:7,29
DA:12,29
LF:3
LH:3
BRF:0
BRH:0
end_of_record
TN:
SF:components\atoms\Radio\styles.js
FNF:0
FNH:0
DA:6,29
LF:1
LH:1
BRF:0
BRH:0
end_of_record
TN:
SF:components\atoms\SearchInput\index.js
FN:9,(anonymous_0)
FN:12,(anonymous_1)
FN:21,(anonymous_2)
FN:40,(anonymous_3)
FNF:4
FNH:2
FNDA:3,(anonymous_0)
FNDA:3,(anonymous_1)
FNDA:0,(anonymous_2)
FNDA:0,(anonymous_3)
DA:9,28
DA:10,3
DA:12,3
DA:13,3
DA:15,3
DA:21,0
DA:30,28
DA:38,28
LF:8
LH:7
BRDA:25,0,0,3
BRDA:25,0,1,1
BRF:2
BRH:2
end_of_record
TN:
SF:components\atoms\SearchInput\styles.js
FN:76,(anonymous_0)
FN:77,(anonymous_1)
FN:100,(anonymous_2)
FNF:3
FNH:3
FNDA:3,(anonymous_0)
FNDA:3,(anonymous_1)
FNDA:3,(anonymous_2)
DA:25,28
DA:27,28
DA:76,3
DA:77,3
DA:100,3
LF:5
LH:5
BRDA:76,0,0,1
BRDA:76,0,1,2
BRDA:77,1,0,3
BRDA:77,1,1,1
BRDA:100,2,0,1
BRDA:100,2,1,2
BRF:6
BRH:6
end_of_record
TN:
SF:components\atoms\Select\index.js
FN:7,(anonymous_0)
FN:8,(anonymous_1)
FN:21,(anonymous_2)
FN:29,(anonymous_3)
FN:33,(anonymous_4)
FNF:5
FNH:4
FNDA:3,(anonymous_0)
FNDA:3,(anonymous_1)
FNDA:3,(anonymous_2)
FNDA:0,(anonymous_3)
FNDA:6,(anonymous_4)
DA:7,29
DA:8,3
DA:9,3
DA:21,29
DA:26,3
DA:29,0
DA:34,6
DA:45,29
DA:50,29
LF:9
LH:8
BRDA:9,0,0,3
BRDA:9,0,1,0
BRDA:9,1,0,3
BRDA:9,1,1,0
BRDA:10,2,0,2
BRDA:10,2,1,1
BRF:6
BRH:4
end_of_record
TN:
SF:components\atoms\Select\styles.js
FNF:0
FNH:0
DA:30,29
DA:103,29
DA:107,29
DA:123,29
DA:145,29
LF:5
LH:5
BRF:0
BRH:0
end_of_record
TN:
SF:components\atoms\Spinner\index.js
FN:5,(anonymous_0)
FNF:1
FNH:1
FNDA:2,(anonymous_0)
DA:5,29
DA:7,29
DA:13,29
LF:3
LH:3
BRF:0
BRH:0
end_of_record
TN:
SF:components\atoms\StyledMessage\index.js
FN:23,(anonymous_0)
FN:25,(anonymous_1)
FN:30,(anonymous_2)
FN:31,(anonymous_3)
FN:38,(anonymous_4)
FN:57,(anonymous_5)
FNF:6
FNH:6
FNDA:13,(anonymous_0)
FNDA:13,(anonymous_1)
FNDA:37,(anonymous_2)
FNDA:19,(anonymous_3)
FNDA:67,(anonymous_4)
FNDA:11,(anonymous_5)
DA:16,28
DA:22,28
DA:23,28
DA:25,13
DA:26,13
DA:27,13
DA:28,13
DA:30,13
DA:31,37
DA:32,19
DA:33,11
DA:34,11
DA:38,13
DA:39,67
DA:40,67
DA:41,67
DA:43,0
DA:45,2
DA:49,0
DA:53,65
DA:57,13
DA:58,13
DA:59,13
DA:65,13
DA:72,28
DA:77,28
LF:26
LH:24
BRDA:32,0,0,11
BRDA:32,0,1,8
BRDA:41,1,0,0
BRDA:41,1,1,2
BRDA:41,1,2,0
BRDA:41,1,3,65
BRDA:57,2,0,0
BRDA:57,2,1,11
BRF:8
BRH:5
end_of_record
TN:
SF:components\atoms\StyledMessage\styles.js
FN:4,(anonymous_0)
FNF:1
FNH:1
FNDA:2,(anonymous_0)
DA:3,28
DA:4,2
LF:2
LH:2
BRF:0
BRH:0
end_of_record
TN:
SF:components\atoms\Text\index.js
FNF:0
FNH:0
LF:0
LH:0
BRF:0
BRH:0
end_of_record
TN:
SF:components\atoms\Text\styles.js
FN:7,(anonymous_0)
FN:8,(anonymous_1)
FN:9,(anonymous_2)
FN:10,(anonymous_3)
FN:11,(anonymous_4)
FN:16,(anonymous_5)
FNF:6
FNH:6
FNDA:493,(anonymous_0)
FNDA:493,(anonymous_1)
FNDA:493,(anonymous_2)
FNDA:493,(anonymous_3)
FNDA:493,(anonymous_4)
FNDA:493,(anonymous_5)
DA:5,30
DA:7,493
DA:8,493
DA:9,493
DA:10,493
DA:11,493
DA:16,493
LF:7
LH:7
BRDA:7,0,0,0
BRDA:7,0,1,493
BRDA:8,1,0,493
BRDA:8,1,1,281
BRDA:9,2,0,493
BRDA:9,2,1,388
BRDA:10,3,0,493
BRDA:10,3,1,337
BRDA:16,4,0,493
BRDA:16,4,1,2
BRF:10
BRH:9
end_of_record
TN:
SF:components\atoms\TextArea\index.js
FNF:0
FNH:0
DA:4,29
DA:8,29
LF:2
LH:2
BRF:0
BRH:0
end_of_record
TN:
SF:components\atoms\TextArea\styles.js
FNF:0
FNH:0
DA:13,29
DA:15,29
LF:2
LH:2
BRF:0
BRH:0
end_of_record
TN:
SF:components\atoms\TimeAgo\index.js
FN:4,(anonymous_0)
FNF:1
FNH:1
FNDA:1,(anonymous_0)
DA:4,1
DA:6,1
DA:7,1
DA:10,1
DA:13,1
DA:15,1
DA:16,0
DA:18,1
DA:19,1
DA:20,0
DA:22,1
DA:23,1
DA:24,0
DA:26,1
DA:27,1
DA:28,0
DA:30,1
DA:31,1
DA:32,0
DA:34,1
DA:35,1
DA:42,1
DA:43,1
DA:45,1
DA:48,1
LF:25
LH:20
BRDA:6,0,0,1
BRDA:6,0,1,0
BRDA:15,1,0,0
BRDA:15,1,1,1
BRDA:19,2,0,0
BRDA:19,2,1,1
BRDA:23,3,0,0
BRDA:23,3,1,1
BRDA:27,4,0,0
BRDA:27,4,1,1
BRDA:31,5,0,0
BRDA:31,5,1,1
BRDA:42,6,0,1
BRDA:42,6,1,0
BRDA:42,7,0,1
BRDA:42,7,1,1
BRF:16
BRH:9
end_of_record
TN:
SF:components\molecules\index.js
FNF:0
FNH:0
LF:0
LH:0
BRF:0
BRH:0
end_of_record
TN:
SF:components\molecules\AlertPopUp\index.js
FN:16,(anonymous_0)
FN:54,(anonymous_1)
FNF:2
FNH:1
FNDA:6,(anonymous_0)
FNDA:0,(anonymous_1)
DA:16,10
DA:17,6
DA:45,10
DA:51,10
LF:4
LH:4
BRDA:25,0,0,3
BRDA:25,0,1,3
BRDA:32,1,0,6
BRDA:32,1,1,3
BRDA:33,2,0,6
BRDA:33,2,1,2
BRF:6
BRH:6
end_of_record
TN:
SF:components\molecules\AlertPopUp\styles.js
FN:33,(anonymous_0)
FNF:1
FNH:1
FNDA:6,(anonymous_0)
DA:15,10
DA:33,6
DA:59,10
DA:63,10
DA:67,10
LF:5
LH:5
BRF:0
BRH:0
end_of_record
TN:
SF:components\molecules\AttachmentCard\index.js
FN:12,(anonymous_0)
FN:53,(anonymous_1)
FN:91,(anonymous_2)
FN:92,(anonymous_3)
FNF:4
FNH:1
FNDA:15,(anonymous_0)
FNDA:0,(anonymous_1)
FNDA:0,(anonymous_2)
FNDA:0,(anonymous_3)
DA:11,10
DA:12,10
DA:14,15
DA:15,15
DA:16,15
DA:17,15
DA:18,15
DA:19,15
DA:20,15
DA:21,15
DA:23,15
DA:53,0
DA:79,10
DA:89,10
LF:14
LH:13
BRDA:15,0,0,15
BRDA:15,0,1,14
BRDA:15,0,2,14
BRDA:16,1,0,15
BRDA:16,1,1,14
BRDA:19,2,0,15
BRDA:19,2,1,15
BRDA:31,3,0,12
BRDA:31,3,1,3
BRDA:37,4,0,1
BRDA:37,4,1,2
BRDA:37,5,0,3
BRDA:37,5,1,2
BRDA:42,6,0,15
BRDA:42,6,1,3
BRDA:44,7,0,3
BRDA:44,7,1,2
BRDA:44,7,2,1
BRDA:52,8,0,1
BRDA:52,8,1,2
BRDA:52,9,0,3
BRDA:52,9,1,2
BRDA:53,10,0,0
BRDA:53,10,1,0
BRDA:53,11,0,0
BRDA:53,11,1,0
BRDA:64,12,0,15
BRDA:64,12,1,3
BRDA:64,12,2,1
BRDA:68,13,0,1
BRDA:68,13,1,0
BRDA:74,14,0,15
BRDA:74,14,1,2
BRF:33
BRH:28
end_of_record
TN:
SF:components\molecules\AttachmentCard\styles.js
FN:15,(anonymous_0)
FN:16,(anonymous_1)
FN:17,(anonymous_2)
FN:18,(anonymous_3)
FN:36,(anonymous_4)
FN:37,(anonymous_5)
FN:38,(anonymous_6)
FN:41,(anonymous_7)
FN:49,(anonymous_8)
FNF:9
FNH:9
FNDA:15,(anonymous_0)
FNDA:15,(anonymous_1)
FNDA:15,(anonymous_2)
FNDA:15,(anonymous_3)
FNDA:3,(anonymous_4)
FNDA:3,(anonymous_5)
FNDA:3,(anonymous_6)
FNDA:3,(anonymous_7)
FNDA:12,(anonymous_8)
DA:9,10
DA:15,15
DA:16,15
DA:17,15
DA:18,15
DA:24,10
DA:35,10
DA:36,3
DA:37,3
DA:38,3
DA:41,3
DA:48,10
DA:49,12
DA:61,10
LF:14
LH:14
BRDA:15,0,0,14
BRDA:15,0,1,1
BRDA:16,1,0,15
BRDA:16,1,1,2
BRDA:17,2,0,15
BRDA:17,2,1,14
BRDA:18,3,0,15
BRDA:18,3,1,14
BRDA:36,4,0,3
BRDA:36,4,1,0
BRDA:37,5,0,3
BRDA:37,5,1,2
BRDA:38,6,0,3
BRDA:38,6,1,3
BRDA:38,6,2,1
BRDA:41,7,0,2
BRDA:41,7,1,1
BRDA:49,8,0,12
BRDA:49,8,1,0
BRF:19
BRH:17
end_of_record
TN:
SF:components\molecules\ChatAttachments\index.js
FN:6,(anonymous_0)
FN:19,(anonymous_1)
FN:24,(anonymous_2)
FN:52,(anonymous_3)
FN:53,(anonymous_4)
FN:54,(anonymous_5)
FNF:6
FNH:2
FNDA:8,(anonymous_0)
FNDA:12,(anonymous_1)
FNDA:0,(anonymous_2)
FNDA:0,(anonymous_3)
FNDA:0,(anonymous_4)
FNDA:0,(anonymous_5)
DA:6,9
DA:16,8
DA:20,12
DA:25,0
DA:26,0
DA:28,0
DA:39,9
DA:50,9
LF:8
LH:5
BRDA:18,0,0,8
BRDA:18,0,1,8
BRDA:25,1,0,0
BRDA:25,1,1,0
BRF:4
BRH:2
end_of_record
TN:
SF:components\molecules\ChatAttachments\styles.js
FNF:0
FNH:0
DA:5,9
LF:1
LH:1
BRF:0
BRH:0
end_of_record
TN:
SF:components\molecules\ChatAvatar\index.js
FN:11,(anonymous_0)
FNF:1
FNH:1
FNDA:16,(anonymous_0)
DA:6,10
DA:11,10
DA:13,16
DA:18,16
DA:19,6
DA:29,10
DA:32,10
DA:38,10
LF:8
LH:8
BRDA:18,0,0,6
BRDA:18,0,1,10
BRF:2
BRH:2
end_of_record
TN:
SF:components\molecules\ChatAvatar\styles.js
FN:11,(anonymous_0)
FNF:1
FNH:1
FNDA:16,(anonymous_0)
DA:8,10
DA:11,16
DA:23,10
LF:3
LH:3
BRF:0
BRH:0
end_of_record
TN:
SF:components\molecules\ChatEditBox\index.js
FN:14,(anonymous_0)
FN:32,(anonymous_1)
FN:35,(anonymous_2)
FN:67,(anonymous_3)
FN:68,(anonymous_4)
FN:102,(anonymous_5)
FN:104,(anonymous_6)
FNF:7
FNH:2
FNDA:1,(anonymous_0)
FNDA:0,(anonymous_1)
FNDA:1,(anonymous_2)
FNDA:0,(anonymous_3)
FNDA:0,(anonymous_4)
FNDA:0,(anonymous_5)
FNDA:0,(anonymous_6)
DA:14,9
DA:28,1
DA:30,1
DA:32,1
DA:33,0
DA:35,1
DA:36,1
DA:37,0
DA:39,1
DA:43,1
DA:67,0
DA:69,0
DA:70,0
DA:78,9
DA:97,9
LF:15
LH:10
BRDA:36,0,0,0
BRDA:36,0,1,1
BRDA:36,1,0,1
BRDA:36,1,1,1
BRDA:58,2,0,1
BRDA:58,2,1,0
BRF:6
BRH:4
end_of_record
TN:
SF:components\molecules\ChatEditBox\styles.js
FNF:0
FNH:0
DA:11,9
DA:15,9
LF:2
LH:2
BRF:0
BRH:0
end_of_record
TN:
SF:components\molecules\ChatHeader\index.js
FN:14,(anonymous_0)
FN:62,(anonymous_1)
FNF:2
FNH:1
FNDA:1,(anonymous_0)
FNDA:0,(anonymous_1)
DA:14,10
DA:21,1
DA:52,10
DA:60,10
LF:4
LH:4
BRDA:25,0,0,1
BRDA:25,0,1,1
BRDA:43,1,0,1
BRDA:43,1,1,0
BRF:4
BRH:3
end_of_record
TN:
SF:components\molecules\ChatHeader\styles.js
FNF:0
FNH:0
DA:22,10
DA:60,10
DA:68,10
DA:76,10
LF:4
LH:4
BRF:0
BRH:0
end_of_record
TN:
SF:components\molecules\ChatHeaderTabs\index.js
FN:8,(anonymous_0)
FN:18,(anonymous_1)
FN:28,(anonymous_2)
FN:35,(anonymous_3)
FN:42,(anonymous_4)
FN:43,(anonymous_5)
FN:62,(anonymous_6)
FN:85,(anonymous_7)
FNF:8
FNH:7
FNDA:5,(anonymous_0)
FNDA:5,(anonymous_1)
FNDA:5,(anonymous_2)
FNDA:5,(anonymous_3)
FNDA:3,(anonymous_4)
FNDA:5,(anonymous_5)
FNDA:3,(anonymous_6)
FNDA:0,(anonymous_7)
DA:8,10
DA:9,5
DA:10,3
DA:12,2
DA:13,0
DA:15,2
DA:18,10
DA:19,5
DA:20,3
DA:22,2
DA:23,0
DA:25,2
DA:28,10
DA:29,5
DA:30,3
DA:32,2
DA:35,10
DA:36,5
DA:42,10
DA:43,3
DA:44,5
DA:45,5
DA:62,10
DA:63,3
DA:64,3
DA:73,10
DA:83,10
LF:27
LH:25
BRDA:9,0,0,3
BRDA:9,0,1,2
BRDA:9,1,0,5
BRDA:9,1,1,3
BRDA:12,2,0,0
BRDA:12,2,1,2
BRDA:12,3,0,2
BRDA:12,3,1,2
BRDA:19,4,0,3
BRDA:19,4,1,2
BRDA:19,5,0,5
BRDA:19,5,1,3
BRDA:22,6,0,0
BRDA:22,6,1,2
BRDA:22,7,0,2
BRDA:22,7,1,2
BRDA:29,8,0,3
BRDA:29,8,1,2
BRDA:55,9,0,3
BRDA:55,9,1,2
BRDA:57,10,0,3
BRDA:57,10,1,2
BRF:22
BRH:20
end_of_record
TN:
SF:components\molecules\ChatHeaderTabs\style.js
FN:16,(anonymous_0)
FN:61,(anonymous_1)
FNF:2
FNH:2
FNDA:3,(anonymous_0)
FNDA:5,(anonymous_1)
DA:5,10
DA:16,3
DA:59,10
DA:61,5
DA:70,10
LF:5
LH:5
BRF:0
BRH:0
end_of_record
TN:
SF:components\molecules\ChatInputArea\index.js
FN:10,(anonymous_0)
FN:38,(anonymous_1)
FN:53,(anonymous_2)
FN:58,(anonymous_3)
FN:94,(anonymous_4)
FN:97,(anonymous_5)
FN:98,(anonymous_6)
FNF:7
FNH:1
FNDA:5,(anonymous_0)
FNDA:0,(anonymous_1)
FNDA:0,(anonymous_2)
FNDA:0,(anonymous_3)
FNDA:0,(anonymous_4)
FNDA:0,(anonymous_5)
FNDA:0,(anonymous_6)
DA:10,10
DA:22,5
DA:23,5
DA:39,0
DA:40,0
DA:54,0
DA:55,0
DA:56,0
DA:57,0
DA:58,0
DA:59,0
DA:60,0
DA:62,0
DA:76,10
DA:92,10
LF:15
LH:5
BRDA:34,0,0,5
BRDA:34,0,1,4
BRDA:37,1,0,2
BRDA:37,1,1,2
BRDA:56,2,0,0
BRDA:56,2,1,0
BRDA:56,3,0,0
BRDA:56,3,1,0
BRDA:56,3,2,0
BRDA:59,4,0,0
BRDA:59,4,1,0
BRDA:66,5,0,3
BRDA:66,5,1,2
BRF:13
BRH:6
end_of_record
TN:
SF:components\molecules\ChatInputArea\styles.js
FN:32,(anonymous_0)
FNF:1
FNH:1
FNDA:5,(anonymous_0)
DA:8,10
DA:17,10
DA:32,5
DA:42,10
LF:4
LH:4
BRDA:32,0,0,3
BRDA:32,0,1,2
BRF:2
BRH:2
end_of_record
TN:
SF:components\molecules\ChatItem\index.js
FN:28,(anonymous_0)
FN:58,(anonymous_1)
FN:59,(anonymous_2)
FN:67,(anonymous_3)
FN:75,(anonymous_4)
FN:79,(anonymous_5)
FN:83,(anonymous_6)
FN:93,(anonymous_7)
FN:98,(anonymous_8)
FN:111,(anonymous_9)
FN:113,(anonymous_10)
FN:120,(anonymous_11)
FN:126,(anonymous_12)
FN:153,(anonymous_13)
FN:183,(anonymous_14)
FN:209,(anonymous_15)
FN:265,(anonymous_16)
FN:266,(anonymous_17)
FN:267,(anonymous_18)
FN:268,(anonymous_19)
FNF:20
FNH:9
FNDA:18,(anonymous_0)
FNDA:9,(anonymous_1)
FNDA:6,(anonymous_2)
FNDA:12,(anonymous_3)
FNDA:6,(anonymous_4)
FNDA:0,(anonymous_5)
FNDA:6,(anonymous_6)
FNDA:3,(anonymous_7)
FNDA:0,(anonymous_8)
FNDA:0,(anonymous_9)
FNDA:0,(anonymous_10)
FNDA:0,(anonymous_11)
FNDA:18,(anonymous_12)
FNDA:0,(anonymous_13)
FNDA:0,(anonymous_14)
FNDA:24,(anonymous_15)
FNDA:0,(anonymous_16)
FNDA:0,(anonymous_17)
FNDA:0,(anonymous_18)
FNDA:0,(anonymous_19)
DA:28,9
DA:57,18
DA:58,18
DA:59,18
DA:60,18
DA:62,18
DA:65,18
DA:67,18
DA:68,12
DA:69,0
DA:70,0
DA:75,18
DA:76,6
DA:78,6
DA:79,1
DA:80,0
DA:83,6
DA:87,18
DA:93,18
DA:94,3
DA:95,0
DA:97,3
DA:99,0
DA:100,0
DA:105,18
DA:107,18
DA:109,15
DA:111,0
DA:113,0
DA:118,15
DA:119,0
DA:120,0
DA:126,18
DA:127,18
DA:129,18
DA:130,0
DA:131,0
DA:133,18
DA:134,18
DA:137,18
DA:138,18
DA:142,18
DA:153,0
DA:183,0
DA:202,18
DA:209,24
DA:216,9
DA:253,9
LF:48
LH:34
BRDA:63,0,0,6
BRDA:63,0,1,12
BRDA:68,1,0,0
BRDA:68,1,1,12
BRDA:68,2,0,12
BRDA:68,2,1,12
BRDA:69,3,0,0
BRDA:69,3,1,0
BRDA:76,4,0,2
BRDA:76,4,1,4
BRDA:78,5,0,1
BRDA:78,5,1,5
BRDA:94,6,0,0
BRDA:94,6,1,3
BRDA:94,7,0,3
BRDA:94,7,1,3
BRDA:97,8,0,3
BRDA:97,8,1,0
BRDA:107,9,0,15
BRDA:107,9,1,3
BRDA:111,10,0,3
BRDA:111,10,1,12
BRDA:114,11,0,3
BRDA:114,11,1,12
BRDA:118,12,0,0
BRDA:118,12,1,15
BRDA:118,13,0,15
BRDA:118,13,1,12
BRDA:120,14,0,0
BRDA:120,14,1,0
BRDA:129,15,0,0
BRDA:129,15,1,18
BRDA:143,16,0,18
BRDA:143,16,1,0
BRDA:149,17,0,18
BRDA:149,17,1,3
BRDA:181,18,0,18
BRDA:181,18,1,3
BRDA:181,18,2,3
BRDA:183,19,0,3
BRDA:183,19,1,0
BRDA:186,20,0,18
BRDA:186,20,1,3
BRDA:186,20,2,3
BRDA:207,21,0,0
BRDA:207,21,1,18
BRF:46
BRH:34
end_of_record
TN:
SF:components\molecules\ChatItem\styles.js
FN:8,(anonymous_0)
FN:78,(anonymous_1)
FNF:2
FNH:2
FNDA:13,(anonymous_0)
FNDA:20,(anonymous_1)
DA:5,9
DA:8,13
DA:69,9
DA:73,9
DA:77,9
DA:78,20
DA:82,9
DA:85,9
LF:8
LH:8
BRF:0
BRH:0
end_of_record
TN:
SF:components\molecules\ChatItems\index.js
FN:6,(anonymous_0)
FN:152,(anonymous_1)
FN:154,(anonymous_2)
FN:155,(anonymous_3)
FN:156,(anonymous_4)
FN:157,(anonymous_5)
FN:160,(anonymous_6)
FN:164,(anonymous_7)
FN:165,(anonymous_8)
FNF:9
FNH:1
FNDA:1,(anonymous_0)
FNDA:0,(anonymous_1)
FNDA:0,(anonymous_2)
FNDA:0,(anonymous_3)
FNDA:0,(anonymous_4)
FNDA:0,(anonymous_5)
FNDA:0,(anonymous_6)
FNDA:0,(anonymous_7)
FNDA:0,(anonymous_8)
DA:6,9
DA:32,1
DA:86,9
DA:148,9
LF:4
LH:4
BRDA:34,0,0,1
BRDA:34,0,1,0
BRF:2
BRH:1
end_of_record
TN:
SF:components\molecules\ChatListDateLabel\index.js
FN:11,(anonymous_0)
FNF:1
FNH:1
FNDA:6,(anonymous_0)
DA:11,10
DA:12,6
DA:13,6
DA:26,10
DA:30,10
LF:5
LH:5
BRDA:12,0,0,1
BRDA:12,0,1,5
BRF:2
BRH:2
end_of_record
TN:
SF:components\molecules\ChatListDateLabel\styles.js
FN:13,(anonymous_0)
FNF:1
FNH:1
FNDA:6,(anonymous_0)
DA:3,10
DA:13,6
DA:16,10
DA:24,10
LF:4
LH:4
BRF:0
BRH:0
end_of_record
TN:
SF:components\molecules\ChatSubmitBox\index.js
FN:14,(anonymous_0)
FN:31,(anonymous_1)
FN:39,(anonymous_2)
FN:43,(anonymous_3)
FN:54,(anonymous_4)
FN:57,(anonymous_5)
FN:118,(anonymous_6)
FN:148,(anonymous_7)
FN:150,(anonymous_8)
FN:152,(anonymous_9)
FN:153,(anonymous_10)
FNF:11
FNH:4
FNDA:2,(anonymous_0)
FNDA:2,(anonymous_1)
FNDA:2,(anonymous_2)
FNDA:1,(anonymous_3)
FNDA:0,(anonymous_4)
FNDA:0,(anonymous_5)
FNDA:0,(anonymous_6)
FNDA:0,(anonymous_7)
FNDA:0,(anonymous_8)
FNDA:0,(anonymous_9)
FNDA:0,(anonymous_10)
DA:14,9
DA:27,2
DA:28,2
DA:29,2
DA:31,2
DA:32,2
DA:33,0
DA:35,2
DA:39,2
DA:40,2
DA:41,2
DA:42,2
DA:44,1
DA:45,1
DA:46,1
DA:48,0
DA:54,2
DA:55,0
DA:57,2
DA:58,0
DA:59,0
DA:60,0
DA:62,0
DA:63,0
DA:64,0
DA:65,0
DA:66,0
DA:67,0
DA:69,0
DA:72,0
DA:73,0
DA:75,0
DA:78,2
DA:119,0
DA:120,0
DA:121,0
DA:130,9
DA:146,9
LF:38
LH:19
BRDA:32,0,0,0
BRDA:32,0,1,2
BRDA:45,1,0,1
BRDA:45,1,1,0
BRDA:45,2,0,1
BRDA:45,2,1,1
BRDA:59,3,0,0
BRDA:59,3,1,0
BRDA:62,4,0,0
BRDA:62,4,1,0
BRDA:65,5,0,0
BRDA:65,5,1,0
BRDA:65,6,0,0
BRDA:65,6,1,0
BRDA:72,7,0,0
BRDA:72,7,1,0
BRDA:81,8,0,2
BRDA:81,8,1,2
BRDA:98,9,0,2
BRDA:98,9,1,0
BRDA:101,10,0,2
BRDA:101,10,1,0
BRDA:104,11,0,2
BRDA:104,11,1,2
BRDA:104,11,2,1
BRDA:117,12,0,0
BRDA:117,12,1,2
BRDA:119,13,0,0
BRDA:119,13,1,0
BRF:29
BRH:12
end_of_record
TN:
SF:components\molecules\ChatSubmitBox\styles.js
FN:29,(anonymous_0)
FN:30,(anonymous_1)
FNF:2
FNH:2
FNDA:2,(anonymous_0)
FNDA:2,(anonymous_1)
DA:7,9
DA:17,9
DA:24,9
DA:29,2
DA:30,2
DA:33,9
LF:6
LH:6
BRDA:29,0,0,1
BRDA:29,0,1,1
BRDA:30,1,0,2
BRDA:30,1,1,0
BRF:4
BRH:3
end_of_record
TN:
SF:components\molecules\CommentItems\index.js
FN:7,(anonymous_0)
FN:33,(anonymous_1)
FN:64,(anonymous_2)
FN:171,(anonymous_3)
FN:174,(anonymous_4)
FN:175,(anonymous_5)
FN:176,(anonymous_6)
FN:177,(anonymous_7)
FN:181,(anonymous_8)
FN:182,(anonymous_9)
FNF:10
FNH:4
FNDA:5,(anonymous_0)
FNDA:5,(anonymous_1)
FNDA:0,(anonymous_2)
FNDA:0,(anonymous_3)
FNDA:0,(anonymous_4)
FNDA:0,(anonymous_5)
FNDA:0,(anonymous_6)
FNDA:0,(anonymous_7)
FNDA:4,(anonymous_8)
FNDA:4,(anonymous_9)
DA:7,9
DA:30,5
DA:32,5
DA:33,5
DA:34,5
DA:35,5
DA:36,5
DA:38,5
DA:39,5
DA:41,5
DA:42,5
DA:44,5
DA:64,0
DA:122,9
DA:170,9
LF:15
LH:14
BRDA:46,0,0,5
BRDA:46,0,1,5
BRDA:49,1,0,5
BRDA:49,1,1,0
BRDA:49,1,2,0
BRDA:61,2,0,5
BRDA:61,2,1,0
BRDA:64,3,0,0
BRDA:64,3,1,0
BRDA:73,4,0,0
BRDA:73,4,1,0
BRDA:86,5,0,5
BRDA:86,5,1,5
BRDA:86,5,2,5
BRDA:102,6,0,5
BRDA:102,6,1,5
BRF:16
BRH:9
end_of_record
TN:
SF:components\molecules\CompareCard\index.js
FN:17,(anonymous_0)
FN:27,(anonymous_1)
FN:50,(anonymous_2)
FN:107,(anonymous_3)
FN:108,(anonymous_4)
FNF:5
FNH:2
FNDA:65,(anonymous_0)
FNDA:0,(anonymous_1)
FNDA:177,(anonymous_2)
FNDA:0,(anonymous_3)
FNDA:0,(anonymous_4)
DA:17,11
DA:27,65
DA:28,0
DA:32,65
DA:38,65
DA:43,65
DA:52,177
DA:53,177
DA:58,59
DA:61,177
DA:62,177
DA:63,59
DA:66,118
DA:91,11
DA:102,11
LF:15
LH:14
BRDA:45,0,0,65
BRDA:45,0,1,16
BRDA:46,1,0,16
BRDA:46,1,1,49
BRDA:48,2,0,65
BRDA:48,2,1,46
BRDA:53,3,0,59
BRDA:53,3,1,118
BRDA:53,4,0,177
BRDA:53,4,1,118
BRDA:53,4,2,118
BRDA:53,4,3,118
BRDA:58,5,0,0
BRDA:58,5,1,59
BRDA:62,6,0,59
BRDA:62,6,1,118
BRDA:68,7,0,59
BRDA:68,7,1,59
BRDA:70,8,0,42
BRDA:70,8,1,17
BRDA:75,9,0,0
BRDA:75,9,1,59
BRDA:77,10,0,59
BRDA:77,10,1,59
BRDA:80,11,0,59
BRDA:80,11,1,0
BRF:26
BRH:23
end_of_record
TN:
SF:components\molecules\CompareCard\styles.js
FN:9,(anonymous_0)
FN:11,(anonymous_1)
FNF:2
FNH:2
FNDA:65,(anonymous_0)
FNDA:65,(anonymous_1)
DA:8,11
DA:9,65
DA:11,65
DA:25,11
DA:36,11
DA:48,11
DA:53,11
DA:58,11
LF:8
LH:8
BRF:0
BRH:0
end_of_record
TN:
SF:components\molecules\CompareCardImage\index.js
FN:6,(anonymous_0)
FN:30,(anonymous_1)
FNF:2
FNH:1
FNDA:60,(anonymous_0)
FNDA:0,(anonymous_1)
DA:6,12
DA:14,60
DA:21,12
DA:28,12
LF:4
LH:4
BRF:0
BRH:0
end_of_record
TN:
SF:components\molecules\CompareItemSelector\index.js
FN:9,(anonymous_0)
FN:25,(anonymous_1)
FN:34,(anonymous_2)
FN:50,(anonymous_3)
FN:73,(anonymous_4)
FNF:5
FNH:1
FNDA:22,(anonymous_0)
FNDA:0,(anonymous_1)
FNDA:0,(anonymous_2)
FNDA:0,(anonymous_3)
FNDA:0,(anonymous_4)
DA:9,10
DA:10,22
DA:12,22
DA:13,0
DA:16,22
DA:26,0
DA:27,0
DA:29,0
DA:35,0
DA:36,0
DA:50,0
DA:58,10
DA:69,10
LF:13
LH:6
BRDA:12,0,0,0
BRDA:12,0,1,22
BRDA:12,1,0,22
BRDA:12,1,1,0
BRDA:12,1,2,0
BRDA:18,2,0,22
BRDA:18,2,1,0
BRDA:19,3,0,0
BRDA:19,3,1,22
BRDA:26,4,0,0
BRDA:26,4,1,0
BRDA:35,5,0,0
BRDA:35,5,1,0
BRDA:39,6,0,22
BRDA:39,6,1,0
BRDA:49,7,0,22
BRDA:49,7,1,0
BRF:17
BRH:6
end_of_record
TN:
SF:components\molecules\CompareItemSelector\styles.js
FN:40,(anonymous_0)
FN:41,(anonymous_1)
FN:43,(anonymous_2)
FN:46,(anonymous_3)
FN:47,(anonymous_4)
FNF:5
FNH:5
FNDA:22,(anonymous_0)
FNDA:22,(anonymous_1)
FNDA:22,(anonymous_2)
FNDA:22,(anonymous_3)
FNDA:22,(anonymous_4)
DA:16,10
DA:23,10
DA:30,10
DA:34,10
DA:39,10
DA:40,22
DA:41,22
DA:43,22
DA:46,22
DA:47,22
LF:10
LH:10
BRDA:41,0,0,22
BRDA:41,0,1,0
BRF:2
BRH:1
end_of_record
TN:
SF:components\molecules\CompareModalItemSelector\index.js
FN:8,(anonymous_0)
FN:22,(anonymous_1)
FN:31,(anonymous_2)
FN:61,(anonymous_3)
FNF:4
FNH:0
FNDA:0,(anonymous_0)
FNDA:0,(anonymous_1)
FNDA:0,(anonymous_2)
FNDA:0,(anonymous_3)
DA:8,9
DA:9,0
DA:11,0
DA:12,0
DA:15,0
DA:23,0
DA:24,0
DA:26,0
DA:32,0
DA:33,0
DA:48,9
DA:58,9
LF:12
LH:3
BRDA:11,0,0,0
BRDA:11,0,1,0
BRDA:11,1,0,0
BRDA:11,1,1,0
BRDA:11,1,2,0
BRDA:23,2,0,0
BRDA:23,2,1,0
BRDA:29,3,0,0
BRDA:29,3,1,0
BRDA:32,4,0,0
BRDA:32,4,1,0
BRDA:36,5,0,0
BRDA:36,5,1,0
BRF:13
BRH:0
end_of_record
TN:
SF:components\molecules\CompareModalItemSelector\styles.js
FN:69,(anonymous_0)
FNF:1
FNH:0
FNDA:0,(anonymous_0)
DA:18,9
DA:25,9
DA:49,9
DA:55,9
DA:59,9
DA:69,0
DA:72,9
LF:7
LH:6
BRDA:69,0,0,0
BRDA:69,0,1,0
BRF:2
BRH:0
end_of_record
TN:
SF:components\molecules\CompareToolBar\index.js
FN:28,(anonymous_0)
FN:115,(anonymous_1)
FN:116,(anonymous_2)
FN:117,(anonymous_3)
FN:118,(anonymous_4)
FNF:5
FNH:1
FNDA:8,(anonymous_0)
FNDA:0,(anonymous_1)
FNDA:0,(anonymous_2)
FNDA:0,(anonymous_3)
FNDA:0,(anonymous_4)
DA:28,10
DA:39,8
DA:102,10
DA:112,10
LF:4
LH:4
BRDA:74,0,0,7
BRDA:74,0,1,1
BRDA:74,1,0,8
BRDA:74,1,1,4
BRF:4
BRH:4
end_of_record
TN:
SF:components\molecules\CompareToolBar\styles.js
FNF:0
FNH:0
DA:7,10
DA:15,10
DA:22,10
DA:29,10
DA:42,10
DA:49,10
DA:65,10
DA:70,10
DA:77,10
DA:84,10
DA:92,10
DA:99,10
DA:102,10
DA:105,10
DA:112,10
DA:116,10
DA:130,10
LF:17
LH:17
BRF:0
BRH:0
end_of_record
TN:
SF:components\molecules\CompareViewModal\index.js
FN:14,(anonymous_0)
FN:30,(anonymous_1)
FN:41,(anonymous_2)
FN:58,(anonymous_3)
FN:81,(anonymous_4)
FN:82,(anonymous_5)
FN:84,(anonymous_6)
FNF:7
FNH:1
FNDA:5,(anonymous_0)
FNDA:0,(anonymous_1)
FNDA:0,(anonymous_2)
FNDA:0,(anonymous_3)
FNDA:0,(anonymous_4)
FNDA:0,(anonymous_5)
FNDA:0,(anonymous_6)
DA:14,9
DA:16,5
DA:30,0
DA:41,0
DA:58,0
DA:68,9
DA:78,9
LF:7
LH:4
BRDA:30,0,0,0
BRDA:30,0,1,0
BRDA:54,1,0,0
BRDA:54,1,1,5
BRF:4
BRH:1
end_of_record
TN:
SF:components\molecules\CompareViewModal\styles.js
FNF:0
FNH:0
DA:7,9
DA:11,9
DA:16,9
DA:22,9
DA:29,9
DA:33,9
DA:37,9
DA:98,9
LF:8
LH:8
BRF:0
BRH:0
end_of_record
TN:
SF:components\molecules\ComparisonGrid\GridHeaderCell.js
FN:5,(anonymous_0)
FN:6,(anonymous_1)
FN:9,(anonymous_2)
FN:12,(anonymous_3)
FNF:4
FNH:4
FNDA:190,(anonymous_0)
FNDA:20,(anonymous_1)
FNDA:84,(anonymous_2)
FNDA:86,(anonymous_3)
DA:5,10
DA:6,190
DA:7,20
DA:9,190
DA:10,84
DA:12,190
DA:13,86
DA:16,190
DA:17,170
DA:18,86
DA:19,86
DA:22,0
LF:12
LH:11
BRDA:10,0,0,84
BRDA:10,0,1,0
BRDA:16,1,0,20
BRDA:16,1,1,170
BRDA:17,2,0,84
BRDA:17,2,1,86
BRDA:18,3,0,86
BRDA:18,3,1,0
BRDA:18,4,0,86
BRDA:18,4,1,64
BRF:10
BRH:8
end_of_record
TN:
SF:components\molecules\ComparisonGrid\index.js
FN:28,(anonymous_0)
FN:57,(anonymous_1)
FN:61,(anonymous_2)
FN:66,(anonymous_3)
FN:73,(anonymous_4)
FN:77,(anonymous_5)
FN:80,(anonymous_6)
FN:101,(anonymous_7)
FN:106,(anonymous_8)
FN:109,(anonymous_9)
FN:118,(anonymous_10)
FN:136,(anonymous_11)
FN:155,(anonymous_12)
FN:171,(anonymous_13)
FN:181,(anonymous_14)
FN:183,(anonymous_15)
FN:191,(anonymous_16)
FN:202,(anonymous_17)
FN:219,(anonymous_18)
FN:229,(anonymous_19)
FN:242,(anonymous_20)
FN:249,(anonymous_21)
FN:281,(anonymous_22)
FN:289,(anonymous_23)
FN:294,(anonymous_24)
FN:313,(anonymous_25)
FN:348,(anonymous_26)
FNF:27
FNH:26
FNDA:20,(anonymous_0)
FNDA:10,(anonymous_1)
FNDA:20,(anonymous_2)
FNDA:20,(anonymous_3)
FNDA:80,(anonymous_4)
FNDA:22,(anonymous_5)
FNDA:22,(anonymous_6)
FNDA:64,(anonymous_7)
FNDA:64,(anonymous_8)
FNDA:64,(anonymous_9)
FNDA:0,(anonymous_10)
FNDA:64,(anonymous_11)
FNDA:18,(anonymous_12)
FNDA:2,(anonymous_13)
FNDA:544,(anonymous_14)
FNDA:396,(anonymous_15)
FNDA:10,(anonymous_16)
FNDA:9,(anonymous_17)
FNDA:18,(anonymous_18)
FNDA:36,(anonymous_19)
FNDA:108,(anonymous_20)
FNDA:424,(anonymous_21)
FNDA:162,(anonymous_22)
FNDA:190,(anonymous_23)
FNDA:162,(anonymous_24)
FNDA:1,(anonymous_25)
FNDA:1012,(anonymous_26)
DA:28,10
DA:55,20
DA:57,20
DA:58,10
DA:61,20
DA:62,20
DA:67,20
DA:73,20
DA:74,80
DA:78,22
DA:81,22
DA:96,80
DA:99,20
DA:101,20
DA:102,64
DA:107,64
DA:110,64
DA:118,0
DA:126,64
DA:127,64
DA:130,64
DA:131,64
DA:137,64
DA:145,20
DA:146,80
DA:147,80
DA:149,80
DA:150,60
DA:156,18
DA:164,20
DA:166,2
DA:172,2
DA:179,20
DA:180,64
DA:181,544
DA:182,58
DA:183,396
DA:188,20
DA:191,20
DA:192,10
DA:193,9
DA:194,9
DA:197,1
DA:198,1
DA:199,1
DA:201,1
DA:202,1
DA:203,9
DA:204,9
DA:206,9
DA:207,21
DA:208,21
DA:209,3
DA:210,3
DA:215,1
DA:219,20
DA:220,18
DA:222,18
DA:223,0
DA:226,18
DA:229,18
DA:230,36
DA:231,12
DA:236,24
DA:242,36
DA:243,108
DA:249,108
DA:250,424
DA:251,424
DA:252,424
DA:255,108
DA:259,18
DA:262,20
DA:263,20
DA:264,20
DA:266,20
DA:282,162
DA:290,190
DA:295,162
DA:296,162
DA:298,12
DA:313,1
DA:324,18
DA:331,24
DA:346,108
DA:349,1012
DA:350,1012
DA:351,32
DA:354,980
DA:359,980
DA:381,10
DA:391,10
LF:92
LH:90
BRDA:87,0,0,22
BRDA:87,0,1,0
BRDA:117,1,0,64
BRDA:117,1,1,64
BRDA:117,1,2,18
BRDA:126,2,0,18
BRDA:126,2,1,46
BRDA:130,3,0,64
BRDA:130,3,1,0
BRDA:135,4,0,18
BRDA:135,4,1,46
BRDA:146,5,0,20
BRDA:146,5,1,60
BRDA:149,6,0,60
BRDA:149,6,1,20
BRDA:149,7,0,80
BRDA:149,7,1,60
BRDA:164,8,0,2
BRDA:164,8,1,18
BRDA:180,9,0,58
BRDA:180,9,1,6
BRDA:181,10,0,544
BRDA:181,10,1,116
BRDA:182,11,0,42
BRDA:182,11,1,16
BRDA:182,12,0,58
BRDA:182,12,1,42
BRDA:183,13,0,396
BRDA:183,13,1,42
BRDA:192,14,0,9
BRDA:192,14,1,1
BRDA:201,15,0,1
BRDA:201,15,1,0
BRDA:204,16,0,9
BRDA:204,16,1,8
BRDA:208,17,0,3
BRDA:208,17,1,18
BRDA:208,18,0,21
BRDA:208,18,1,18
BRDA:222,19,0,0
BRDA:222,19,1,18
BRDA:230,20,0,12
BRDA:230,20,1,24
BRDA:245,21,0,108
BRDA:245,21,1,108
BRDA:252,22,0,424
BRDA:252,22,1,424
BRDA:252,22,2,40
BRDA:264,23,0,18
BRDA:264,23,1,2
BRDA:271,24,0,10
BRDA:271,24,1,10
BRDA:278,25,0,0
BRDA:278,25,1,20
BRDA:296,26,0,12
BRDA:296,26,1,18
BRDA:296,26,2,24
BRDA:296,26,3,108
BRDA:309,27,0,12
BRDA:309,27,1,12
BRDA:350,28,0,32
BRDA:350,28,1,980
BRDA:354,29,0,16
BRDA:354,29,1,964
BRDA:355,30,0,980
BRDA:355,30,1,36
BRDA:355,30,2,32
BRF:67
BRH:62
end_of_record
TN:
SF:components\molecules\ComparisonGrid\styles.js
FN:265,(anonymous_0)
FN:269,(anonymous_1)
FNF:2
FNH:2
FNDA:22,(anonymous_0)
FNDA:36,(anonymous_1)
DA:45,10
DA:52,10
DA:59,10
DA:203,10
DA:221,10
DA:225,10
DA:229,10
DA:245,10
DA:251,10
DA:253,10
DA:260,10
DA:264,10
DA:265,22
DA:268,10
DA:269,36
DA:272,10
LF:16
LH:16
BRF:0
BRH:0
end_of_record
TN:
SF:components\molecules\ComparisonViewSelector\index.js
FN:10,(anonymous_0)
FN:11,(anonymous_1)
FN:13,(anonymous_2)
FN:28,(anonymous_3)
FN:36,(anonymous_4)
FN:40,(anonymous_5)
FN:66,(anonymous_6)
FN:67,(anonymous_7)
FNF:8
FNH:2
FNDA:19,(anonymous_0)
FNDA:0,(anonymous_1)
FNDA:0,(anonymous_2)
FNDA:0,(anonymous_3)
FNDA:67,(anonymous_4)
FNDA:0,(anonymous_5)
FNDA:0,(anonymous_6)
FNDA:0,(anonymous_7)
DA:10,11
DA:11,19
DA:12,0
DA:13,0
DA:15,0
DA:17,0
DA:19,19
DA:20,19
DA:28,0
DA:37,67
DA:40,0
DA:56,11
DA:63,11
LF:13
LH:7
BRDA:11,0,0,0
BRDA:12,1,0,0
BRDA:12,1,1,0
BRDA:15,2,0,0
BRDA:15,2,1,0
BRDA:26,3,0,19
BRDA:26,3,1,19
BRDA:26,3,2,1
BRDA:27,4,0,19
BRDA:27,4,1,19
BRDA:27,4,2,1
BRDA:28,5,0,0
BRDA:28,5,1,0
BRDA:37,6,0,67
BRDA:37,6,1,0
BRDA:40,7,0,0
BRDA:40,7,1,0
BRDA:48,8,0,18
BRDA:48,8,1,1
BRDA:48,9,0,18
BRDA:48,9,1,1
BRF:21
BRH:11
end_of_record
TN:
SF:components\molecules\ComparisonViewSelector\styles.js
FN:44,(anonymous_0)
FNF:1
FNH:1
FNDA:67,(anonymous_0)
DA:16,11
DA:31,11
DA:40,11
DA:44,67
DA:47,11
DA:55,11
DA:59,11
DA:65,11
DA:74,11
LF:9
LH:9
BRF:0
BRH:0
end_of_record
TN:
SF:components\molecules\ConfirmModal\index.js
FN:8,(anonymous_0)
FN:49,(anonymous_1)
FN:50,(anonymous_2)
FNF:3
FNH:1
FNDA:3,(anonymous_0)
FNDA:0,(anonymous_1)
FNDA:0,(anonymous_2)
DA:8,10
DA:18,3
DA:35,10
DA:46,10
LF:4
LH:4
BRF:0
BRH:0
end_of_record
TN:
SF:components\molecules\ConfirmModal\styles.js
FNF:0
FNH:0
DA:5,10
LF:1
LH:1
BRF:0
BRH:0
end_of_record
TN:
SF:components\molecules\InputField\index.js
FN:6,(anonymous_0)
FN:42,(anonymous_1)
FNF:2
FNH:1
FNDA:22,(anonymous_0)
FNDA:0,(anonymous_1)
DA:6,10
DA:16,22
DA:30,10
DA:39,10
LF:4
LH:4
BRDA:21,0,0,22
BRDA:21,0,1,0
BRF:2
BRH:1
end_of_record
TN:
SF:components\molecules\InputField\styles.js
FNF:0
FNH:0
DA:5,10
LF:1
LH:1
BRF:0
BRH:0
end_of_record
TN:
SF:components\molecules\ModalPopup\index.js
FN:7,(anonymous_0)
FN:62,(anonymous_1)
FN:63,(anonymous_2)
FNF:3
FNH:1
FNDA:12,(anonymous_0)
FNDA:0,(anonymous_1)
FNDA:0,(anonymous_2)
DA:7,11
DA:17,12
DA:48,11
DA:59,11
LF:4
LH:4
BRF:0
BRH:0
end_of_record
TN:
SF:components\molecules\ModalPopup\styles.js
FNF:0
FNH:0
DA:23,11
DA:65,11
DA:70,11
DA:74,11
LF:4
LH:4
BRF:0
BRH:0
end_of_record
TN:
SF:components\molecules\ReplyItems\index.js
FN:8,(anonymous_0)
FN:33,(anonymous_1)
FN:146,(anonymous_2)
FN:147,(anonymous_3)
FN:148,(anonymous_4)
FN:149,(anonymous_5)
FN:150,(anonymous_6)
FN:151,(anonymous_7)
FNF:8
FNH:0
FNDA:0,(anonymous_0)
FNDA:0,(anonymous_1)
FNDA:0,(anonymous_2)
FNDA:0,(anonymous_3)
FNDA:0,(anonymous_4)
FNDA:0,(anonymous_5)
FNDA:0,(anonymous_6)
FNDA:0,(anonymous_7)
DA:8,9
DA:32,0
DA:33,0
DA:34,0
DA:35,0
DA:37,0
DA:38,0
DA:40,0
DA:42,0
DA:94,9
DA:143,9
LF:11
LH:3
BRDA:44,0,0,0
BRDA:44,0,1,0
BRDA:47,1,0,0
BRDA:47,1,1,0
BRDA:59,2,0,0
BRDA:59,2,1,0
BRDA:65,3,0,0
BRDA:65,3,1,0
BRDA:65,4,0,0
BRDA:65,4,1,0
BRDA:66,5,0,0
BRDA:66,5,1,0
BRDA:66,5,2,0
BRDA:67,6,0,0
BRDA:67,6,1,0
BRDA:67,6,2,0
BRDA:75,7,0,0
BRDA:75,7,1,0
BRDA:78,8,0,0
BRDA:78,8,1,0
BRF:20
BRH:0
end_of_record
TN:
SF:components\molecules\SaveComparisonModal\index.js
FN:8,(anonymous_0)
FN:14,(anonymous_1)
FN:24,(anonymous_2)
FN:33,(anonymous_3)
FN:35,(anonymous_4)
FN:39,(anonymous_5)
FN:65,(anonymous_6)
FN:66,(anonymous_7)
FNF:8
FNH:5
FNDA:10,(anonymous_0)
FNDA:2,(anonymous_1)
FNDA:2,(anonymous_2)
FNDA:1,(anonymous_3)
FNDA:0,(anonymous_4)
FNDA:1,(anonymous_5)
FNDA:0,(anonymous_6)
FNDA:0,(anonymous_7)
DA:8,10
DA:10,10
DA:11,10
DA:12,10
DA:14,10
DA:15,2
DA:16,0
DA:17,0
DA:19,2
DA:20,2
DA:24,10
DA:25,2
DA:26,2
DA:29,10
DA:33,1
DA:35,0
DA:39,1
DA:50,10
DA:60,10
LF:19
LH:16
BRDA:15,0,0,0
BRDA:15,0,1,2
BRDA:15,1,0,2
BRDA:15,1,1,0
BRF:4
BRH:2
end_of_record
TN:
SF:components\molecules\SaveComparisonModal\styles.js
FNF:0
FNH:0
DA:6,10
DA:12,10
DA:15,10
LF:3
LH:3
BRF:0
BRH:0
end_of_record
TN:
SF:components\organisms\ChatBox\index.js
FN:51,(anonymous_0)
FN:93,(anonymous_1)
FN:106,(anonymous_2)
FN:115,(anonymous_3)
FN:122,(anonymous_4)
FN:128,(anonymous_5)
FN:147,(anonymous_6)
FN:150,(anonymous_7)
FN:153,(anonymous_8)
FN:160,(anonymous_9)
FN:182,(anonymous_10)
FN:184,(anonymous_11)
FN:192,(anonymous_12)
FN:196,(anonymous_13)
FN:197,(anonymous_14)
FN:224,(anonymous_15)
FN:228,(anonymous_16)
FN:230,(anonymous_17)
FN:249,(anonymous_18)
FN:295,(anonymous_19)
FN:307,(anonymous_20)
FN:314,(anonymous_21)
FN:318,(anonymous_22)
FN:462,(anonymous_23)
FN:463,(anonymous_24)
FN:465,(anonymous_25)
FN:469,(anonymous_26)
FN:471,(anonymous_27)
FN:472,(anonymous_28)
FN:474,(anonymous_29)
FN:475,(anonymous_30)
FN:476,(anonymous_31)
FN:477,(anonymous_32)
FN:482,(anonymous_33)
FN:485,(anonymous_34)
FN:486,(anonymous_35)
FN:491,(anonymous_36)
FNF:37
FNH:8
FNDA:1,(anonymous_0)
FNDA:2,(anonymous_1)
FNDA:1,(anonymous_2)
FNDA:1,(anonymous_3)
FNDA:0,(anonymous_4)
FNDA:0,(anonymous_5)
FNDA:0,(anonymous_6)
FNDA:0,(anonymous_7)
FNDA:0,(anonymous_8)
FNDA:0,(anonymous_9)
FNDA:0,(anonymous_10)
FNDA:0,(anonymous_11)
FNDA:0,(anonymous_12)
FNDA:0,(anonymous_13)
FNDA:0,(anonymous_14)
FNDA:1,(anonymous_15)
FNDA:0,(anonymous_16)
FNDA:0,(anonymous_17)
FNDA:1,(anonymous_18)
FNDA:0,(anonymous_19)
FNDA:0,(anonymous_20)
FNDA:2,(anonymous_21)
FNDA:1,(anonymous_22)
FNDA:0,(anonymous_23)
FNDA:0,(anonymous_24)
FNDA:0,(anonymous_25)
FNDA:0,(anonymous_26)
FNDA:0,(anonymous_27)
FNDA:0,(anonymous_28)
FNDA:0,(anonymous_29)
FNDA:0,(anonymous_30)
FNDA:0,(anonymous_31)
FNDA:0,(anonymous_32)
FNDA:0,(anonymous_33)
FNDA:0,(anonymous_34)
FNDA:0,(anonymous_35)
FNDA:0,(anonymous_36)
DA:48,1
DA:51,1
DA:93,1
DA:94,2
DA:96,1
DA:97,1
DA:105,1
DA:107,1
DA:115,1
DA:116,1
DA:122,1
DA:123,0
DA:128,1
DA:129,0
DA:135,1
DA:136,1
DA:137,1
DA:138,1
DA:139,1
DA:140,1
DA:142,1
DA:144,1
DA:147,0
DA:150,0
DA:153,0
DA:157,1
DA:160,1
DA:161,0
DA:163,0
DA:165,0
DA:166,0
DA:167,0
DA:168,0
DA:170,0
DA:172,0
DA:173,0
DA:174,0
DA:175,0
DA:177,0
DA:182,1
DA:183,0
DA:184,0
DA:185,0
DA:186,0
DA:187,0
DA:192,1
DA:194,0
DA:197,0
DA:202,0
DA:224,1
DA:225,1
DA:226,1
DA:227,0
DA:228,0
DA:229,0
DA:230,0
DA:231,0
DA:232,0
DA:233,0
DA:234,0
DA:237,0
DA:239,0
DA:243,1
DA:244,1
DA:245,1
DA:246,1
DA:247,1
DA:249,1
DA:252,1
DA:253,0
DA:257,1
DA:258,0
DA:263,1
DA:264,0
DA:269,1
DA:270,1
DA:271,1
DA:276,1
DA:277,0
DA:283,1
DA:295,0
DA:307,0
DA:315,2
DA:319,1
DA:379,1
DA:458,1
LF:86
LH:45
BRDA:94,0,0,1
BRDA:94,0,1,1
BRDA:96,1,0,0
BRDA:96,1,1,1
BRDA:118,2,0,1
BRDA:118,2,1,0
BRDA:123,3,0,0
BRDA:123,3,1,0
BRDA:123,3,2,0
BRDA:129,4,0,0
BRDA:129,4,1,0
BRDA:129,4,2,0
BRDA:140,5,0,1
BRDA:140,5,1,1
BRDA:142,6,0,1
BRDA:142,6,1,1
BRDA:145,7,0,1
BRDA:145,7,1,0
BRDA:157,8,0,1
BRDA:157,8,1,1
BRDA:157,8,2,0
BRDA:157,8,3,0
BRDA:163,9,0,0
BRDA:163,9,1,0
BRDA:163,9,2,0
BRDA:165,10,0,0
BRDA:165,10,1,0
BRDA:167,11,0,0
BRDA:167,11,1,0
BRDA:172,12,0,0
BRDA:172,12,1,0
BRDA:174,13,0,0
BRDA:174,13,1,0
BRDA:183,14,0,0
BRDA:183,14,1,0
BRDA:183,15,0,0
BRDA:183,15,1,0
BRDA:185,16,0,0
BRDA:185,16,1,0
BRDA:196,17,0,0
BRDA:196,17,1,0
BRDA:225,18,0,1
BRDA:225,18,1,1
BRDA:225,18,2,0
BRDA:225,18,3,0
BRDA:226,19,0,0
BRDA:226,19,1,1
BRDA:227,20,0,0
BRDA:227,20,1,0
BRDA:232,21,0,0
BRDA:232,21,1,0
BRDA:232,22,0,0
BRDA:232,22,1,0
BRDA:234,23,0,0
BRDA:234,23,1,0
BRDA:234,24,0,0
BRDA:234,24,1,0
BRDA:252,25,0,0
BRDA:252,25,1,1
BRDA:252,26,0,1
BRDA:252,26,1,0
BRDA:257,27,0,0
BRDA:257,27,1,1
BRDA:257,28,0,1
BRDA:257,28,1,0
BRDA:263,29,0,0
BRDA:263,29,1,1
BRDA:263,30,0,1
BRDA:263,30,1,1
BRDA:263,30,2,1
BRDA:263,30,3,1
BRDA:269,31,0,1
BRDA:269,31,1,0
BRDA:269,32,0,1
BRDA:269,32,1,0
BRDA:269,32,2,1
BRDA:269,32,3,1
BRDA:269,32,4,0
BRDA:269,32,5,0
BRDA:270,33,0,1
BRDA:270,33,1,0
BRDA:276,34,0,0
BRDA:276,34,1,1
BRDA:276,35,0,1
BRDA:276,35,1,1
BRDA:286,36,0,1
BRDA:286,36,1,1
BRDA:286,36,2,1
BRDA:287,37,0,1
BRDA:287,37,1,0
BRDA:288,38,0,0
BRDA:288,38,1,0
BRDA:301,39,0,1
BRDA:301,39,1,0
BRDA:303,40,0,1
BRDA:303,40,1,1
BRDA:303,40,2,1
BRDA:303,40,3,1
BRDA:303,40,4,0
BRDA:303,40,5,0
BRDA:303,40,6,0
BRDA:303,40,7,0
BRDA:303,41,0,0
BRDA:303,41,1,0
BRDA:306,42,0,1
BRDA:306,42,1,0
BRDA:308,43,0,0
BRDA:308,43,1,0
BRDA:321,44,0,1
BRDA:321,44,1,1
BRDA:327,45,0,1
BRDA:327,45,1,0
BRDA:336,46,0,0
BRDA:336,46,1,0
BRDA:351,47,0,0
BRDA:351,47,1,0
BRDA:352,48,0,0
BRDA:352,48,1,0
BRDA:358,49,0,1
BRDA:358,49,1,0
BRDA:371,50,0,0
BRDA:371,50,1,0
BRDA:372,51,0,0
BRDA:372,51,1,0
BRF:124
BRH:45
end_of_record
TN:
SF:components\organisms\ChatBox\styles.js
FN:31,(anonymous_0)
FN:77,(anonymous_1)
FNF:2
FNH:1
FNDA:1,(anonymous_0)
FNDA:0,(anonymous_1)
DA:11,1
DA:20,1
DA:25,1
DA:30,1
DA:31,1
DA:34,1
DA:42,1
DA:49,1
DA:52,1
DA:61,1
DA:72,1
DA:77,0
DA:81,1
DA:97,1
DA:112,1
DA:117,1
DA:123,1
LF:17
LH:16
BRF:0
BRH:0
end_of_record
TN:
SF:components\organisms\Compare\index.js
FN:17,(anonymous_0)
FN:70,(anonymous_1)
FN:80,(anonymous_2)
FN:90,(anonymous_3)
FN:94,(anonymous_4)
FN:98,(anonymous_5)
FN:103,(anonymous_6)
FN:104,(anonymous_7)
FN:127,(anonymous_8)
FN:129,(anonymous_9)
FN:132,(anonymous_10)
FN:155,(anonymous_11)
FN:183,(anonymous_12)
FN:183,(anonymous_13)
FN:194,(anonymous_14)
FN:216,(anonymous_15)
FN:220,(anonymous_16)
FN:241,(anonymous_17)
FN:243,(anonymous_18)
FNF:19
FNH:3
FNDA:5,(anonymous_0)
FNDA:15,(anonymous_1)
FNDA:15,(anonymous_2)
FNDA:0,(anonymous_3)
FNDA:0,(anonymous_4)
FNDA:0,(anonymous_5)
FNDA:0,(anonymous_6)
FNDA:0,(anonymous_7)
FNDA:0,(anonymous_8)
FNDA:0,(anonymous_9)
FNDA:0,(anonymous_10)
FNDA:0,(anonymous_11)
FNDA:0,(anonymous_12)
FNDA:0,(anonymous_13)
FNDA:0,(anonymous_14)
FNDA:0,(anonymous_15)
FNDA:0,(anonymous_16)
FNDA:0,(anonymous_17)
FNDA:0,(anonymous_18)
DA:15,2
DA:17,2
DA:65,5
DA:66,5
DA:67,5
DA:70,5
DA:71,15
DA:78,5
DA:80,5
DA:81,15
DA:82,3
DA:90,5
DA:91,0
DA:94,5
DA:95,0
DA:98,5
DA:99,0
DA:104,0
DA:122,5
DA:127,0
DA:129,0
DA:132,0
DA:155,0
DA:183,0
DA:194,0
DA:217,0
DA:218,0
DA:220,0
DA:231,2
DA:239,2
LF:30
LH:17
BRDA:81,0,0,3
BRDA:81,0,1,12
BRDA:81,1,0,15
BRDA:81,1,1,3
BRDA:102,2,0,0
BRDA:102,2,1,0
BRDA:106,3,0,0
BRDA:106,3,1,0
BRDA:165,4,0,5
BRDA:165,4,1,5
BRDA:172,5,0,5
BRDA:172,5,1,5
BRDA:197,6,0,5
BRDA:197,6,1,1
BRDA:204,7,0,5
BRDA:204,7,1,1
BRDA:211,8,0,5
BRDA:211,8,1,1
BRF:18
BRH:14
end_of_record
TN:
SF:components\organisms\Compare\styles.js
FNF:0
FNH:0
DA:27,2
DA:35,2
DA:40,2
DA:54,2
DA:67,2
DA:83,2
DA:87,2
DA:101,2
LF:8
LH:8
BRF:0
BRH:0
end_of_record
TN:
SF:components\organisms\ConfirmationPopup\index.js
FN:9,(anonymous_0)
FNF:1
FNH:1
FNDA:2,(anonymous_0)
DA:19,2
DA:20,2
DA:62,1
DA:73,1
LF:4
LH:4
BRDA:48,0,0,2
BRDA:48,0,1,0
BRF:2
BRH:1
end_of_record
TN:
SF:components\organisms\ConfirmationPopup\styles.js
FNF:0
FNH:0
DA:8,1
DA:25,1
DA:31,1
DA:40,1
DA:47,1
LF:5
LH:5
BRF:0
BRH:0
end_of_record
TN:
SF:components\organisms\FilterPanel\index.js
FN:16,(anonymous_0)
FN:24,(anonymous_1)
FN:29,(anonymous_2)
FN:31,(anonymous_3)
FN:37,(anonymous_4)
FN:59,(anonymous_5)
FN:68,(anonymous_6)
FN:79,(anonymous_7)
FN:98,(anonymous_8)
FNF:9
FNH:4
FNDA:7,(anonymous_0)
FNDA:1,(anonymous_1)
FNDA:0,(anonymous_2)
FNDA:0,(anonymous_3)
FNDA:7,(anonymous_4)
FNDA:21,(anonymous_5)
FNDA:0,(anonymous_6)
FNDA:0,(anonymous_7)
FNDA:0,(anonymous_8)
DA:14,3
DA:17,7
DA:18,7
DA:20,7
DA:21,7
DA:25,1
DA:26,1
DA:32,0
DA:33,0
DA:34,0
DA:38,7
DA:60,21
DA:68,0
DA:79,0
DA:91,3
DA:96,3
LF:16
LH:11
BRDA:47,0,0,7
BRDA:47,0,1,7
BRDA:54,1,0,7
BRDA:54,1,1,0
BRDA:66,2,0,21
BRDA:66,2,1,21
BRDA:66,2,2,3
BRDA:66,2,3,3
BRDA:67,3,0,21
BRDA:67,3,1,21
BRDA:67,3,2,3
BRDA:68,4,0,0
BRDA:68,4,1,0
BRF:13
BRH:10
end_of_record
TN:
SF:components\organisms\FilterPanel\styles.js
FNF:0
FNH:0
DA:36,3
DA:38,3
DA:185,3
DA:257,3
DA:262,3
DA:269,3
DA:277,3
DA:289,3
LF:8
LH:8
BRF:0
BRH:0
end_of_record
TN:
SF:modules\chat\actionTypes.js
FNF:0
FNH:0
DA:1,1
DA:2,1
DA:3,1
DA:4,1
DA:5,1
DA:6,1
DA:7,1
DA:8,1
DA:9,1
DA:10,1
DA:11,1
DA:12,1
DA:13,1
DA:14,1
DA:15,1
DA:16,1
DA:17,1
DA:18,1
DA:19,1
DA:20,1
DA:21,1
DA:22,1
DA:23,1
DA:24,1
DA:25,1
DA:26,1
DA:27,1
DA:28,1
DA:29,1
DA:30,1
DA:31,1
DA:32,1
DA:33,1
LF:33
LH:33
BRF:0
BRH:0
end_of_record
TN:
SF:modules\chat\reducer.js
FN:3,(anonymous_0)
FNF:1
FNH:1
FNDA:23,(anonymous_0)
DA:3,1
DA:4,23
DA:6,1
DA:8,1
DA:10,1
DA:12,1
DA:14,1
DA:16,1
DA:24,1
DA:29,1
DA:31,1
DA:33,1
DA:35,1
DA:37,1
DA:39,1
DA:41,1
DA:43,1
DA:45,1
DA:47,1
DA:49,1
DA:51,1
DA:53,1
DA:55,1
DA:57,1
DA:59,1
LF:25
LH:25
BRDA:4,0,0,1
BRDA:4,0,1,1
BRDA:4,0,2,1
BRDA:4,0,3,1
BRDA:4,0,4,1
BRDA:4,0,5,1
BRDA:4,0,6,0
BRDA:4,0,7,0
BRDA:4,0,8,1
BRDA:4,0,9,1
BRDA:4,0,10,1
BRDA:4,0,11,1
BRDA:4,0,12,1
BRDA:4,0,13,0
BRDA:4,0,14,1
BRDA:4,0,15,1
BRDA:4,0,16,1
BRDA:4,0,17,1
BRDA:4,0,18,1
BRDA:4,0,19,1
BRDA:4,0,20,1
BRDA:4,0,21,1
BRDA:4,0,22,1
BRDA:4,0,23,1
BRDA:4,0,24,1
BRDA:4,0,25,1
BRDA:4,0,26,1
BRDA:4,0,27,1
BRDA:4,0,28,1
BRDA:4,0,29,1
BRDA:4,0,30,1
BRDA:4,0,31,1
BRDA:6,1,0,1
BRDA:6,1,1,0
BRDA:12,2,0,1
BRDA:12,2,1,0
BRF:36
BRH:31
end_of_record
TN:
SF:modules\chat\selectors.js
FNF:0
FNH:0
DA:1,2
LF:1
LH:1
BRF:0
BRH:0
end_of_record
TN:
SF:modules\compare\actionTypes.js
FNF:0
FNH:0
DA:1,1
DA:2,1
DA:3,1
DA:6,1
DA:7,1
DA:8,1
DA:10,1
DA:11,1
DA:13,1
DA:14,1
DA:15,1
DA:17,1
DA:19,1
DA:20,1
DA:22,1
DA:23,1
DA:25,1
DA:26,1
DA:27,1
DA:29,1
DA:30,1
DA:31,1
DA:32,1
DA:34,1
DA:35,1
DA:36,1
DA:37,1
DA:38,1
DA:39,1
LF:29
LH:29
BRF:0
BRH:0
end_of_record
TN:
SF:modules\compare\context.js
FN:17,(anonymous_0)
FN:19,(anonymous_1)
FN:22,(anonymous_2)
FN:30,(anonymous_3)
FN:53,(anonymous_4)
FN:71,(anonymous_5)
FN:93,(anonymous_6)
FN:105,(anonymous_7)
FN:127,(anonymous_8)
FN:131,(anonymous_9)
FN:135,(anonymous_10)
FN:158,(anonymous_11)
FN:169,(anonymous_12)
FN:180,(anonymous_13)
FN:186,(anonymous_14)
FN:191,(anonymous_15)
FN:200,(anonymous_16)
FN:211,(anonymous_17)
FN:217,(anonymous_18)
FN:222,(anonymous_19)
FN:227,(anonymous_20)
FN:232,(anonymous_21)
FNF:22
FNH:0
FNDA:0,(anonymous_0)
FNDA:0,(anonymous_1)
FNDA:0,(anonymous_2)
FNDA:0,(anonymous_3)
FNDA:0,(anonymous_4)
FNDA:0,(anonymous_5)
FNDA:0,(anonymous_6)
FNDA:0,(anonymous_7)
FNDA:0,(anonymous_8)
FNDA:0,(anonymous_9)
FNDA:0,(anonymous_10)
FNDA:0,(anonymous_11)
FNDA:0,(anonymous_12)
FNDA:0,(anonymous_13)
FNDA:0,(anonymous_14)
FNDA:0,(anonymous_15)
FNDA:0,(anonymous_16)
FNDA:0,(anonymous_17)
FNDA:0,(anonymous_18)
FNDA:0,(anonymous_19)
FNDA:0,(anonymous_20)
FNDA:0,(anonymous_21)
DA:17,1
DA:19,1
DA:20,0
DA:22,0
DA:23,0
DA:30,0
DA:31,0
DA:32,0
DA:33,0
DA:36,0
DA:37,0
DA:38,0
DA:40,0
DA:42,0
DA:43,0
DA:44,0
DA:45,0
DA:47,0
DA:49,0
DA:53,0
DA:54,0
DA:55,0
DA:56,0
DA:57,0
DA:60,0
DA:61,0
DA:62,0
DA:63,0
DA:64,0
DA:65,0
DA:66,0
DA:67,0
DA:68,0
DA:69,0
DA:70,0
DA:71,0
DA:74,0
DA:75,0
DA:89,0
DA:93,0
DA:94,0
DA:95,0
DA:96,0
DA:99,0
DA:100,0
DA:101,0
DA:102,0
DA:105,0
DA:107,0
DA:108,0
DA:109,0
DA:110,0
DA:113,0
DA:115,0
DA:116,0
DA:117,0
DA:118,0
DA:119,0
DA:121,0
DA:123,0
DA:127,0
DA:128,0
DA:131,0
DA:132,0
DA:133,0
DA:134,0
DA:136,0
DA:140,0
DA:142,0
DA:143,0
DA:144,0
DA:147,0
DA:148,0
DA:149,0
DA:151,0
DA:158,0
DA:159,0
DA:163,0
DA:164,0
DA:165,0
DA:166,0
DA:167,0
DA:168,0
DA:170,0
DA:171,0
DA:176,0
DA:178,0
DA:180,0
DA:181,0
DA:186,0
DA:187,0
DA:188,0
DA:189,0
DA:190,0
DA:191,0
DA:192,0
DA:193,0
DA:200,0
DA:201,0
DA:203,0
DA:205,0
DA:206,0
DA:207,0
DA:208,0
DA:210,0
DA:211,0
DA:212,0
DA:217,0
DA:218,0
DA:219,0
DA:220,0
DA:221,0
DA:222,0
DA:224,0
DA:227,0
DA:228,0
DA:229,0
DA:230,0
DA:231,0
DA:233,0
DA:234,0
DA:238,0
DA:241,0
LF:123
LH:2
BRDA:36,0,0,0
BRDA:36,0,1,0
BRDA:53,1,0,0
BRDA:53,2,0,0
BRDA:56,3,0,0
BRDA:56,3,1,0
BRDA:66,4,0,0
BRDA:66,4,1,0
BRDA:66,4,2,0
BRDA:69,5,0,0
BRDA:69,5,1,0
BRDA:107,6,0,0
BRDA:107,6,1,0
BRDA:107,6,2,0
BRDA:133,7,0,0
BRDA:133,7,1,0
BRDA:163,8,0,0
BRDA:163,8,1,0
BRDA:170,9,0,0
BRDA:170,9,1,0
BRDA:206,10,0,0
BRDA:206,10,1,0
BRDA:233,11,0,0
BRDA:233,11,1,0
BRF:24
BRH:0
end_of_record
TN:
SF:modules\compare\reducer.js
FN:3,(anonymous_0)
FNF:1
FNH:0
FNDA:0,(anonymous_0)
DA:3,1
DA:4,0
DA:6,0
DA:8,0
DA:10,0
DA:12,0
DA:14,0
DA:30,0
DA:32,0
DA:34,0
DA:37,0
DA:40,0
DA:42,0
DA:51,0
DA:53,0
DA:63,0
DA:65,0
DA:67,0
DA:69,0
DA:71,0
DA:73,0
DA:75,0
DA:77,0
DA:79,0
DA:85,0
DA:87,0
DA:89,0
DA:91,0
DA:93,0
DA:95,0
DA:97,0
LF:31
LH:1
BRDA:4,0,0,0
BRDA:4,0,1,0
BRDA:4,0,2,0
BRDA:4,0,3,0
BRDA:4,0,4,0
BRDA:4,0,5,0
BRDA:4,0,6,0
BRDA:4,0,7,0
BRDA:4,0,8,0
BRDA:4,0,9,0
BRDA:4,0,10,0
BRDA:4,0,11,0
BRDA:4,0,12,0
BRDA:4,0,13,0
BRDA:4,0,14,0
BRDA:4,0,15,0
BRDA:4,0,16,0
BRDA:4,0,17,0
BRDA:4,0,18,0
BRDA:4,0,19,0
BRDA:4,0,20,0
BRDA:4,0,21,0
BRDA:4,0,22,0
BRDA:4,0,23,0
BRDA:4,0,24,0
BRDA:4,0,25,0
BRDA:4,0,26,0
BRDA:4,0,27,0
BRDA:4,0,28,0
BRDA:4,0,29,0
BRDA:8,1,0,0
BRDA:8,1,1,0
BRF:32
BRH:0
end_of_record
TN:
SF:modules\compare\request.js
FN:6,(anonymous_0)
FN:11,(anonymous_1)
FN:15,(anonymous_2)
FN:20,(anonymous_3)
FN:24,(anonymous_4)
FN:28,(anonymous_5)
FNF:6
FNH:0
FNDA:0,(anonymous_0)
FNDA:0,(anonymous_1)
FNDA:0,(anonymous_2)
FNDA:0,(anonymous_3)
FNDA:0,(anonymous_4)
FNDA:0,(anonymous_5)
DA:4,1
DA:6,1
DA:7,0
DA:8,0
DA:11,1
DA:12,0
DA:15,1
DA:16,0
DA:17,0
DA:20,1
DA:21,0
DA:24,1
DA:25,0
DA:28,1
DA:29,0
LF:15
LH:7
BRDA:15,0,0,0
BRDA:20,1,0,0
BRDA:24,2,0,0
BRDA:28,3,0,0
BRF:4
BRH:0
end_of_record
TN:
SF:modules\compare\selectors.js
FNF:0
FNH:0
DA:1,1
LF:1
LH:1
BRF:0
BRH:0
end_of_record
TN:
SF:modules\compare\container\compare.js
FN:9,(anonymous_0)
FN:14,(anonymous_1)
FN:22,(anonymous_2)
FN:27,(anonymous_3)
FN:30,(anonymous_4)
FN:38,(anonymous_5)
FN:46,(anonymous_6)
FN:61,(anonymous_7)
FN:69,(anonymous_8)
FN:77,(anonymous_9)
FN:91,(anonymous_10)
FN:97,(anonymous_11)
FN:108,(anonymous_12)
FN:114,(anonymous_13)
FN:119,(anonymous_14)
FN:123,(anonymous_15)
FN:127,(anonymous_16)
FN:131,(anonymous_17)
FN:136,(anonymous_18)
FN:140,(anonymous_19)
FN:150,(anonymous_20)
FN:153,(anonymous_21)
FN:159,(anonymous_22)
FN:164,(anonymous_23)
FN:179,(anonymous_24)
FN:180,(anonymous_25)
FN:185,(anonymous_26)
FN:190,(anonymous_27)
FNF:28
FNH:7
FNDA:5,(anonymous_0)
FNDA:5,(anonymous_1)
FNDA:5,(anonymous_2)
FNDA:5,(anonymous_3)
FNDA:0,(anonymous_4)
FNDA:0,(anonymous_5)
FNDA:0,(anonymous_6)
FNDA:0,(anonymous_7)
FNDA:0,(anonymous_8)
FNDA:0,(anonymous_9)
FNDA:0,(anonymous_10)
FNDA:0,(anonymous_11)
FNDA:5,(anonymous_12)
FNDA:0,(anonymous_13)
FNDA:0,(anonymous_14)
FNDA:0,(anonymous_15)
FNDA:0,(anonymous_16)
FNDA:0,(anonymous_17)
FNDA:0,(anonymous_18)
FNDA:2,(anonymous_19)
FNDA:0,(anonymous_20)
FNDA:0,(anonymous_21)
FNDA:0,(anonymous_22)
FNDA:0,(anonymous_23)
FNDA:0,(anonymous_24)
FNDA:0,(anonymous_25)
FNDA:0,(anonymous_26)
FNDA:5,(anonymous_27)
DA:9,1
DA:11,5
DA:14,5
DA:15,5
DA:16,5
DA:17,5
DA:18,5
DA:19,0
DA:22,5
DA:23,5
DA:27,5
DA:30,5
DA:31,0
DA:32,0
DA:34,0
DA:35,0
DA:36,0
DA:38,0
DA:39,0
DA:42,0
DA:43,0
DA:44,0
DA:45,0
DA:47,0
DA:51,0
DA:52,0
DA:54,0
DA:56,0
DA:57,0
DA:61,5
DA:62,0
DA:63,0
DA:65,0
DA:66,0
DA:67,0
DA:69,0
DA:70,0
DA:73,0
DA:74,0
DA:75,0
DA:76,0
DA:78,0
DA:82,0
DA:83,0
DA:85,0
DA:87,0
DA:88,0
DA:91,5
DA:92,0
DA:93,0
DA:97,5
DA:98,0
DA:99,0
DA:108,5
DA:109,5
DA:110,1
DA:114,5
DA:115,0
DA:116,0
DA:119,5
DA:120,0
DA:123,5
DA:124,0
DA:127,5
DA:128,0
DA:131,5
DA:132,0
DA:133,0
DA:136,5
DA:137,0
DA:140,5
DA:141,2
DA:142,2
DA:143,2
DA:144,1
DA:145,1
DA:146,1
DA:150,5
DA:151,0
DA:153,5
DA:154,0
DA:155,0
DA:156,0
DA:159,5
DA:160,0
DA:161,0
DA:164,5
DA:165,0
DA:167,0
DA:168,0
DA:169,0
DA:170,0
DA:172,0
DA:173,0
DA:174,0
DA:176,0
DA:179,0
DA:180,0
DA:182,0
DA:185,5
DA:186,0
DA:190,5
DA:191,5
DA:192,2
DA:242,5
DA:253,1
DA:261,1
LF:107
LH:41
BRDA:18,0,0,0
BRDA:18,0,1,5
BRDA:32,1,0,0
BRDA:32,1,1,0
BRDA:51,2,0,0
BRDA:51,2,1,0
BRDA:63,3,0,0
BRDA:63,3,1,0
BRDA:82,4,0,0
BRDA:82,4,1,0
BRDA:98,5,0,0
BRDA:98,5,1,0
BRDA:109,6,0,1
BRDA:109,6,1,4
BRDA:143,7,0,1
BRDA:143,7,1,1
BRDA:143,8,0,2
BRDA:143,8,1,2
BRDA:145,9,0,1
BRDA:145,9,1,1
BRDA:160,10,0,0
BRDA:160,10,1,0
BRDA:167,11,0,0
BRDA:167,11,1,0
BRDA:172,12,0,0
BRDA:172,12,1,0
BRDA:191,13,0,2
BRDA:191,13,1,3
BRDA:215,14,0,2
BRDA:215,14,1,1
BRDA:215,14,2,1
BRDA:219,15,0,2
BRDA:219,15,1,2
BRDA:224,16,0,0
BRDA:224,16,1,2
BRDA:224,17,0,2
BRDA:224,17,1,2
BRDA:244,18,0,0
BRDA:244,18,1,5
BRF:39
BRH:20
end_of_record
TN:
SF:theme\index.js
FN:423,(anonymous_0)
FNF:1
FNH:0
FNDA:0,(anonymous_0)
DA:6,45
DA:7,45
DA:8,45
DA:10,45
DA:11,45
DA:12,45
DA:13,45
DA:14,45
DA:15,45
DA:17,45
DA:18,45
DA:19,45
DA:20,45
DA:21,45
DA:22,45
DA:23,45
DA:24,45
DA:26,45
DA:27,45
DA:28,45
DA:29,45
DA:30,45
DA:32,45
DA:33,45
DA:34,45
DA:35,45
DA:36,45
DA:38,45
DA:39,45
DA:40,45
DA:41,45
DA:42,45
DA:44,45
DA:45,45
DA:46,45
DA:47,45
DA:48,45
DA:49,45
DA:50,45
DA:51,45
DA:52,45
DA:54,45
DA:55,45
DA:56,45
DA:57,45
DA:58,45
DA:59,45
DA:61,45
DA:62,45
DA:64,45
DA:65,45
DA:66,45
DA:67,45
DA:68,45
DA:69,45
DA:70,45
DA:71,45
DA:72,45
DA:73,45
DA:75,45
DA:76,45
DA:77,45
DA:78,45
DA:79,45
DA:80,45
DA:82,45
DA:84,45
DA:85,45
DA:87,45
DA:88,45
DA:89,45
DA:90,45
DA:92,45
DA:93,45
DA:94,45
DA:96,45
DA:97,45
DA:98,45
DA:99,45
DA:100,45
DA:101,45
DA:102,45
DA:103,45
DA:104,45
DA:105,45
DA:106,45
DA:107,45
DA:108,45
DA:109,45
DA:110,45
DA:111,45
DA:112,45
DA:113,45
DA:114,45
DA:115,45
DA:116,45
DA:117,45
DA:118,45
DA:119,45
DA:120,45
DA:121,45
DA:122,45
DA:123,45
DA:124,45
DA:125,45
DA:126,45
DA:127,45
DA:128,45
DA:129,45
DA:130,45
DA:131,45
DA:132,45
DA:133,45
DA:134,45
DA:135,45
DA:136,45
DA:137,45
DA:138,45
DA:139,45
DA:140,45
DA:141,45
DA:142,45
DA:143,45
DA:144,45
DA:145,45
DA:146,45
DA:147,45
DA:148,45
DA:149,45
DA:150,45
DA:151,45
DA:152,45
DA:153,45
DA:154,45
DA:155,45
DA:156,45
DA:158,45
DA:159,45
DA:160,45
DA:161,45
DA:162,45
DA:163,45
DA:164,45
DA:166,45
DA:167,45
DA:168,45
DA:170,45
DA:278,45
DA:280,45
DA:308,45
DA:322,45
DA:388,45
DA:400,45
DA:406,45
DA:413,45
DA:423,45
LF:156
LH:156
BRF:0
BRH:0
end_of_record
TN:
SF:utils\ApiCaller.js
FN:6,(anonymous_0)
FN:15,(anonymous_1)
FN:35,(anonymous_2)
FNF:3
FNH:0
FNDA:0,(anonymous_0)
FNDA:0,(anonymous_1)
FNDA:0,(anonymous_2)
DA:2,1
DA:6,1
DA:7,0
DA:8,0
DA:9,0
DA:10,0
DA:12,0
DA:21,0
DA:29,0
DA:30,0
DA:31,0
DA:32,0
DA:33,0
DA:35,0
DA:36,0
DA:37,0
DA:40,0
LF:17
LH:2
BRDA:7,0,0,0
BRDA:7,0,1,0
BRDA:7,1,0,0
BRDA:7,1,1,0
BRDA:7,1,2,0
BRDA:7,1,3,0
BRDA:9,2,0,0
BRDA:9,2,1,0
BRDA:9,3,0,0
BRDA:9,3,1,0
BRDA:9,3,2,0
BRDA:19,4,0,0
BRDA:29,5,0,0
BRDA:29,5,1,0
BRF:14
BRH:0
end_of_record
TN:
SF:utils\FileIcons.js
FN:37,(anonymous_0)
FNF:1
FNH:1
FNDA:15,(anonymous_0)
DA:17,10
DA:37,15
LF:2
LH:2
BRDA:37,0,0,15
BRDA:37,0,1,0
BRF:2
BRH:1
end_of_record
TN:
SF:utils\HasRequiredPermission.js
FN:1,(anonymous_0)
FN:4,(anonymous_1)
FNF:2
FNH:2
FNDA:2,(anonymous_0)
FNDA:2,(anonymous_1)
DA:1,1
DA:2,2
DA:3,2
DA:5,2
DA:6,2
DA:10,2
LF:6
LH:6
BRDA:3,0,0,2
BRDA:3,0,1,2
BRDA:5,1,0,2
BRDA:5,1,1,0
BRDA:5,2,0,2
BRDA:5,2,1,2
BRF:6
BRH:5
end_of_record
TN:
SF:utils\HttpMethods.js
FNF:0
FNH:0
DA:1,1
DA:2,1
DA:3,1
DA:4,1
DA:5,1
LF:5
LH:5
BRF:0
BRH:0
end_of_record
TN:
SF:utils\commentTool.js
FN:3,isValidTime
FN:10,getTimeFromNow
FN:19,(anonymous_2)
FN:31,(anonymous_3)
FNF:4
FNH:4
FNDA:42,isValidTime
FNDA:24,getTimeFromNow
FNDA:18,(anonymous_2)
FNDA:6,(anonymous_3)
DA:5,42
DA:12,24
DA:14,24
DA:19,9
DA:20,18
DA:23,18
DA:24,18
DA:26,18
DA:31,9
LF:9
LH:9
BRDA:12,0,0,0
BRDA:12,0,1,24
BRDA:20,1,0,0
BRDA:20,1,1,18
BRF:4
BRH:2
end_of_record
TN:
SF:utils\constants.js
FNF:0
FNH:0
DA:3,28
DA:9,28
DA:15,28
DA:21,28
DA:27,28
DA:33,28
DA:38,28
DA:43,28
DA:48,28
DA:56,28
DA:60,28
DA:61,28
DA:62,28
DA:63,28
DA:65,28
DA:66,28
DA:68,28
DA:69,28
DA:70,28
DA:71,28
DA:72,28
DA:73,28
DA:74,28
DA:75,28
DA:76,28
DA:77,28
DA:80,28
DA:82,28
DA:92,28
DA:93,28
LF:30
LH:30
BRF:0
BRH:0
end_of_record
TN:
SF:utils\permissions.js
FNF:0
FNH:0
DA:1,1
DA:2,1
DA:3,1
DA:4,1
DA:5,1
DA:6,1
DA:7,1
DA:8,1
LF:8
LH:8
BRF:0
BRH:0
end_of_record
TN:
SF:utils\timestamp.js
FN:3,(anonymous_0)
FN:5,(anonymous_1)
FN:16,(anonymous_2)
FN:22,(anonymous_3)
FN:36,(anonymous_4)
FN:42,(anonymous_5)
FN:89,(anonymous_6)
FNF:7
FNH:5
FNDA:17,(anonymous_0)
FNDA:12,(anonymous_1)
FNDA:2,(anonymous_2)
FNDA:5,(anonymous_3)
FNDA:0,(anonymous_4)
FNDA:0,(anonymous_5)
FNDA:5,(anonymous_6)
DA:1,9
DA:2,9
DA:3,17
DA:5,9
DA:6,12
DA:7,12
DA:8,12
DA:9,12
DA:10,12
DA:11,12
DA:13,12
DA:16,9
DA:17,2
DA:18,2
DA:19,2
DA:22,9
DA:23,5
DA:24,5
DA:25,5
DA:26,5
DA:27,5
DA:28,5
DA:31,5
DA:32,5
DA:33,5
DA:36,9
DA:37,0
DA:38,0
DA:39,0
DA:42,9
DA:43,0
DA:44,0
DA:47,0
DA:50,0
DA:51,0
DA:52,0
DA:54,0
DA:55,0
DA:56,0
DA:58,0
DA:59,0
DA:60,0
DA:62,0
DA:63,0
DA:64,0
DA:66,0
DA:67,0
DA:68,0
DA:70,0
DA:71,0
DA:78,0
DA:79,0
DA:82,0
DA:83,0
DA:86,0
DA:89,9
DA:90,5
DA:91,5
DA:92,5
DA:93,5
DA:94,5
DA:96,5
DA:97,4
DA:98,2
DA:100,2
DA:101,1
DA:103,1
DA:107,5
LF:68
LH:40
BRDA:26,0,0,5
BRDA:26,0,1,0
BRDA:43,1,0,0
BRDA:43,1,1,0
BRDA:51,2,0,0
BRDA:51,2,1,0
BRDA:55,3,0,0
BRDA:55,3,1,0
BRDA:59,4,0,0
BRDA:59,4,1,0
BRDA:63,5,0,0
BRDA:63,5,1,0
BRDA:67,6,0,0
BRDA:67,6,1,0
BRDA:78,7,0,0
BRDA:78,7,1,0
BRDA:78,8,0,0
BRDA:78,8,1,0
BRDA:82,9,0,0
BRDA:82,9,1,0
BRDA:96,10,0,4
BRDA:96,10,1,1
BRDA:97,11,0,2
BRDA:97,11,1,2
BRDA:100,12,0,1
BRDA:100,12,1,1
BRF:26
BRH:7
end_of_record
TN:
SF:utils\utility.js
FN:4,(anonymous_0)
FN:5,(anonymous_1)
FN:8,(anonymous_2)
FN:22,(anonymous_3)
FN:26,(anonymous_4)
FN:31,(anonymous_5)
FN:40,(anonymous_6)
FN:42,(anonymous_7)
FN:48,(anonymous_8)
FN:65,(anonymous_9)
FN:67,(anonymous_10)
FN:73,(anonymous_11)
FN:74,(anonymous_12)
FN:83,(anonymous_13)
FN:85,(anonymous_14)
FNF:15
FNH:3
FNDA:0,(anonymous_0)
FNDA:0,(anonymous_1)
FNDA:18,(anonymous_2)
FNDA:0,(anonymous_3)
FNDA:0,(anonymous_4)
FNDA:0,(anonymous_5)
FNDA:0,(anonymous_6)
FNDA:0,(anonymous_7)
FNDA:0,(anonymous_8)
FNDA:5,(anonymous_9)
FNDA:5,(anonymous_10)
FNDA:0,(anonymous_11)
FNDA:0,(anonymous_12)
FNDA:0,(anonymous_13)
FNDA:0,(anonymous_14)
DA:5,0
DA:9,18
DA:10,12
DA:12,6
DA:13,9
DA:14,9
DA:15,9
DA:16,0
DA:19,6
DA:23,0
DA:24,0
DA:26,0
DA:27,0
DA:28,0
DA:29,0
DA:30,0
DA:31,0
DA:32,0
DA:34,0
DA:37,0
DA:41,0
DA:42,0
DA:43,0
DA:44,0
DA:49,0
DA:50,0
DA:51,0
DA:52,0
DA:53,0
DA:54,0
DA:56,0
DA:57,0
DA:59,0
DA:61,0
DA:66,5
DA:67,5
DA:68,5
DA:70,5
DA:74,0
DA:75,0
DA:76,0
DA:84,0
DA:85,0
DA:86,0
LF:44
LH:11
BRDA:5,0,0,0
BRDA:5,0,1,0
BRDA:9,1,0,12
BRDA:9,1,1,6
BRDA:9,2,0,18
BRDA:9,2,1,18
BRDA:23,3,0,0
BRDA:23,3,1,0
BRDA:23,4,0,0
BRDA:23,4,1,0
BRDA:30,5,0,0
BRDA:30,5,1,0
BRDA:44,6,0,0
BRDA:44,6,1,0
BRDA:48,7,0,0
BRDA:51,8,0,0
BRDA:51,8,1,0
BRDA:53,9,0,0
BRDA:53,9,1,0
BRDA:56,10,0,0
BRDA:56,10,1,0
BRF:21
BRH:4
end_of_record
